Sun May 06 17:26:11 EEST 2018
MaxEnt version 3.4.1
Checking header of D:\bioclim-asc\test.asc
Time since start: 2.443
Reading samples from dataset1-maxent.csv
Read samples: max memory 536870912, total allocated 134217728, free 77686504, used 56531224, increment 56531224
Converting file D:\bioclim-asc\test.asc size 24375380856, max memory = 536870912
Determining type of file test.asc
Time since start: 13.369
Writing file D:\bioclim-asc\maxent.cache\test.mxe
Time since start: 525.337
Extractor: max memory 536870912, total allocated 150994944, free 104701904, used 46293040, increment -10238184
Extracting random background and sample data
Warning: Sample at 17.1355111111111, 38.5257388888889 in dataset1-maxent.csv is missing some environmental data (e.g. test)
Warning: Skipping sample at 17.1355111111111, 38.5257388888889 which has no environmental data
Warning: Sample at 17.1355111111111, 38.5257388888889 in dataset1-maxent.csv is missing some environmental data (e.g. test)
Warning: Skipping sample at 17.1355111111111, 38.5257388888889 which has no environmental data
Warning: Sample at 17.1355111111111, 38.5257388888889 in dataset1-maxent.csv is missing some environmental data (e.g. test)
Warning: Skipping sample at 17.1355111111111, 38.5257388888889 which has no environmental data
Warning: Sample at 17.1355111111111, 38.5257388888889 in dataset1-maxent.csv is missing some environmental data (e.g. test)
Warning: Skipping sample at 17.1355111111111, 38.5257388888889 which has no environmental data
Warning: Sample at 17.1355111111111, 38.5257388888889 in dataset1-maxent.csv is missing some environmental data (e.g. test)
Warning: Skipping sample at 17.1355111111111, 38.5257388888889 which has no environmental data
Warning: Sample at 17.1355111111111, 38.5257388888889 in dataset1-maxent.csv is missing some environmental data (e.g. test)
Warning: Skipping sample at 17.1355111111111, 38.5257388888889 which has no environmental data
Warning: Sample at 17.1355111111111, 38.5257388888889 in dataset1-maxent.csv is missing some environmental data (e.g. test)
Warning: Skipping sample at 17.1355111111111, 38.5257388888889 which has no environmental data
Warning: Sample at 17.1355111111111, 38.5257388888889 in dataset1-maxent.csv is missing some environmental data (e.g. test)
Warning: Skipping sample at 17.1355111111111, 38.5257388888889 which has no environmental data
Warning: Sample at 15.6449944444444, 38.4880583333333 in dataset1-maxent.csv is missing some environmental data (e.g. test)
Warning: Skipping sample at 15.6449944444444, 38.4880583333333 which has no environmental data
Warning: Sample at 15.6449944444444, 38.4880583333333 in dataset1-maxent.csv is missing some environmental data (e.g. test)
Warning: Skipping sample at 15.6449944444444, 38.4880583333333 which has no environmental data
Warning: Sample at 15.6449944444444, 38.4880583333333 in dataset1-maxent.csv is missing some environmental data (e.g. test)
Warning: Skipping sample at 15.6449944444444, 38.4880583333333 which has no environmental data
Warning: Sample at 15.6449944444444, 38.4880583333333 in dataset1-maxent.csv is missing some environmental data (e.g. test)
Warning: Skipping sample at 15.6449944444444, 38.4880583333333 which has no environmental data
Warning: Sample at 15.6449944444444, 38.4880583333333 in dataset1-maxent.csv is missing some environmental data (e.g. test)
Warning: Skipping sample at 15.6449944444444, 38.4880583333333 which has no environmental data
Warning: Sample at 15.6449944444444, 38.4880583333333 in dataset1-maxent.csv is missing some environmental data (e.g. test)
Warning: Skipping sample at 15.6449944444444, 38.4880583333333 which has no environmental data
Warning: Sample at 15.6449944444444, 38.4880583333333 in dataset1-maxent.csv is missing some environmental data (e.g. test)
Warning: Skipping sample at 15.6449944444444, 38.4880583333333 which has no environmental data
Warning: Sample at 15.6449944444444, 38.4880583333333 in dataset1-maxent.csv is missing some environmental data (e.g. test)
Warning: Skipping sample at 15.6449944444444, 38.4880583333333 which has no environmental data
Warning: Sample at 126.512119444444, 37.3582166666667 in dataset1-maxent.csv is missing some environmental data (e.g. test)
Warning: Skipping sample at 126.512119444444, 37.3582166666667 which has no environmental data
Warning: Sample at 126.512119444444, 37.3582166666667 in dataset1-maxent.csv is missing some environmental data (e.g. test)
Warning: Skipping sample at 126.512119444444, 37.3582166666667 which has no environmental data
Warning: Sample at 126.512119444444, 37.3582166666667 in dataset1-maxent.csv is missing some environmental data (e.g. test)
Warning: Skipping sample at 126.512119444444, 37.3582166666667 which has no environmental data
Warning: Sample at 126.512119444444, 37.3582166666667 in dataset1-maxent.csv is missing some environmental data (e.g. test)
Warning: Skipping sample at 126.512119444444, 37.3582166666667 which has no environmental data
Warning: Sample at 126.512119444444, 37.3582166666667 in dataset1-maxent.csv is missing some environmental data (e.g. test)
Warning: Skipping sample at 126.512119444444, 37.3582166666667 which has no environmental data
Warning: Sample at 126.512119444444, 37.3582166666667 in dataset1-maxent.csv is missing some environmental data (e.g. test)
Warning: Skipping sample at 126.512119444444, 37.3582166666667 which has no environmental data
Warning: Sample at 126.512119444444, 37.3582166666667 in dataset1-maxent.csv is missing some environmental data (e.g. test)
Warning: Skipping sample at 126.512119444444, 37.3582166666667 which has no environmental data
Warning: Sample at 126.512119444444, 37.3582166666667 in dataset1-maxent.csv is missing some environmental data (e.g. test)
Warning: Skipping sample at 126.512119444444, 37.3582166666667 which has no environmental data
Warning: Sample at 126.512119444444, 37.3582166666667 in dataset1-maxent.csv is missing some environmental data (e.g. test)
Warning: Skipping sample at 126.512119444444, 37.3582166666667 which has no environmental data
Warning: Sample at 126.512119444444, 37.3582166666667 in dataset1-maxent.csv is missing some environmental data (e.g. test)
Warning: Skipping sample at 126.512119444444, 37.3582166666667 which has no environmental data
Warning: Sample at 126.512119444444, 37.3582166666667 in dataset1-maxent.csv is missing some environmental data (e.g. test)
Warning: Skipping sample at 126.512119444444, 37.3582166666667 which has no environmental data
Warning: Sample at 126.512119444444, 37.3582166666667 in dataset1-maxent.csv is missing some environmental data (e.g. test)
Warning: Skipping sample at 126.512119444444, 37.3582166666667 which has no environmental data
Warning: Sample at 126.512119444444, 37.3582166666667 in dataset1-maxent.csv is missing some environmental data (e.g. test)
Warning: Skipping sample at 126.512119444444, 37.3582166666667 which has no environmental data
Warning: Sample at 126.512119444444, 37.3582166666667 in dataset1-maxent.csv is missing some environmental data (e.g. test)
Warning: Skipping sample at 126.512119444444, 37.3582166666667 which has no environmental data
Warning: Sample at 126.512119444444, 37.3582166666667 in dataset1-maxent.csv is missing some environmental data (e.g. test)
Warning: Skipping sample at 126.512119444444, 37.3582166666667 which has no environmental data
Warning: Sample at 126.512119444444, 37.3582166666667 in dataset1-maxent.csv is missing some environmental data (e.g. test)
Warning: Skipping sample at 126.512119444444, 37.3582166666667 which has no environmental data
Warning: Sample at 126.512119444444, 37.3582166666667 in dataset1-maxent.csv is missing some environmental data (e.g. test)
Warning: Skipping sample at 126.512119444444, 37.3582166666667 which has no environmental data
Warning: Sample at 126.512119444444, 37.3582166666667 in dataset1-maxent.csv is missing some environmental data (e.g. test)
Warning: Skipping sample at 126.512119444444, 37.3582166666667 which has no environmental data
Warning: Sample at 126.512119444444, 37.3582166666667 in dataset1-maxent.csv is missing some environmental data (e.g. test)
Warning: Skipping sample at 126.512119444444, 37.3582166666667 which has no environmental data
Warning: Sample at 126.512119444444, 37.3582166666667 in dataset1-maxent.csv is missing some environmental data (e.g. test)
Warning: Skipping sample at 126.512119444444, 37.3582166666667 which has no environmental data
Warning: Sample at 126.512119444444, 37.3582166666667 in dataset1-maxent.csv is missing some environmental data (e.g. test)
Warning: Skipping sample at 126.512119444444, 37.3582166666667 which has no environmental data
Warning: Sample at 126.512119444444, 37.3582166666667 in dataset1-maxent.csv is missing some environmental data (e.g. test)
Warning: Skipping sample at 126.512119444444, 37.3582166666667 which has no environmental data
Warning: Sample at 126.512119444444, 37.3582166666667 in dataset1-maxent.csv is missing some environmental data (e.g. test)
Warning: Skipping sample at 126.512119444444, 37.3582166666667 which has no environmental data
Warning: Sample at 126.512119444444, 37.3582166666667 in dataset1-maxent.csv is missing some environmental data (e.g. test)
Warning: Skipping sample at 126.512119444444, 37.3582166666667 which has no environmental data
Warning: Sample at 126.512119444444, 37.3582166666667 in dataset1-maxent.csv is missing some environmental data (e.g. test)
Warning: Skipping sample at 126.512119444444, 37.3582166666667 which has no environmental data
Warning: Sample at 126.512119444444, 37.3582166666667 in dataset1-maxent.csv is missing some environmental data (e.g. test)
Warning: Skipping sample at 126.512119444444, 37.3582166666667 which has no environmental data
Warning: Sample at 126.512119444444, 37.3582166666667 in dataset1-maxent.csv is missing some environmental data (e.g. test)
Warning: Skipping sample at 126.512119444444, 37.3582166666667 which has no environmental data
Warning: Sample at 126.512119444444, 37.3582166666667 in dataset1-maxent.csv is missing some environmental data (e.g. test)
Warning: Skipping sample at 126.512119444444, 37.3582166666667 which has no environmental data
Warning: Sample at 126.512119444444, 37.3582166666667 in dataset1-maxent.csv is missing some environmental data (e.g. test)
Warning: Skipping sample at 126.512119444444, 37.3582166666667 which has no environmental data
Warning: Sample at 126.512119444444, 37.3582166666667 in dataset1-maxent.csv is missing some environmental data (e.g. test)
Warning: Skipping sample at 126.512119444444, 37.3582166666667 which has no environmental data
Time since start: 588.615
309278141 points with values for all grids
Adding samples to background in feature space
Command line used: 
Command line to repeat: java density.MaxEnt nowarnings noprefixes "outputdirectory=C:\A\D - Files - Senderov\Work\a-tumida-maxent\output" "samplesfile=C:\A\D - Files - Senderov\Work\a-tumida-maxent\data\dataset1-maxent.csv" environmentallayers=D:\bioclim-asc
Species: aetina_tumida
Layers: test
Layertypes: Continuous
outputdirectory: C:\A\D - Files - Senderov\Work\a-tumida-maxent\output
samplesfile: C:\A\D - Files - Senderov\Work\a-tumida-maxent\data\dataset1-maxent.csv
environmentallayers: D:\bioclim-asc

getSamples: max memory 536870912, total allocated 150994944, free 92842480, used 58152464, increment 11859424
Making features
makeFeatures: max memory 536870912, total allocated 150994944, free 92299136, used 58695808, increment 543344
aetina_tumida: 
Regularization values: linear/quadratic/product: 0.233, categorical: 0.250, threshold: 1.640, hinge: 0.500
36 samples
Density: max memory 536870912, total allocated 150994944, free 89174512, used 61820432, increment 3124624
linearPredictor: max memory 536870912, total allocated 150994944, free 89174512, used 61820432, increment 0
FeaturedSpace: max memory 536870912, total allocated 150994944, free 89174512, used 61820432, increment 0
Sequential: max memory 536870912, total allocated 150994944, free 89174512, used 61820432, increment 0
Initial loss: 9.212936997823448
160: time = 0,736000 loss = 6,967459
Resulting gain: 2.2454779818154993
Time since start: 590.543
Projecting...
Writing file C:\A\D - Files - Senderov\Work\a-tumida-maxent\output\aetina_tumida.asc
Time since start: 1134.979
Writing C:\A\D - Files - Senderov\Work\a-tumida-maxent\output\plots\aetina_tumida.png
Time since start: 1302.584
Ending
