Tue Aug 20 18:13:28 CEST 2019
MaxEnt version 3.4.1
Checking header of /home/viktor/Dropbox/Work/20p/a-tumida-sdd/env-var/bioclim_1.asc
Checking header of /home/viktor/Dropbox/Work/20p/a-tumida-sdd/env-var/bioclim_12.asc
Checking header of /home/viktor/Dropbox/Work/20p/a-tumida-sdd/env-var/bioclim_15.asc
Checking header of /home/viktor/Dropbox/Work/20p/a-tumida-sdd/env-var/bioclim_5.asc
Checking header of /home/viktor/Dropbox/Work/20p/a-tumida-sdd/env-var/bioclim_6.asc
Checking header of /home/viktor/Dropbox/Work/20p/a-tumida-sdd/env-var/soil-max.asc
Checking header of /home/viktor/Dropbox/Work/20p/a-tumida-sdd/env-var/soil-mean.asc
Checking header of /home/viktor/Dropbox/Work/20p/a-tumida-sdd/env-var/soil-min.asc
Reading samples from A-tumida-occurrences-World+Italy+GBIF.maxent
Read samples: max memory 477626368, total allocated 186122240, free 104112456, used 82009784, increment 26232600
Warning: Sample at 0.0, 0.0 in A-tumida-occurrences-World+Italy+GBIF.maxent is outside the bounding box of environmental data, skipping
Extractor: max memory 477626368, total allocated 186122240, free 95920984, used 90201256, increment 8191472
Extracting random background and sample data
Warning: Sample at -82.040714, 43.052709 in A-tumida-occurrences-World+Italy+GBIF.maxent is missing some environmental data (e.g. soil-max)
Warning: Skipping sample at -82.040714, 43.052709
Warning: Sample at -82.885759, 42.311797 in A-tumida-occurrences-World+Italy+GBIF.maxent is missing some environmental data (e.g. soil-max)
Warning: Skipping sample at -82.885759, 42.311797
Warning: Sample at -83.108698, 42.101378 in A-tumida-occurrences-World+Italy+GBIF.maxent is missing some environmental data (e.g. soil-max)
Warning: Skipping sample at -83.108698, 42.101378
Warning: Sample at -83.102477, 42.235541 in A-tumida-occurrences-World+Italy+GBIF.maxent is missing some environmental data (e.g. soil-max)
Warning: Skipping sample at -83.102477, 42.235541
Warning: Sample at -82.233038, 42.240958 in A-tumida-occurrences-World+Italy+GBIF.maxent is missing some environmental data (e.g. soil-max)
Warning: Skipping sample at -82.233038, 42.240958
Warning: Sample at 16.2213055555556, 39.1351194444444 in A-tumida-occurrences-World+Italy+GBIF.maxent is missing some environmental data (e.g. soil-max)
Warning: Skipping sample at 16.2213055555556, 39.1351194444444
Warning: Sample at 16.2213055555556, 39.1351194444444 in A-tumida-occurrences-World+Italy+GBIF.maxent is missing some environmental data (e.g. soil-max)
Warning: Skipping sample at 16.2213055555556, 39.1351194444444
Warning: Sample at 16.22195, 39.1356555555556 in A-tumida-occurrences-World+Italy+GBIF.maxent is missing some environmental data (e.g. soil-max)
Warning: Skipping sample at 16.22195, 39.1356555555556
Warning: Sample at 16.22195, 39.1356555555556 in A-tumida-occurrences-World+Italy+GBIF.maxent is missing some environmental data (e.g. soil-max)
Warning: Skipping sample at 16.22195, 39.1356555555556
Warning: Sample at 16.2480944444444, 39.1678638888889 in A-tumida-occurrences-World+Italy+GBIF.maxent is missing some environmental data (e.g. soil-max)
Warning: Skipping sample at 16.2480944444444, 39.1678638888889
Warning: Sample at 15.9357777777778, 38.5540361111111 in A-tumida-occurrences-World+Italy+GBIF.maxent is missing some environmental data (e.g. soil-max)
Warning: Skipping sample at 15.9357777777778, 38.5540361111111
Warning: Sample at 15.9357777777778, 38.5540361111111 in A-tumida-occurrences-World+Italy+GBIF.maxent is missing some environmental data (e.g. soil-max)
Warning: Skipping sample at 15.9357777777778, 38.5540361111111
Warning: Sample at 15.9357777777778, 38.5540361111111 in A-tumida-occurrences-World+Italy+GBIF.maxent is missing some environmental data (e.g. soil-max)
Warning: Skipping sample at 15.9357777777778, 38.5540361111111
Warning: Sample at 15.9357777777778, 38.5540361111111 in A-tumida-occurrences-World+Italy+GBIF.maxent is missing some environmental data (e.g. soil-max)
Warning: Skipping sample at 15.9357777777778, 38.5540361111111
Warning: Sample at 15.9357777777778, 38.5540361111111 in A-tumida-occurrences-World+Italy+GBIF.maxent is missing some environmental data (e.g. soil-max)
Warning: Skipping sample at 15.9357777777778, 38.5540361111111
Warning: Sample at 15.9357777777778, 38.5540361111111 in A-tumida-occurrences-World+Italy+GBIF.maxent is missing some environmental data (e.g. soil-max)
Warning: Skipping sample at 15.9357777777778, 38.5540361111111
Warning: Sample at 15.9357777777778, 38.5540361111111 in A-tumida-occurrences-World+Italy+GBIF.maxent is missing some environmental data (e.g. soil-max)
Warning: Skipping sample at 15.9357777777778, 38.5540361111111
Warning: Sample at 15.9357777777778, 38.5540361111111 in A-tumida-occurrences-World+Italy+GBIF.maxent is missing some environmental data (e.g. soil-max)
Warning: Skipping sample at 15.9357777777778, 38.5540361111111
Warning: Sample at 15.9357777777778, 38.5540361111111 in A-tumida-occurrences-World+Italy+GBIF.maxent is missing some environmental data (e.g. soil-max)
Warning: Skipping sample at 15.9357777777778, 38.5540361111111
Warning: Sample at 15.9357777777778, 38.5540361111111 in A-tumida-occurrences-World+Italy+GBIF.maxent is missing some environmental data (e.g. soil-max)
Warning: Skipping sample at 15.9357777777778, 38.5540361111111
Warning: Sample at 15.9357777777778, 38.5540361111111 in A-tumida-occurrences-World+Italy+GBIF.maxent is missing some environmental data (e.g. soil-max)
Warning: Skipping sample at 15.9357777777778, 38.5540361111111
Warning: Sample at 15.9357777777778, 38.5540361111111 in A-tumida-occurrences-World+Italy+GBIF.maxent is missing some environmental data (e.g. soil-max)
Warning: Skipping sample at 15.9357777777778, 38.5540361111111
Warning: Sample at 15.9357777777778, 38.5540361111111 in A-tumida-occurrences-World+Italy+GBIF.maxent is missing some environmental data (e.g. soil-max)
Warning: Skipping sample at 15.9357777777778, 38.5540361111111
Warning: Sample at 15.9357777777778, 38.5540361111111 in A-tumida-occurrences-World+Italy+GBIF.maxent is missing some environmental data (e.g. soil-max)
Warning: Skipping sample at 15.9357777777778, 38.5540361111111
Warning: Sample at 15.9357777777778, 38.5540361111111 in A-tumida-occurrences-World+Italy+GBIF.maxent is missing some environmental data (e.g. soil-max)
Warning: Skipping sample at 15.9357777777778, 38.5540361111111
Warning: Sample at 15.9357777777778, 38.5540361111111 in A-tumida-occurrences-World+Italy+GBIF.maxent is missing some environmental data (e.g. soil-max)
Warning: Skipping sample at 15.9357777777778, 38.5540361111111
Warning: Sample at 15.9357777777778, 38.5540361111111 in A-tumida-occurrences-World+Italy+GBIF.maxent is missing some environmental data (e.g. soil-max)
Warning: Skipping sample at 15.9357777777778, 38.5540361111111
Warning: Sample at 15.9357777777778, 38.5540361111111 in A-tumida-occurrences-World+Italy+GBIF.maxent is missing some environmental data (e.g. soil-max)
Warning: Skipping sample at 15.9357777777778, 38.5540361111111
Warning: Sample at 15.9357777777778, 38.5540361111111 in A-tumida-occurrences-World+Italy+GBIF.maxent is missing some environmental data (e.g. soil-max)
Warning: Skipping sample at 15.9357777777778, 38.5540361111111
Warning: Sample at 15.9357777777778, 38.5540361111111 in A-tumida-occurrences-World+Italy+GBIF.maxent is missing some environmental data (e.g. soil-max)
Warning: Skipping sample at 15.9357777777778, 38.5540361111111
Warning: Sample at 15.9357777777778, 38.5540361111111 in A-tumida-occurrences-World+Italy+GBIF.maxent is missing some environmental data (e.g. soil-max)
Warning: Skipping sample at 15.9357777777778, 38.5540361111111
Warning: Sample at 15.6449944444444, 38.4880583333333 in A-tumida-occurrences-World+Italy+GBIF.maxent is missing some environmental data (e.g. soil-max)
Warning: Skipping sample at 15.6449944444444, 38.4880583333333
Warning: Sample at 15.6449944444444, 38.4880583333333 in A-tumida-occurrences-World+Italy+GBIF.maxent is missing some environmental data (e.g. soil-max)
Warning: Skipping sample at 15.6449944444444, 38.4880583333333
Warning: Sample at 15.6449944444444, 38.4880583333333 in A-tumida-occurrences-World+Italy+GBIF.maxent is missing some environmental data (e.g. soil-max)
Warning: Skipping sample at 15.6449944444444, 38.4880583333333
Warning: Sample at 15.6449944444444, 38.4880583333333 in A-tumida-occurrences-World+Italy+GBIF.maxent is missing some environmental data (e.g. soil-max)
Warning: Skipping sample at 15.6449944444444, 38.4880583333333
Warning: Sample at 15.6449944444444, 38.4880583333333 in A-tumida-occurrences-World+Italy+GBIF.maxent is missing some environmental data (e.g. soil-max)
Warning: Skipping sample at 15.6449944444444, 38.4880583333333
Warning: Sample at 15.6449944444444, 38.4880583333333 in A-tumida-occurrences-World+Italy+GBIF.maxent is missing some environmental data (e.g. soil-max)
Warning: Skipping sample at 15.6449944444444, 38.4880583333333
Warning: Sample at 15.6449944444444, 38.4880583333333 in A-tumida-occurrences-World+Italy+GBIF.maxent is missing some environmental data (e.g. soil-max)
Warning: Skipping sample at 15.6449944444444, 38.4880583333333
Warning: Sample at 15.6449944444444, 38.4880583333333 in A-tumida-occurrences-World+Italy+GBIF.maxent is missing some environmental data (e.g. soil-max)
Warning: Skipping sample at 15.6449944444444, 38.4880583333333
Warning: Sample at 15.7173583333333, 38.2520333333333 in A-tumida-occurrences-World+Italy+GBIF.maxent is missing some environmental data (e.g. soil-max)
Warning: Skipping sample at 15.7173583333333, 38.2520333333333
Warning: Sample at 15.7454694444444, 38.100525 in A-tumida-occurrences-World+Italy+GBIF.maxent is missing some environmental data (e.g. soil-max)
Warning: Skipping sample at 15.7454694444444, 38.100525
Warning: Sample at 15.7454694444444, 38.100525 in A-tumida-occurrences-World+Italy+GBIF.maxent is missing some environmental data (e.g. soil-max)
Warning: Skipping sample at 15.7454694444444, 38.100525
Warning: Sample at 15.7454694444444, 38.100525 in A-tumida-occurrences-World+Italy+GBIF.maxent is missing some environmental data (e.g. soil-max)
Warning: Skipping sample at 15.7454694444444, 38.100525
Warning: Sample at 15.7454694444444, 38.100525 in A-tumida-occurrences-World+Italy+GBIF.maxent is missing some environmental data (e.g. soil-max)
Warning: Skipping sample at 15.7454694444444, 38.100525
Warning: Sample at 15.7454694444444, 38.100525 in A-tumida-occurrences-World+Italy+GBIF.maxent is missing some environmental data (e.g. soil-max)
Warning: Skipping sample at 15.7454694444444, 38.100525
Warning: Sample at 15.7454694444444, 38.100525 in A-tumida-occurrences-World+Italy+GBIF.maxent is missing some environmental data (e.g. soil-max)
Warning: Skipping sample at 15.7454694444444, 38.100525
Warning: Sample at 15.6789388888889, 38.243675 in A-tumida-occurrences-World+Italy+GBIF.maxent is missing some environmental data (e.g. soil-max)
Warning: Skipping sample at 15.6789388888889, 38.243675
Warning: Sample at 15.6789388888889, 38.243675 in A-tumida-occurrences-World+Italy+GBIF.maxent is missing some environmental data (e.g. soil-max)
Warning: Skipping sample at 15.6789388888889, 38.243675
Warning: Sample at 15.6788027777778, 38.1026833333333 in A-tumida-occurrences-World+Italy+GBIF.maxent is missing some environmental data (e.g. soil-max)
Warning: Skipping sample at 15.6788027777778, 38.1026833333333
Warning: Sample at 15.6788027777778, 38.1026833333333 in A-tumida-occurrences-World+Italy+GBIF.maxent is missing some environmental data (e.g. soil-max)
Warning: Skipping sample at 15.6788027777778, 38.1026833333333
Warning: Sample at 15.7454666666667, 38.1026861111111 in A-tumida-occurrences-World+Italy+GBIF.maxent is missing some environmental data (e.g. soil-max)
Warning: Skipping sample at 15.7454666666667, 38.1026861111111
Warning: Sample at 15.7454666666667, 38.1026861111111 in A-tumida-occurrences-World+Italy+GBIF.maxent is missing some environmental data (e.g. soil-max)
Warning: Skipping sample at 15.7454666666667, 38.1026861111111
Warning: Sample at 15.7454666666667, 38.1026861111111 in A-tumida-occurrences-World+Italy+GBIF.maxent is missing some environmental data (e.g. soil-max)
Warning: Skipping sample at 15.7454666666667, 38.1026861111111
Warning: Sample at 15.7454666666667, 38.1026861111111 in A-tumida-occurrences-World+Italy+GBIF.maxent is missing some environmental data (e.g. soil-max)
Warning: Skipping sample at 15.7454666666667, 38.1026861111111
Warning: Sample at 15.7454666666667, 38.1026861111111 in A-tumida-occurrences-World+Italy+GBIF.maxent is missing some environmental data (e.g. soil-max)
Warning: Skipping sample at 15.7454666666667, 38.1026861111111
Warning: Sample at 15.7454666666667, 38.1026861111111 in A-tumida-occurrences-World+Italy+GBIF.maxent is missing some environmental data (e.g. soil-max)
Warning: Skipping sample at 15.7454666666667, 38.1026861111111
Warning: Sample at 15.7454666666667, 38.1026861111111 in A-tumida-occurrences-World+Italy+GBIF.maxent is missing some environmental data (e.g. soil-max)
Warning: Skipping sample at 15.7454666666667, 38.1026861111111
Warning: Sample at 15.7454666666667, 38.1026861111111 in A-tumida-occurrences-World+Italy+GBIF.maxent is missing some environmental data (e.g. soil-max)
Warning: Skipping sample at 15.7454666666667, 38.1026861111111
Warning: Sample at 15.7454666666667, 38.1026861111111 in A-tumida-occurrences-World+Italy+GBIF.maxent is missing some environmental data (e.g. soil-max)
Warning: Skipping sample at 15.7454666666667, 38.1026861111111
Warning: Sample at 15.7454666666667, 38.1026861111111 in A-tumida-occurrences-World+Italy+GBIF.maxent is missing some environmental data (e.g. soil-max)
Warning: Skipping sample at 15.7454666666667, 38.1026861111111
Warning: Sample at 15.7454666666667, 38.1026861111111 in A-tumida-occurrences-World+Italy+GBIF.maxent is missing some environmental data (e.g. soil-max)
Warning: Skipping sample at 15.7454666666667, 38.1026861111111
Warning: Sample at 15.7454666666667, 38.1026861111111 in A-tumida-occurrences-World+Italy+GBIF.maxent is missing some environmental data (e.g. soil-max)
Warning: Skipping sample at 15.7454666666667, 38.1026861111111
Warning: Sample at 15.7454666666667, 38.1026861111111 in A-tumida-occurrences-World+Italy+GBIF.maxent is missing some environmental data (e.g. soil-max)
Warning: Skipping sample at 15.7454666666667, 38.1026861111111
Warning: Sample at 15.7454666666667, 38.1026861111111 in A-tumida-occurrences-World+Italy+GBIF.maxent is missing some environmental data (e.g. soil-max)
Warning: Skipping sample at 15.7454666666667, 38.1026861111111
Warning: Sample at 15.7454666666667, 38.1026861111111 in A-tumida-occurrences-World+Italy+GBIF.maxent is missing some environmental data (e.g. soil-max)
Warning: Skipping sample at 15.7454666666667, 38.1026861111111
Warning: Sample at 15.7454666666667, 38.1026861111111 in A-tumida-occurrences-World+Italy+GBIF.maxent is missing some environmental data (e.g. soil-max)
Warning: Skipping sample at 15.7454666666667, 38.1026861111111
Warning: Sample at 15.7454666666667, 38.1026861111111 in A-tumida-occurrences-World+Italy+GBIF.maxent is missing some environmental data (e.g. soil-max)
Warning: Skipping sample at 15.7454666666667, 38.1026861111111
Warning: Sample at 15.7454666666667, 38.1026861111111 in A-tumida-occurrences-World+Italy+GBIF.maxent is missing some environmental data (e.g. soil-max)
Warning: Skipping sample at 15.7454666666667, 38.1026861111111
Warning: Sample at 15.7454666666667, 38.1026861111111 in A-tumida-occurrences-World+Italy+GBIF.maxent is missing some environmental data (e.g. soil-max)
Warning: Skipping sample at 15.7454666666667, 38.1026861111111
Warning: Sample at 15.7454666666667, 38.1026861111111 in A-tumida-occurrences-World+Italy+GBIF.maxent is missing some environmental data (e.g. soil-max)
Warning: Skipping sample at 15.7454666666667, 38.1026861111111
Warning: Sample at 15.7454666666667, 38.1026861111111 in A-tumida-occurrences-World+Italy+GBIF.maxent is missing some environmental data (e.g. soil-max)
Warning: Skipping sample at 15.7454666666667, 38.1026861111111
Warning: Sample at 15.7454666666667, 38.1026861111111 in A-tumida-occurrences-World+Italy+GBIF.maxent is missing some environmental data (e.g. soil-max)
Warning: Skipping sample at 15.7454666666667, 38.1026861111111
Warning: Sample at 15.7454666666667, 38.1026861111111 in A-tumida-occurrences-World+Italy+GBIF.maxent is missing some environmental data (e.g. soil-max)
Warning: Skipping sample at 15.7454666666667, 38.1026861111111
Warning: Sample at 15.7454666666667, 38.1026861111111 in A-tumida-occurrences-World+Italy+GBIF.maxent is missing some environmental data (e.g. soil-max)
Warning: Skipping sample at 15.7454666666667, 38.1026861111111
Warning: Sample at 15.7454666666667, 38.1026861111111 in A-tumida-occurrences-World+Italy+GBIF.maxent is missing some environmental data (e.g. soil-max)
Warning: Skipping sample at 15.7454666666667, 38.1026861111111
Warning: Sample at 15.7454666666667, 38.1026861111111 in A-tumida-occurrences-World+Italy+GBIF.maxent is missing some environmental data (e.g. soil-max)
Warning: Skipping sample at 15.7454666666667, 38.1026861111111
Warning: Sample at 15.7454666666667, 38.1026861111111 in A-tumida-occurrences-World+Italy+GBIF.maxent is missing some environmental data (e.g. soil-max)
Warning: Skipping sample at 15.7454666666667, 38.1026861111111
Warning: Sample at 15.7454666666667, 38.1026861111111 in A-tumida-occurrences-World+Italy+GBIF.maxent is missing some environmental data (e.g. soil-max)
Warning: Skipping sample at 15.7454666666667, 38.1026861111111
Warning: Sample at 15.7454666666667, 38.1026861111111 in A-tumida-occurrences-World+Italy+GBIF.maxent is missing some environmental data (e.g. soil-max)
Warning: Skipping sample at 15.7454666666667, 38.1026861111111
Warning: Sample at 15.7454666666667, 38.1026861111111 in A-tumida-occurrences-World+Italy+GBIF.maxent is missing some environmental data (e.g. soil-max)
Warning: Skipping sample at 15.7454666666667, 38.1026861111111
Warning: Sample at 15.7454666666667, 38.1026861111111 in A-tumida-occurrences-World+Italy+GBIF.maxent is missing some environmental data (e.g. soil-max)
Warning: Skipping sample at 15.7454666666667, 38.1026861111111
Warning: Sample at 15.7454666666667, 38.1026861111111 in A-tumida-occurrences-World+Italy+GBIF.maxent is missing some environmental data (e.g. soil-max)
Warning: Skipping sample at 15.7454666666667, 38.1026861111111
Warning: Sample at 15.7454666666667, 38.1026861111111 in A-tumida-occurrences-World+Italy+GBIF.maxent is missing some environmental data (e.g. soil-max)
Warning: Skipping sample at 15.7454666666667, 38.1026861111111
Warning: Sample at 15.7454666666667, 38.1026861111111 in A-tumida-occurrences-World+Italy+GBIF.maxent is missing some environmental data (e.g. soil-max)
Warning: Skipping sample at 15.7454666666667, 38.1026861111111
Warning: Sample at 15.7454666666667, 38.1026861111111 in A-tumida-occurrences-World+Italy+GBIF.maxent is missing some environmental data (e.g. soil-max)
Warning: Skipping sample at 15.7454666666667, 38.1026861111111
Warning: Sample at 15.7454666666667, 38.1026861111111 in A-tumida-occurrences-World+Italy+GBIF.maxent is missing some environmental data (e.g. soil-max)
Warning: Skipping sample at 15.7454666666667, 38.1026861111111
Warning: Sample at 15.7454666666667, 38.1026861111111 in A-tumida-occurrences-World+Italy+GBIF.maxent is missing some environmental data (e.g. soil-max)
Warning: Skipping sample at 15.7454666666667, 38.1026861111111
Warning: Sample at 15.7454666666667, 38.1026861111111 in A-tumida-occurrences-World+Italy+GBIF.maxent is missing some environmental data (e.g. soil-max)
Warning: Skipping sample at 15.7454666666667, 38.1026861111111
Warning: Sample at 15.7454666666667, 38.1026861111111 in A-tumida-occurrences-World+Italy+GBIF.maxent is missing some environmental data (e.g. soil-max)
Warning: Skipping sample at 15.7454666666667, 38.1026861111111
Warning: Sample at 15.7454666666667, 38.1026861111111 in A-tumida-occurrences-World+Italy+GBIF.maxent is missing some environmental data (e.g. soil-max)
Warning: Skipping sample at 15.7454666666667, 38.1026861111111
Warning: Sample at 15.7454666666667, 38.1026861111111 in A-tumida-occurrences-World+Italy+GBIF.maxent is missing some environmental data (e.g. soil-max)
Warning: Skipping sample at 15.7454666666667, 38.1026861111111
Warning: Sample at 15.7454666666667, 38.1026861111111 in A-tumida-occurrences-World+Italy+GBIF.maxent is missing some environmental data (e.g. soil-max)
Warning: Skipping sample at 15.7454666666667, 38.1026861111111
Warning: Sample at 15.7454666666667, 38.1026861111111 in A-tumida-occurrences-World+Italy+GBIF.maxent is missing some environmental data (e.g. soil-max)
Warning: Skipping sample at 15.7454666666667, 38.1026861111111
Warning: Sample at 15.7454666666667, 38.1026861111111 in A-tumida-occurrences-World+Italy+GBIF.maxent is missing some environmental data (e.g. soil-max)
Warning: Skipping sample at 15.7454666666667, 38.1026861111111
Warning: Sample at 15.7454666666667, 38.1026861111111 in A-tumida-occurrences-World+Italy+GBIF.maxent is missing some environmental data (e.g. soil-max)
Warning: Skipping sample at 15.7454666666667, 38.1026861111111
Warning: Sample at 15.7454666666667, 38.1026861111111 in A-tumida-occurrences-World+Italy+GBIF.maxent is missing some environmental data (e.g. soil-max)
Warning: Skipping sample at 15.7454666666667, 38.1026861111111
Warning: Sample at 15.7454666666667, 38.1026861111111 in A-tumida-occurrences-World+Italy+GBIF.maxent is missing some environmental data (e.g. soil-max)
Warning: Skipping sample at 15.7454666666667, 38.1026861111111
Warning: Sample at 15.7454666666667, 38.1026861111111 in A-tumida-occurrences-World+Italy+GBIF.maxent is missing some environmental data (e.g. soil-max)
Warning: Skipping sample at 15.7454666666667, 38.1026861111111
Warning: Sample at 15.7454666666667, 38.1026861111111 in A-tumida-occurrences-World+Italy+GBIF.maxent is missing some environmental data (e.g. soil-max)
Warning: Skipping sample at 15.7454666666667, 38.1026861111111
Warning: Sample at 15.7454666666667, 38.1026861111111 in A-tumida-occurrences-World+Italy+GBIF.maxent is missing some environmental data (e.g. soil-max)
Warning: Skipping sample at 15.7454666666667, 38.1026861111111
Warning: Sample at 15.7454666666667, 38.1026861111111 in A-tumida-occurrences-World+Italy+GBIF.maxent is missing some environmental data (e.g. soil-max)
Warning: Skipping sample at 15.7454666666667, 38.1026861111111
Warning: Sample at 15.7454666666667, 38.1026861111111 in A-tumida-occurrences-World+Italy+GBIF.maxent is missing some environmental data (e.g. soil-max)
Warning: Skipping sample at 15.7454666666667, 38.1026861111111
Warning: Sample at 15.7454666666667, 38.1026861111111 in A-tumida-occurrences-World+Italy+GBIF.maxent is missing some environmental data (e.g. soil-max)
Warning: Skipping sample at 15.7454666666667, 38.1026861111111
Warning: Sample at 15.7454666666667, 38.1026861111111 in A-tumida-occurrences-World+Italy+GBIF.maxent is missing some environmental data (e.g. soil-max)
Warning: Skipping sample at 15.7454666666667, 38.1026861111111
Warning: Sample at 15.7454666666667, 38.1026861111111 in A-tumida-occurrences-World+Italy+GBIF.maxent is missing some environmental data (e.g. soil-max)
Warning: Skipping sample at 15.7454666666667, 38.1026861111111
Warning: Sample at 15.7454666666667, 38.1026861111111 in A-tumida-occurrences-World+Italy+GBIF.maxent is missing some environmental data (e.g. soil-max)
Warning: Skipping sample at 15.7454666666667, 38.1026861111111
Warning: Sample at 15.7454666666667, 38.1026861111111 in A-tumida-occurrences-World+Italy+GBIF.maxent is missing some environmental data (e.g. soil-max)
Warning: Skipping sample at 15.7454666666667, 38.1026861111111
Warning: Sample at 15.7454666666667, 38.1026861111111 in A-tumida-occurrences-World+Italy+GBIF.maxent is missing some environmental data (e.g. soil-max)
Warning: Skipping sample at 15.7454666666667, 38.1026861111111
Warning: Sample at 15.7454666666667, 38.1026861111111 in A-tumida-occurrences-World+Italy+GBIF.maxent is missing some environmental data (e.g. soil-max)
Warning: Skipping sample at 15.7454666666667, 38.1026861111111
Warning: Sample at 15.7454666666667, 38.1026861111111 in A-tumida-occurrences-World+Italy+GBIF.maxent is missing some environmental data (e.g. soil-max)
Warning: Skipping sample at 15.7454666666667, 38.1026861111111
Warning: Sample at 15.7454666666667, 38.1026861111111 in A-tumida-occurrences-World+Italy+GBIF.maxent is missing some environmental data (e.g. soil-max)
Warning: Skipping sample at 15.7454666666667, 38.1026861111111
Warning: Sample at 15.7454666666667, 38.1026861111111 in A-tumida-occurrences-World+Italy+GBIF.maxent is missing some environmental data (e.g. soil-max)
Warning: Skipping sample at 15.7454666666667, 38.1026861111111
Warning: Sample at 15.7454666666667, 38.1026861111111 in A-tumida-occurrences-World+Italy+GBIF.maxent is missing some environmental data (e.g. soil-max)
Warning: Skipping sample at 15.7454666666667, 38.1026861111111
Warning: Sample at 15.7454666666667, 38.1026861111111 in A-tumida-occurrences-World+Italy+GBIF.maxent is missing some environmental data (e.g. soil-max)
Warning: Skipping sample at 15.7454666666667, 38.1026861111111
Warning: Sample at 15.7454666666667, 38.1026861111111 in A-tumida-occurrences-World+Italy+GBIF.maxent is missing some environmental data (e.g. soil-max)
Warning: Skipping sample at 15.7454666666667, 38.1026861111111
Warning: Sample at 15.7454666666667, 38.1026861111111 in A-tumida-occurrences-World+Italy+GBIF.maxent is missing some environmental data (e.g. soil-max)
Warning: Skipping sample at 15.7454666666667, 38.1026861111111
Warning: Sample at 15.7454666666667, 38.1026861111111 in A-tumida-occurrences-World+Italy+GBIF.maxent is missing some environmental data (e.g. soil-max)
Warning: Skipping sample at 15.7454666666667, 38.1026861111111
Warning: Sample at 15.7454666666667, 38.1026861111111 in A-tumida-occurrences-World+Italy+GBIF.maxent is missing some environmental data (e.g. soil-max)
Warning: Skipping sample at 15.7454666666667, 38.1026861111111
Warning: Sample at 15.7454666666667, 38.1026861111111 in A-tumida-occurrences-World+Italy+GBIF.maxent is missing some environmental data (e.g. soil-max)
Warning: Skipping sample at 15.7454666666667, 38.1026861111111
Warning: Sample at 15.7454666666667, 38.1026861111111 in A-tumida-occurrences-World+Italy+GBIF.maxent is missing some environmental data (e.g. soil-max)
Warning: Skipping sample at 15.7454666666667, 38.1026861111111
Warning: Sample at 15.7454666666667, 38.1026861111111 in A-tumida-occurrences-World+Italy+GBIF.maxent is missing some environmental data (e.g. soil-max)
Warning: Skipping sample at 15.7454666666667, 38.1026861111111
Warning: Sample at 15.7454666666667, 38.1026861111111 in A-tumida-occurrences-World+Italy+GBIF.maxent is missing some environmental data (e.g. soil-max)
Warning: Skipping sample at 15.7454666666667, 38.1026861111111
Warning: Sample at 15.7454666666667, 38.1026861111111 in A-tumida-occurrences-World+Italy+GBIF.maxent is missing some environmental data (e.g. soil-max)
Warning: Skipping sample at 15.7454666666667, 38.1026861111111
Warning: Sample at 15.7454666666667, 38.1026861111111 in A-tumida-occurrences-World+Italy+GBIF.maxent is missing some environmental data (e.g. soil-max)
Warning: Skipping sample at 15.7454666666667, 38.1026861111111
Warning: Sample at 15.7454666666667, 38.1026861111111 in A-tumida-occurrences-World+Italy+GBIF.maxent is missing some environmental data (e.g. soil-max)
Warning: Skipping sample at 15.7454666666667, 38.1026861111111
Warning: Sample at 15.7454666666667, 38.1026861111111 in A-tumida-occurrences-World+Italy+GBIF.maxent is missing some environmental data (e.g. soil-max)
Warning: Skipping sample at 15.7454666666667, 38.1026861111111
Warning: Sample at 15.7454666666667, 38.1026861111111 in A-tumida-occurrences-World+Italy+GBIF.maxent is missing some environmental data (e.g. soil-max)
Warning: Skipping sample at 15.7454666666667, 38.1026861111111
Warning: Sample at 15.7454666666667, 38.1026861111111 in A-tumida-occurrences-World+Italy+GBIF.maxent is missing some environmental data (e.g. soil-max)
Warning: Skipping sample at 15.7454666666667, 38.1026861111111
Warning: Sample at 15.7454666666667, 38.1026861111111 in A-tumida-occurrences-World+Italy+GBIF.maxent is missing some environmental data (e.g. soil-max)
Warning: Skipping sample at 15.7454666666667, 38.1026861111111
Warning: Sample at 15.7454666666667, 38.1026861111111 in A-tumida-occurrences-World+Italy+GBIF.maxent is missing some environmental data (e.g. soil-max)
Warning: Skipping sample at 15.7454666666667, 38.1026861111111
Warning: Sample at 15.7454666666667, 38.1026861111111 in A-tumida-occurrences-World+Italy+GBIF.maxent is missing some environmental data (e.g. soil-max)
Warning: Skipping sample at 15.7454666666667, 38.1026861111111
Warning: Sample at 15.7454666666667, 38.1026861111111 in A-tumida-occurrences-World+Italy+GBIF.maxent is missing some environmental data (e.g. soil-max)
Warning: Skipping sample at 15.7454666666667, 38.1026861111111
Warning: Sample at 15.7454666666667, 38.1026861111111 in A-tumida-occurrences-World+Italy+GBIF.maxent is missing some environmental data (e.g. soil-max)
Warning: Skipping sample at 15.7454666666667, 38.1026861111111
Warning: Sample at 15.7454666666667, 38.1026861111111 in A-tumida-occurrences-World+Italy+GBIF.maxent is missing some environmental data (e.g. soil-max)
Warning: Skipping sample at 15.7454666666667, 38.1026861111111
Warning: Sample at 15.7454666666667, 38.1026861111111 in A-tumida-occurrences-World+Italy+GBIF.maxent is missing some environmental data (e.g. soil-max)
Warning: Skipping sample at 15.7454666666667, 38.1026861111111
Warning: Sample at 15.7454666666667, 38.1026861111111 in A-tumida-occurrences-World+Italy+GBIF.maxent is missing some environmental data (e.g. soil-max)
Warning: Skipping sample at 15.7454666666667, 38.1026861111111
Warning: Sample at 15.7454666666667, 38.1026861111111 in A-tumida-occurrences-World+Italy+GBIF.maxent is missing some environmental data (e.g. soil-max)
Warning: Skipping sample at 15.7454666666667, 38.1026861111111
Warning: Sample at 15.7454666666667, 38.1026861111111 in A-tumida-occurrences-World+Italy+GBIF.maxent is missing some environmental data (e.g. soil-max)
Warning: Skipping sample at 15.7454666666667, 38.1026861111111
Warning: Sample at 15.7454666666667, 38.1026861111111 in A-tumida-occurrences-World+Italy+GBIF.maxent is missing some environmental data (e.g. soil-max)
Warning: Skipping sample at 15.7454666666667, 38.1026861111111
Warning: Sample at 15.7454666666667, 38.1026861111111 in A-tumida-occurrences-World+Italy+GBIF.maxent is missing some environmental data (e.g. soil-max)
Warning: Skipping sample at 15.7454666666667, 38.1026861111111
Warning: Sample at 15.7454666666667, 38.1026861111111 in A-tumida-occurrences-World+Italy+GBIF.maxent is missing some environmental data (e.g. soil-max)
Warning: Skipping sample at 15.7454666666667, 38.1026861111111
Warning: Sample at 15.7454666666667, 38.1026861111111 in A-tumida-occurrences-World+Italy+GBIF.maxent is missing some environmental data (e.g. soil-max)
Warning: Skipping sample at 15.7454666666667, 38.1026861111111
Warning: Sample at 15.7454666666667, 38.1026861111111 in A-tumida-occurrences-World+Italy+GBIF.maxent is missing some environmental data (e.g. soil-max)
Warning: Skipping sample at 15.7454666666667, 38.1026861111111
Warning: Sample at 15.7454666666667, 38.1026861111111 in A-tumida-occurrences-World+Italy+GBIF.maxent is missing some environmental data (e.g. soil-max)
Warning: Skipping sample at 15.7454666666667, 38.1026861111111
Warning: Sample at 15.7454666666667, 38.1026861111111 in A-tumida-occurrences-World+Italy+GBIF.maxent is missing some environmental data (e.g. soil-max)
Warning: Skipping sample at 15.7454666666667, 38.1026861111111
Warning: Sample at 15.7454666666667, 38.1026861111111 in A-tumida-occurrences-World+Italy+GBIF.maxent is missing some environmental data (e.g. soil-max)
Warning: Skipping sample at 15.7454666666667, 38.1026861111111
Warning: Sample at 15.7454666666667, 38.1026861111111 in A-tumida-occurrences-World+Italy+GBIF.maxent is missing some environmental data (e.g. soil-max)
Warning: Skipping sample at 15.7454666666667, 38.1026861111111
Warning: Sample at 15.7454666666667, 38.1026861111111 in A-tumida-occurrences-World+Italy+GBIF.maxent is missing some environmental data (e.g. soil-max)
Warning: Skipping sample at 15.7454666666667, 38.1026861111111
Warning: Sample at 15.7454666666667, 38.1026861111111 in A-tumida-occurrences-World+Italy+GBIF.maxent is missing some environmental data (e.g. soil-max)
Warning: Skipping sample at 15.7454666666667, 38.1026861111111
Warning: Sample at 15.7454666666667, 38.1026861111111 in A-tumida-occurrences-World+Italy+GBIF.maxent is missing some environmental data (e.g. soil-max)
Warning: Skipping sample at 15.7454666666667, 38.1026861111111
Warning: Sample at 15.7454666666667, 38.1026861111111 in A-tumida-occurrences-World+Italy+GBIF.maxent is missing some environmental data (e.g. soil-max)
Warning: Skipping sample at 15.7454666666667, 38.1026861111111
Warning: Sample at 15.7454666666667, 38.1026861111111 in A-tumida-occurrences-World+Italy+GBIF.maxent is missing some environmental data (e.g. soil-max)
Warning: Skipping sample at 15.7454666666667, 38.1026861111111
Warning: Sample at 15.7454666666667, 38.1026861111111 in A-tumida-occurrences-World+Italy+GBIF.maxent is missing some environmental data (e.g. soil-max)
Warning: Skipping sample at 15.7454666666667, 38.1026861111111
Warning: Sample at 15.7454666666667, 38.1026861111111 in A-tumida-occurrences-World+Italy+GBIF.maxent is missing some environmental data (e.g. soil-max)
Warning: Skipping sample at 15.7454666666667, 38.1026861111111
Warning: Sample at 15.7454666666667, 38.1026861111111 in A-tumida-occurrences-World+Italy+GBIF.maxent is missing some environmental data (e.g. soil-max)
Warning: Skipping sample at 15.7454666666667, 38.1026861111111
Warning: Sample at 15.7454666666667, 38.1026861111111 in A-tumida-occurrences-World+Italy+GBIF.maxent is missing some environmental data (e.g. soil-max)
Warning: Skipping sample at 15.7454666666667, 38.1026861111111
Warning: Sample at 15.7454666666667, 38.1026861111111 in A-tumida-occurrences-World+Italy+GBIF.maxent is missing some environmental data (e.g. soil-max)
Warning: Skipping sample at 15.7454666666667, 38.1026861111111
Warning: Sample at 15.7454666666667, 38.1026861111111 in A-tumida-occurrences-World+Italy+GBIF.maxent is missing some environmental data (e.g. soil-max)
Warning: Skipping sample at 15.7454666666667, 38.1026861111111
Warning: Sample at 15.7454666666667, 38.1026861111111 in A-tumida-occurrences-World+Italy+GBIF.maxent is missing some environmental data (e.g. soil-max)
Warning: Skipping sample at 15.7454666666667, 38.1026861111111
Warning: Sample at 15.7454666666667, 38.1026861111111 in A-tumida-occurrences-World+Italy+GBIF.maxent is missing some environmental data (e.g. soil-max)
Warning: Skipping sample at 15.7454666666667, 38.1026861111111
Warning: Sample at 15.7454666666667, 38.1026861111111 in A-tumida-occurrences-World+Italy+GBIF.maxent is missing some environmental data (e.g. soil-max)
Warning: Skipping sample at 15.7454666666667, 38.1026861111111
Warning: Sample at 15.9744666666667, 38.2434361111111 in A-tumida-occurrences-World+Italy+GBIF.maxent is missing some environmental data (e.g. soil-max)
Warning: Skipping sample at 15.9744666666667, 38.2434361111111
Warning: Sample at 15.9744666666667, 38.2434361111111 in A-tumida-occurrences-World+Italy+GBIF.maxent is missing some environmental data (e.g. soil-max)
Warning: Skipping sample at 15.9744666666667, 38.2434361111111
Warning: Sample at 15.9744666666667, 38.2434361111111 in A-tumida-occurrences-World+Italy+GBIF.maxent is missing some environmental data (e.g. soil-max)
Warning: Skipping sample at 15.9744666666667, 38.2434361111111
Warning: Sample at 15.9744666666667, 38.2434361111111 in A-tumida-occurrences-World+Italy+GBIF.maxent is missing some environmental data (e.g. soil-max)
Warning: Skipping sample at 15.9744666666667, 38.2434361111111
Warning: Sample at 15.9748083333333, 38.2430666666667 in A-tumida-occurrences-World+Italy+GBIF.maxent is missing some environmental data (e.g. soil-max)
Warning: Skipping sample at 15.9748083333333, 38.2430666666667
Warning: Sample at 15.9748083333333, 38.2430666666667 in A-tumida-occurrences-World+Italy+GBIF.maxent is missing some environmental data (e.g. soil-max)
Warning: Skipping sample at 15.9748083333333, 38.2430666666667
Warning: Sample at 15.9748083333333, 38.2430666666667 in A-tumida-occurrences-World+Italy+GBIF.maxent is missing some environmental data (e.g. soil-max)
Warning: Skipping sample at 15.9748083333333, 38.2430666666667
Warning: Sample at 15.9748083333333, 38.2430666666667 in A-tumida-occurrences-World+Italy+GBIF.maxent is missing some environmental data (e.g. soil-max)
Warning: Skipping sample at 15.9748083333333, 38.2430666666667
Warning: Sample at 15.9748083333333, 38.2430666666667 in A-tumida-occurrences-World+Italy+GBIF.maxent is missing some environmental data (e.g. soil-max)
Warning: Skipping sample at 15.9748083333333, 38.2430666666667
Warning: Sample at 15.9748083333333, 38.2430666666667 in A-tumida-occurrences-World+Italy+GBIF.maxent is missing some environmental data (e.g. soil-max)
Warning: Skipping sample at 15.9748083333333, 38.2430666666667
Warning: Sample at 15.9748083333333, 38.2430666666667 in A-tumida-occurrences-World+Italy+GBIF.maxent is missing some environmental data (e.g. soil-max)
Warning: Skipping sample at 15.9748083333333, 38.2430666666667
Warning: Sample at 15.9748083333333, 38.2430666666667 in A-tumida-occurrences-World+Italy+GBIF.maxent is missing some environmental data (e.g. soil-max)
Warning: Skipping sample at 15.9748083333333, 38.2430666666667
Warning: Sample at -82.366596, 23.113592 in A-tumida-occurrences-World+Italy+GBIF.maxent is missing some environmental data (e.g. soil-max)
Warning: Skipping sample at -82.366596, 23.113592
Warning: Sample at -81.532215, 23.03034 in A-tumida-occurrences-World+Italy+GBIF.maxent is missing some environmental data (e.g. soil-max)
Warning: Skipping sample at -81.532215, 23.03034
Warning: Sample at -82.911803, 22.816568 in A-tumida-occurrences-World+Italy+GBIF.maxent is missing some environmental data (e.g. soil-max)
Warning: Skipping sample at -82.911803, 22.816568
Warning: Sample at -155.665857, 19.542915 in A-tumida-occurrences-World+Italy+GBIF.maxent is missing some environmental data (e.g. soil-max)
Warning: Skipping sample at -155.665857, 19.542915
Warning: Sample at -155.073765, 19.653754 in A-tumida-occurrences-World+Italy+GBIF.maxent is missing some environmental data (e.g. soil-max)
Warning: Skipping sample at -155.073765, 19.653754
Warning: Sample at -88.396754, 18.40308 in A-tumida-occurrences-World+Italy+GBIF.maxent is missing some environmental data (e.g. soil-max)
Warning: Skipping sample at -88.396754, 18.40308
Warning: Sample at -88.396754, 18.40308 in A-tumida-occurrences-World+Italy+GBIF.maxent is missing some environmental data (e.g. soil-max)
Warning: Skipping sample at -88.396754, 18.40308
Warning: Sample at -88.142559, 18.354812 in A-tumida-occurrences-World+Italy+GBIF.maxent is missing some environmental data (e.g. soil-max)
Warning: Skipping sample at -88.142559, 18.354812
Warning: Sample at -86.872215, 12.114993 in A-tumida-occurrences-World+Italy+GBIF.maxent is missing some environmental data (e.g. soil-max)
Warning: Skipping sample at -86.872215, 12.114993
Warning: Sample at -86.05296, 11.955006 in A-tumida-occurrences-World+Italy+GBIF.maxent is missing some environmental data (e.g. soil-max)
Warning: Skipping sample at -86.05296, 11.955006
Warning: Sample at -85.63064, 11.070827 in A-tumida-occurrences-World+Italy+GBIF.maxent is missing some environmental data (e.g. soil-max)
Warning: Skipping sample at -85.63064, 11.070827
Warning: Sample at -85.413051, 11.066564 in A-tumida-occurrences-World+Italy+GBIF.maxent is missing some environmental data (e.g. soil-max)
Warning: Skipping sample at -85.413051, 11.066564
Warning: Sample at 20.939444, 6.611111 in A-tumida-occurrences-World+Italy+GBIF.maxent is missing some environmental data (e.g. soil-max)
Warning: Skipping sample at 20.939444, 6.611111
Warning: Sample at 15.827659, -0.228021 in A-tumida-occurrences-World+Italy+GBIF.maxent is missing some environmental data (e.g. soil-max)
Warning: Skipping sample at 15.827659, -0.228021
Warning: Sample at 21.758664, -4.038333 in A-tumida-occurrences-World+Italy+GBIF.maxent is missing some environmental data (e.g. soil-max)
Warning: Skipping sample at 21.758664, -4.038333
Warning: Sample at -43.172896, -22.906847 in A-tumida-occurrences-World+Italy+GBIF.maxent is missing some environmental data (e.g. soil-max)
Warning: Skipping sample at -43.172896, -22.906847
Warning: Sample at -46.396136, -23.960745 in A-tumida-occurrences-World+Italy+GBIF.maxent is missing some environmental data (e.g. soil-max)
Warning: Skipping sample at -46.396136, -23.960745
Warning: Sample at -46.326409, -23.95613 in A-tumida-occurrences-World+Italy+GBIF.maxent is missing some environmental data (e.g. soil-max)
Warning: Skipping sample at -46.326409, -23.95613
209280 points with values for all grids
Adding samples to background in feature space
Command line used: 
Command line to repeat: java density.MaxEnt nowarnings noprefixes jackknife outputdirectory=/home/viktor/Temp/me samplesfile=/home/viktor/Dropbox/Work/20p/a-tumida-sdd/maxent-input/A-tumida-occurrences-World+Italy+GBIF.maxent environmentallayers=/home/viktor/Dropbox/Work/20p/a-tumida-sdd/env-var -N bioclim_10 -N bioclim_11 -N bioclim_13 -N bioclim_14 -N bioclim_16 -N bioclim_17 -N bioclim_18 -N bioclim_19 -N bioclim_2 -N bioclim_3 -N bioclim_4 -N bioclim_7 -N bioclim_8 -N bioclim_9
Species: aetina_tumida
Layers: bioclim_1 bioclim_12 bioclim_15 bioclim_5 bioclim_6 soil-max soil-mean soil-min
Layertypes: Continuous Continuous Continuous Continuous Continuous Continuous Continuous Continuous
jackknife: true
outputdirectory: /home/viktor/Temp/me
samplesfile: /home/viktor/Dropbox/Work/20p/a-tumida-sdd/maxent-input/A-tumida-occurrences-World+Italy+GBIF.maxent
environmentallayers: /home/viktor/Dropbox/Work/20p/a-tumida-sdd/env-var

getSamples: max memory 477626368, total allocated 186122240, free 88524416, used 97597824, increment 7396568
Time since start: 4.162
Making features
makeFeatures: max memory 477626368, total allocated 186122240, free 84445712, used 101676528, increment 4078704
aetina_tumida: 
Regularization values: linear/quadratic/product: 0.050, categorical: 0.250, threshold: 1.000, hinge: 0.500
120 samples
Density: max memory 477626368, total allocated 186122240, free 73677776, used 112444464, increment 10767936
linearPredictor: max memory 477626368, total allocated 186122240, free 73596832, used 112525408, increment 80944
FeaturedSpace: max memory 477626368, total allocated 186122240, free 73596832, used 112525408, increment 0
Sequential: max memory 477626368, total allocated 186122240, free 73596832, used 112525408, increment 0
Initial loss: 9.221873607789856
Time since start: 19.254
500: time = 14.804000 loss = 7.865990
Resulting gain: 1.3558839605412807
Projecting...
Writing file /home/viktor/Temp/me/aetina_tumida.asc
Time since start: 20.623
Writing /home/viktor/Temp/me/plots/aetina_tumida.png
Time since start: 21.734
Jackknife: leave bioclim_1 out
Making features
makeFeatures: max memory 477626368, total allocated 139460608, free 54182080, used 85278528, increment -27246880
aetina_tumida bioclim_1: 
Regularization values: linear/quadratic/product: 0.050, categorical: 0.250, threshold: 1.000, hinge: 0.500
120 samples
Density: max memory 477626368, total allocated 139460608, free 44592848, used 94867760, increment 9589232
linearPredictor: max memory 477626368, total allocated 139460608, free 44511904, used 94948704, increment 80944
FeaturedSpace: max memory 477626368, total allocated 139460608, free 44511904, used 94948704, increment 0
Sequential: max memory 477626368, total allocated 139460608, free 44511904, used 94948704, increment 0
Initial loss: 9.221873607789856
Time since start: 35.399
500: time = 13.552000 loss = 7.885767
Jackknife: leave bioclim_12 out
Making features
makeFeatures: max memory 477626368, total allocated 136314880, free 94261728, used 42053152, increment -52895552
aetina_tumida bioclim_12: 
Regularization values: linear/quadratic/product: 0.050, categorical: 0.250, threshold: 1.000, hinge: 0.500
120 samples
Density: max memory 477626368, total allocated 136314880, free 84926488, used 51388392, increment 9335240
linearPredictor: max memory 477626368, total allocated 136314880, free 84845544, used 51469336, increment 80944
FeaturedSpace: max memory 477626368, total allocated 136314880, free 84845544, used 51469336, increment 0
Sequential: max memory 477626368, total allocated 136314880, free 84845544, used 51469336, increment 0
Initial loss: 9.221873607789856
Time since start: 48.527
500: time = 13.014000 loss = 8.040241
Jackknife: leave bioclim_15 out
Making features
makeFeatures: max memory 477626368, total allocated 114294784, free 23496976, used 90797808, increment 39328472
aetina_tumida bioclim_15: 
Regularization values: linear/quadratic/product: 0.050, categorical: 0.250, threshold: 1.000, hinge: 0.500
120 samples
Density: max memory 477626368, total allocated 124256256, free 71340424, used 52915832, increment -37881976
linearPredictor: max memory 477626368, total allocated 124256256, free 71259480, used 52996776, increment 80944
FeaturedSpace: max memory 477626368, total allocated 124256256, free 71259480, used 52996776, increment 0
Sequential: max memory 477626368, total allocated 124256256, free 71259480, used 52996776, increment 0
Initial loss: 9.221873607789856
Time since start: 62.818
500: time = 14.170000 loss = 8.035413
Jackknife: leave bioclim_5 out
Making features
makeFeatures: max memory 477626368, total allocated 112721920, free 43016512, used 69705408, increment 16708632
aetina_tumida bioclim_5: 
Regularization values: linear/quadratic/product: 0.050, categorical: 0.250, threshold: 1.000, hinge: 0.500
120 samples
Density: max memory 477626368, total allocated 112721920, free 34204568, used 78517352, increment 8811944
linearPredictor: max memory 477626368, total allocated 112721920, free 34123624, used 78598296, increment 80944
FeaturedSpace: max memory 477626368, total allocated 112721920, free 34123624, used 78598296, increment 0
Sequential: max memory 477626368, total allocated 112721920, free 34123624, used 78598296, increment 0
Initial loss: 9.221873607789856
Time since start: 76.805
500: time = 13.872000 loss = 7.924499
Jackknife: leave bioclim_6 out
Making features
makeFeatures: max memory 477626368, total allocated 129499136, free 46881152, used 82617984, increment 4019688
aetina_tumida bioclim_6: 
Regularization values: linear/quadratic/product: 0.050, categorical: 0.250, threshold: 1.000, hinge: 0.500
120 samples
Density: max memory 477626368, total allocated 129499136, free 37044592, used 92454544, increment 9836560
linearPredictor: max memory 477626368, total allocated 129499136, free 37044592, used 92454544, increment 0
FeaturedSpace: max memory 477626368, total allocated 129499136, free 37044592, used 92454544, increment 0
Sequential: max memory 477626368, total allocated 129499136, free 37044592, used 92454544, increment 0
Initial loss: 9.221873607789856
Time since start: 90.036
500: time = 13.118000 loss = 7.915744
Jackknife: leave soil-max out
Making features
makeFeatures: max memory 477626368, total allocated 121634816, free 41905496, used 79729320, increment -12725224
aetina_tumida soil-max: 
Regularization values: linear/quadratic/product: 0.050, categorical: 0.250, threshold: 1.000, hinge: 0.500
120 samples
Density: max memory 477626368, total allocated 120586240, free 80676760, used 39909480, increment -39819840
linearPredictor: max memory 477626368, total allocated 120586240, free 80676760, used 39909480, increment 0
FeaturedSpace: max memory 477626368, total allocated 120586240, free 80676760, used 39909480, increment 0
Sequential: max memory 477626368, total allocated 120586240, free 80676760, used 39909480, increment 0
Initial loss: 9.221873607789856
Time since start: 102.553
500: time = 12.402000 loss = 7.873094
Jackknife: leave soil-mean out
Making features
makeFeatures: max memory 477626368, total allocated 120061952, free 65077032, used 54984920, increment 15075440
aetina_tumida soil-mean: 
Regularization values: linear/quadratic/product: 0.050, categorical: 0.250, threshold: 1.000, hinge: 0.500
120 samples
Density: max memory 477626368, total allocated 120061952, free 55659560, used 64402392, increment 9417472
linearPredictor: max memory 477626368, total allocated 120061952, free 55659560, used 64402392, increment 0
FeaturedSpace: max memory 477626368, total allocated 120061952, free 55659560, used 64402392, increment 0
Sequential: max memory 477626368, total allocated 120061952, free 55659560, used 64402392, increment 0
Initial loss: 9.221873607789856
Time since start: 114.974
500: time = 12.311000 loss = 7.873595
Jackknife: leave soil-min out
Making features
makeFeatures: max memory 477626368, total allocated 125304832, free 53462544, used 71842288, increment 7439896
aetina_tumida soil-min: 
Regularization values: linear/quadratic/product: 0.050, categorical: 0.250, threshold: 1.000, hinge: 0.500
120 samples
Density: max memory 477626368, total allocated 125304832, free 44735368, used 80569464, increment 8727176
linearPredictor: max memory 477626368, total allocated 125304832, free 44735368, used 80569464, increment 0
FeaturedSpace: max memory 477626368, total allocated 125304832, free 44735368, used 80569464, increment 0
Sequential: max memory 477626368, total allocated 125304832, free 44735368, used 80569464, increment 0
Initial loss: 9.221873607789856
Time since start: 127.495
500: time = 12.414000 loss = 7.907302
Jackknife: only bioclim_1
Making features
makeFeatures: max memory 477626368, total allocated 121110528, free 58810512, used 62300016, increment -18269448
aetina_tumida bioclim_1: 
Regularization values: linear/quadratic/product: 0.050, categorical: 0.250, threshold: 1.000, hinge: 0.500
120 samples
Density: max memory 477626368, total allocated 121110528, free 57735088, used 63375440, increment 1075424
linearPredictor: max memory 477626368, total allocated 121110528, free 57735088, used 63375440, increment 0
FeaturedSpace: max memory 477626368, total allocated 121110528, free 57735088, used 63375440, increment 0
Sequential: max memory 477626368, total allocated 121110528, free 57735088, used 63375440, increment 0
Initial loss: 9.221873607789856
Time since start: 129.589
500: time = 2.076000 loss = 8.724373
Res.gain: 0.4975003692292219
Jackknife: only bioclim_12
Making features
makeFeatures: max memory 477626368, total allocated 108527616, free 23850672, used 84676944, increment 21301504
aetina_tumida bioclim_12: 
Regularization values: linear/quadratic/product: 0.050, categorical: 0.250, threshold: 1.000, hinge: 0.500
120 samples
Density: max memory 477626368, total allocated 108527616, free 22167320, used 86360296, increment 1683352
linearPredictor: max memory 477626368, total allocated 108527616, free 22167320, used 86360296, increment 0
FeaturedSpace: max memory 477626368, total allocated 108527616, free 22167320, used 86360296, increment 0
Sequential: max memory 477626368, total allocated 108527616, free 22167320, used 86360296, increment 0
Initial loss: 9.221873607789856
Time since start: 131.01
240: time = 1.406000 loss = 8.397631
Res.gain: 0.824242554318154
Jackknife: only bioclim_15
Making features
makeFeatures: max memory 477626368, total allocated 108003328, free 39737040, used 68266288, increment -18094008
aetina_tumida bioclim_15: 
Regularization values: linear/quadratic/product: 0.050, categorical: 0.250, threshold: 1.000, hinge: 0.500
120 samples
Density: max memory 477626368, total allocated 108003328, free 38842232, used 69161096, increment 894808
linearPredictor: max memory 477626368, total allocated 108003328, free 38761288, used 69242040, increment 80944
FeaturedSpace: max memory 477626368, total allocated 108003328, free 38761288, used 69242040, increment 0
Sequential: max memory 477626368, total allocated 108003328, free 38761288, used 69242040, increment 0
Initial loss: 9.221873607789856
Time since start: 132.598
500: time = 1.573000 loss = 8.956927
Res.gain: 0.2649467753952308
Jackknife: only bioclim_5
Making features
makeFeatures: max memory 477626368, total allocated 104857600, free 22177272, used 82680328, increment 13438288
aetina_tumida bioclim_5: 
Regularization values: linear/quadratic/product: 0.050, categorical: 0.250, threshold: 1.000, hinge: 0.500
120 samples
Density: max memory 477626368, total allocated 104857600, free 20642664, used 84214936, increment 1534608
linearPredictor: max memory 477626368, total allocated 104857600, free 20642664, used 84214936, increment 0
FeaturedSpace: max memory 477626368, total allocated 104857600, free 20642664, used 84214936, increment 0
Sequential: max memory 477626368, total allocated 104857600, free 20642664, used 84214936, increment 0
Initial loss: 9.221873607789856
Time since start: 133.649
240: time = 1.037000 loss = 8.626074
Res.gain: 0.5957991310362534
Jackknife: only bioclim_6
Making features
makeFeatures: max memory 477626368, total allocated 101187584, free 18044016, used 83143568, increment -1071368
aetina_tumida bioclim_6: 
Regularization values: linear/quadratic/product: 0.050, categorical: 0.250, threshold: 1.000, hinge: 0.500
120 samples
Density: max memory 477626368, total allocated 101187584, free 16644208, used 84543376, increment 1399808
linearPredictor: max memory 477626368, total allocated 101187584, free 16563264, used 84624320, increment 80944
FeaturedSpace: max memory 477626368, total allocated 101187584, free 16563264, used 84624320, increment 0
Sequential: max memory 477626368, total allocated 101187584, free 16563264, used 84624320, increment 0
Initial loss: 9.221873607789856
Time since start: 134.856
220: time = 1.193000 loss = 8.818549
Res.gain: 0.4033242883970729
Jackknife: only soil-max
Making features
makeFeatures: max memory 477626368, total allocated 109051904, free 22273888, used 86778016, increment 2153696
aetina_tumida soil-max: 
Regularization values: linear/quadratic/product: 0.050, categorical: 0.250, threshold: 1.000, hinge: 0.500
120 samples
Density: max memory 477626368, total allocated 109051904, free 20639920, used 88411984, increment 1633968
linearPredictor: max memory 477626368, total allocated 109051904, free 20639920, used 88411984, increment 0
FeaturedSpace: max memory 477626368, total allocated 109051904, free 20639920, used 88411984, increment 0
Sequential: max memory 477626368, total allocated 109051904, free 20639920, used 88411984, increment 0
Initial loss: 9.221873607789856
Time since start: 136.069
180: time = 1.196000 loss = 8.938834
Res.gain: 0.2830399379660591
Jackknife: only soil-mean
Making features
makeFeatures: max memory 477626368, total allocated 130547712, free 51631432, used 78916280, increment -9495704
aetina_tumida soil-mean: 
Regularization values: linear/quadratic/product: 0.050, categorical: 0.250, threshold: 1.000, hinge: 0.500
120 samples
Density: max memory 477626368, total allocated 130547712, free 50331416, used 80216296, increment 1300016
linearPredictor: max memory 477626368, total allocated 130547712, free 50331416, used 80216296, increment 0
FeaturedSpace: max memory 477626368, total allocated 130547712, free 50331416, used 80216296, increment 0
Sequential: max memory 477626368, total allocated 130547712, free 50331416, used 80216296, increment 0
Initial loss: 9.221873607789856
Time since start: 137.845
260: time = 1.759000 loss = 8.957523
Res.gain: 0.264351019918573
Jackknife: only soil-min
Making features
makeFeatures: max memory 477626368, total allocated 116916224, free 10565856, used 106350368, increment 26134072
aetina_tumida soil-min: 
Regularization values: linear/quadratic/product: 0.050, categorical: 0.250, threshold: 1.000, hinge: 0.500
120 samples
Density: max memory 477626368, total allocated 116916224, free 9231112, used 107685112, increment 1334744
linearPredictor: max memory 477626368, total allocated 116916224, free 9150168, used 107766056, increment 80944
FeaturedSpace: max memory 477626368, total allocated 116916224, free 9150168, used 107766056, increment 0
Sequential: max memory 477626368, total allocated 116916224, free 9150168, used 107766056, increment 0
Initial loss: 9.221873607789856
Time since start: 138.979
160: time = 1.110000 loss = 9.107052
Res.gain: 0.1148214998341448
Ending
