Tue Aug 20 18:21:11 CEST 2019
MaxEnt version 3.4.1
Checking header of /home/viktor/Dropbox/Work/20p/a-tumida-sdd/env-var/bioclim_1.asc
Checking header of /home/viktor/Dropbox/Work/20p/a-tumida-sdd/env-var/bioclim_5.asc
Checking header of /home/viktor/Dropbox/Work/20p/a-tumida-sdd/env-var/bioclim_6.asc
Checking header of /home/viktor/Dropbox/Work/20p/a-tumida-sdd/env-var/soil-max.asc
Checking header of /home/viktor/Dropbox/Work/20p/a-tumida-sdd/env-var/soil-mean.asc
Checking header of /home/viktor/Dropbox/Work/20p/a-tumida-sdd/env-var/soil-min.asc
Reading samples from A-tumida-occurrences-World+Italy+GBIF.maxent
Read samples: max memory 477626368, total allocated 109051904, free 9552912, used 99498992, increment -8267064
Warning: Sample at 0.0, 0.0 in A-tumida-occurrences-World+Italy+GBIF.maxent is outside the bounding box of environmental data, skipping
Extractor: max memory 477626368, total allocated 108527616, free 42857624, used 65669992, increment -33829000
Extracting random background and sample data
Warning: Sample at -82.040714, 43.052709 in A-tumida-occurrences-World+Italy+GBIF.maxent is missing some environmental data (e.g. soil-max)
Warning: Skipping sample at -82.040714, 43.052709
Warning: Sample at -82.885759, 42.311797 in A-tumida-occurrences-World+Italy+GBIF.maxent is missing some environmental data (e.g. soil-max)
Warning: Skipping sample at -82.885759, 42.311797
Warning: Sample at -83.108698, 42.101378 in A-tumida-occurrences-World+Italy+GBIF.maxent is missing some environmental data (e.g. soil-max)
Warning: Skipping sample at -83.108698, 42.101378
Warning: Sample at -83.102477, 42.235541 in A-tumida-occurrences-World+Italy+GBIF.maxent is missing some environmental data (e.g. soil-max)
Warning: Skipping sample at -83.102477, 42.235541
Warning: Sample at -82.233038, 42.240958 in A-tumida-occurrences-World+Italy+GBIF.maxent is missing some environmental data (e.g. soil-max)
Warning: Skipping sample at -82.233038, 42.240958
Warning: Sample at 16.2213055555556, 39.1351194444444 in A-tumida-occurrences-World+Italy+GBIF.maxent is missing some environmental data (e.g. soil-max)
Warning: Skipping sample at 16.2213055555556, 39.1351194444444
Warning: Sample at 16.2213055555556, 39.1351194444444 in A-tumida-occurrences-World+Italy+GBIF.maxent is missing some environmental data (e.g. soil-max)
Warning: Skipping sample at 16.2213055555556, 39.1351194444444
Warning: Sample at 16.22195, 39.1356555555556 in A-tumida-occurrences-World+Italy+GBIF.maxent is missing some environmental data (e.g. soil-max)
Warning: Skipping sample at 16.22195, 39.1356555555556
Warning: Sample at 16.22195, 39.1356555555556 in A-tumida-occurrences-World+Italy+GBIF.maxent is missing some environmental data (e.g. soil-max)
Warning: Skipping sample at 16.22195, 39.1356555555556
Warning: Sample at 16.2480944444444, 39.1678638888889 in A-tumida-occurrences-World+Italy+GBIF.maxent is missing some environmental data (e.g. soil-max)
Warning: Skipping sample at 16.2480944444444, 39.1678638888889
Warning: Sample at 15.9357777777778, 38.5540361111111 in A-tumida-occurrences-World+Italy+GBIF.maxent is missing some environmental data (e.g. soil-max)
Warning: Skipping sample at 15.9357777777778, 38.5540361111111
Warning: Sample at 15.9357777777778, 38.5540361111111 in A-tumida-occurrences-World+Italy+GBIF.maxent is missing some environmental data (e.g. soil-max)
Warning: Skipping sample at 15.9357777777778, 38.5540361111111
Warning: Sample at 15.9357777777778, 38.5540361111111 in A-tumida-occurrences-World+Italy+GBIF.maxent is missing some environmental data (e.g. soil-max)
Warning: Skipping sample at 15.9357777777778, 38.5540361111111
Warning: Sample at 15.9357777777778, 38.5540361111111 in A-tumida-occurrences-World+Italy+GBIF.maxent is missing some environmental data (e.g. soil-max)
Warning: Skipping sample at 15.9357777777778, 38.5540361111111
Warning: Sample at 15.9357777777778, 38.5540361111111 in A-tumida-occurrences-World+Italy+GBIF.maxent is missing some environmental data (e.g. soil-max)
Warning: Skipping sample at 15.9357777777778, 38.5540361111111
Warning: Sample at 15.9357777777778, 38.5540361111111 in A-tumida-occurrences-World+Italy+GBIF.maxent is missing some environmental data (e.g. soil-max)
Warning: Skipping sample at 15.9357777777778, 38.5540361111111
Warning: Sample at 15.9357777777778, 38.5540361111111 in A-tumida-occurrences-World+Italy+GBIF.maxent is missing some environmental data (e.g. soil-max)
Warning: Skipping sample at 15.9357777777778, 38.5540361111111
Warning: Sample at 15.9357777777778, 38.5540361111111 in A-tumida-occurrences-World+Italy+GBIF.maxent is missing some environmental data (e.g. soil-max)
Warning: Skipping sample at 15.9357777777778, 38.5540361111111
Warning: Sample at 15.9357777777778, 38.5540361111111 in A-tumida-occurrences-World+Italy+GBIF.maxent is missing some environmental data (e.g. soil-max)
Warning: Skipping sample at 15.9357777777778, 38.5540361111111
Warning: Sample at 15.9357777777778, 38.5540361111111 in A-tumida-occurrences-World+Italy+GBIF.maxent is missing some environmental data (e.g. soil-max)
Warning: Skipping sample at 15.9357777777778, 38.5540361111111
Warning: Sample at 15.9357777777778, 38.5540361111111 in A-tumida-occurrences-World+Italy+GBIF.maxent is missing some environmental data (e.g. soil-max)
Warning: Skipping sample at 15.9357777777778, 38.5540361111111
Warning: Sample at 15.9357777777778, 38.5540361111111 in A-tumida-occurrences-World+Italy+GBIF.maxent is missing some environmental data (e.g. soil-max)
Warning: Skipping sample at 15.9357777777778, 38.5540361111111
Warning: Sample at 15.9357777777778, 38.5540361111111 in A-tumida-occurrences-World+Italy+GBIF.maxent is missing some environmental data (e.g. soil-max)
Warning: Skipping sample at 15.9357777777778, 38.5540361111111
Warning: Sample at 15.9357777777778, 38.5540361111111 in A-tumida-occurrences-World+Italy+GBIF.maxent is missing some environmental data (e.g. soil-max)
Warning: Skipping sample at 15.9357777777778, 38.5540361111111
Warning: Sample at 15.9357777777778, 38.5540361111111 in A-tumida-occurrences-World+Italy+GBIF.maxent is missing some environmental data (e.g. soil-max)
Warning: Skipping sample at 15.9357777777778, 38.5540361111111
Warning: Sample at 15.9357777777778, 38.5540361111111 in A-tumida-occurrences-World+Italy+GBIF.maxent is missing some environmental data (e.g. soil-max)
Warning: Skipping sample at 15.9357777777778, 38.5540361111111
Warning: Sample at 15.9357777777778, 38.5540361111111 in A-tumida-occurrences-World+Italy+GBIF.maxent is missing some environmental data (e.g. soil-max)
Warning: Skipping sample at 15.9357777777778, 38.5540361111111
Warning: Sample at 15.9357777777778, 38.5540361111111 in A-tumida-occurrences-World+Italy+GBIF.maxent is missing some environmental data (e.g. soil-max)
Warning: Skipping sample at 15.9357777777778, 38.5540361111111
Warning: Sample at 15.9357777777778, 38.5540361111111 in A-tumida-occurrences-World+Italy+GBIF.maxent is missing some environmental data (e.g. soil-max)
Warning: Skipping sample at 15.9357777777778, 38.5540361111111
Warning: Sample at 15.9357777777778, 38.5540361111111 in A-tumida-occurrences-World+Italy+GBIF.maxent is missing some environmental data (e.g. soil-max)
Warning: Skipping sample at 15.9357777777778, 38.5540361111111
Warning: Sample at 15.9357777777778, 38.5540361111111 in A-tumida-occurrences-World+Italy+GBIF.maxent is missing some environmental data (e.g. soil-max)
Warning: Skipping sample at 15.9357777777778, 38.5540361111111
Warning: Sample at 15.6449944444444, 38.4880583333333 in A-tumida-occurrences-World+Italy+GBIF.maxent is missing some environmental data (e.g. soil-max)
Warning: Skipping sample at 15.6449944444444, 38.4880583333333
Warning: Sample at 15.6449944444444, 38.4880583333333 in A-tumida-occurrences-World+Italy+GBIF.maxent is missing some environmental data (e.g. soil-max)
Warning: Skipping sample at 15.6449944444444, 38.4880583333333
Warning: Sample at 15.6449944444444, 38.4880583333333 in A-tumida-occurrences-World+Italy+GBIF.maxent is missing some environmental data (e.g. soil-max)
Warning: Skipping sample at 15.6449944444444, 38.4880583333333
Warning: Sample at 15.6449944444444, 38.4880583333333 in A-tumida-occurrences-World+Italy+GBIF.maxent is missing some environmental data (e.g. soil-max)
Warning: Skipping sample at 15.6449944444444, 38.4880583333333
Warning: Sample at 15.6449944444444, 38.4880583333333 in A-tumida-occurrences-World+Italy+GBIF.maxent is missing some environmental data (e.g. soil-max)
Warning: Skipping sample at 15.6449944444444, 38.4880583333333
Warning: Sample at 15.6449944444444, 38.4880583333333 in A-tumida-occurrences-World+Italy+GBIF.maxent is missing some environmental data (e.g. soil-max)
Warning: Skipping sample at 15.6449944444444, 38.4880583333333
Warning: Sample at 15.6449944444444, 38.4880583333333 in A-tumida-occurrences-World+Italy+GBIF.maxent is missing some environmental data (e.g. soil-max)
Warning: Skipping sample at 15.6449944444444, 38.4880583333333
Warning: Sample at 15.6449944444444, 38.4880583333333 in A-tumida-occurrences-World+Italy+GBIF.maxent is missing some environmental data (e.g. soil-max)
Warning: Skipping sample at 15.6449944444444, 38.4880583333333
Warning: Sample at 15.7173583333333, 38.2520333333333 in A-tumida-occurrences-World+Italy+GBIF.maxent is missing some environmental data (e.g. soil-max)
Warning: Skipping sample at 15.7173583333333, 38.2520333333333
Warning: Sample at 15.7454694444444, 38.100525 in A-tumida-occurrences-World+Italy+GBIF.maxent is missing some environmental data (e.g. soil-max)
Warning: Skipping sample at 15.7454694444444, 38.100525
Warning: Sample at 15.7454694444444, 38.100525 in A-tumida-occurrences-World+Italy+GBIF.maxent is missing some environmental data (e.g. soil-max)
Warning: Skipping sample at 15.7454694444444, 38.100525
Warning: Sample at 15.7454694444444, 38.100525 in A-tumida-occurrences-World+Italy+GBIF.maxent is missing some environmental data (e.g. soil-max)
Warning: Skipping sample at 15.7454694444444, 38.100525
Warning: Sample at 15.7454694444444, 38.100525 in A-tumida-occurrences-World+Italy+GBIF.maxent is missing some environmental data (e.g. soil-max)
Warning: Skipping sample at 15.7454694444444, 38.100525
Warning: Sample at 15.7454694444444, 38.100525 in A-tumida-occurrences-World+Italy+GBIF.maxent is missing some environmental data (e.g. soil-max)
Warning: Skipping sample at 15.7454694444444, 38.100525
Warning: Sample at 15.7454694444444, 38.100525 in A-tumida-occurrences-World+Italy+GBIF.maxent is missing some environmental data (e.g. soil-max)
Warning: Skipping sample at 15.7454694444444, 38.100525
Warning: Sample at 15.6789388888889, 38.243675 in A-tumida-occurrences-World+Italy+GBIF.maxent is missing some environmental data (e.g. soil-max)
Warning: Skipping sample at 15.6789388888889, 38.243675
Warning: Sample at 15.6789388888889, 38.243675 in A-tumida-occurrences-World+Italy+GBIF.maxent is missing some environmental data (e.g. soil-max)
Warning: Skipping sample at 15.6789388888889, 38.243675
Warning: Sample at 15.6788027777778, 38.1026833333333 in A-tumida-occurrences-World+Italy+GBIF.maxent is missing some environmental data (e.g. soil-max)
Warning: Skipping sample at 15.6788027777778, 38.1026833333333
Warning: Sample at 15.6788027777778, 38.1026833333333 in A-tumida-occurrences-World+Italy+GBIF.maxent is missing some environmental data (e.g. soil-max)
Warning: Skipping sample at 15.6788027777778, 38.1026833333333
Warning: Sample at 15.7454666666667, 38.1026861111111 in A-tumida-occurrences-World+Italy+GBIF.maxent is missing some environmental data (e.g. soil-max)
Warning: Skipping sample at 15.7454666666667, 38.1026861111111
Warning: Sample at 15.7454666666667, 38.1026861111111 in A-tumida-occurrences-World+Italy+GBIF.maxent is missing some environmental data (e.g. soil-max)
Warning: Skipping sample at 15.7454666666667, 38.1026861111111
Warning: Sample at 15.7454666666667, 38.1026861111111 in A-tumida-occurrences-World+Italy+GBIF.maxent is missing some environmental data (e.g. soil-max)
Warning: Skipping sample at 15.7454666666667, 38.1026861111111
Warning: Sample at 15.7454666666667, 38.1026861111111 in A-tumida-occurrences-World+Italy+GBIF.maxent is missing some environmental data (e.g. soil-max)
Warning: Skipping sample at 15.7454666666667, 38.1026861111111
Warning: Sample at 15.7454666666667, 38.1026861111111 in A-tumida-occurrences-World+Italy+GBIF.maxent is missing some environmental data (e.g. soil-max)
Warning: Skipping sample at 15.7454666666667, 38.1026861111111
Warning: Sample at 15.7454666666667, 38.1026861111111 in A-tumida-occurrences-World+Italy+GBIF.maxent is missing some environmental data (e.g. soil-max)
Warning: Skipping sample at 15.7454666666667, 38.1026861111111
Warning: Sample at 15.7454666666667, 38.1026861111111 in A-tumida-occurrences-World+Italy+GBIF.maxent is missing some environmental data (e.g. soil-max)
Warning: Skipping sample at 15.7454666666667, 38.1026861111111
Warning: Sample at 15.7454666666667, 38.1026861111111 in A-tumida-occurrences-World+Italy+GBIF.maxent is missing some environmental data (e.g. soil-max)
Warning: Skipping sample at 15.7454666666667, 38.1026861111111
Warning: Sample at 15.7454666666667, 38.1026861111111 in A-tumida-occurrences-World+Italy+GBIF.maxent is missing some environmental data (e.g. soil-max)
Warning: Skipping sample at 15.7454666666667, 38.1026861111111
Warning: Sample at 15.7454666666667, 38.1026861111111 in A-tumida-occurrences-World+Italy+GBIF.maxent is missing some environmental data (e.g. soil-max)
Warning: Skipping sample at 15.7454666666667, 38.1026861111111
Warning: Sample at 15.7454666666667, 38.1026861111111 in A-tumida-occurrences-World+Italy+GBIF.maxent is missing some environmental data (e.g. soil-max)
Warning: Skipping sample at 15.7454666666667, 38.1026861111111
Warning: Sample at 15.7454666666667, 38.1026861111111 in A-tumida-occurrences-World+Italy+GBIF.maxent is missing some environmental data (e.g. soil-max)
Warning: Skipping sample at 15.7454666666667, 38.1026861111111
Warning: Sample at 15.7454666666667, 38.1026861111111 in A-tumida-occurrences-World+Italy+GBIF.maxent is missing some environmental data (e.g. soil-max)
Warning: Skipping sample at 15.7454666666667, 38.1026861111111
Warning: Sample at 15.7454666666667, 38.1026861111111 in A-tumida-occurrences-World+Italy+GBIF.maxent is missing some environmental data (e.g. soil-max)
Warning: Skipping sample at 15.7454666666667, 38.1026861111111
Warning: Sample at 15.7454666666667, 38.1026861111111 in A-tumida-occurrences-World+Italy+GBIF.maxent is missing some environmental data (e.g. soil-max)
Warning: Skipping sample at 15.7454666666667, 38.1026861111111
Warning: Sample at 15.7454666666667, 38.1026861111111 in A-tumida-occurrences-World+Italy+GBIF.maxent is missing some environmental data (e.g. soil-max)
Warning: Skipping sample at 15.7454666666667, 38.1026861111111
Warning: Sample at 15.7454666666667, 38.1026861111111 in A-tumida-occurrences-World+Italy+GBIF.maxent is missing some environmental data (e.g. soil-max)
Warning: Skipping sample at 15.7454666666667, 38.1026861111111
Warning: Sample at 15.7454666666667, 38.1026861111111 in A-tumida-occurrences-World+Italy+GBIF.maxent is missing some environmental data (e.g. soil-max)
Warning: Skipping sample at 15.7454666666667, 38.1026861111111
Warning: Sample at 15.7454666666667, 38.1026861111111 in A-tumida-occurrences-World+Italy+GBIF.maxent is missing some environmental data (e.g. soil-max)
Warning: Skipping sample at 15.7454666666667, 38.1026861111111
Warning: Sample at 15.7454666666667, 38.1026861111111 in A-tumida-occurrences-World+Italy+GBIF.maxent is missing some environmental data (e.g. soil-max)
Warning: Skipping sample at 15.7454666666667, 38.1026861111111
Warning: Sample at 15.7454666666667, 38.1026861111111 in A-tumida-occurrences-World+Italy+GBIF.maxent is missing some environmental data (e.g. soil-max)
Warning: Skipping sample at 15.7454666666667, 38.1026861111111
Warning: Sample at 15.7454666666667, 38.1026861111111 in A-tumida-occurrences-World+Italy+GBIF.maxent is missing some environmental data (e.g. soil-max)
Warning: Skipping sample at 15.7454666666667, 38.1026861111111
Warning: Sample at 15.7454666666667, 38.1026861111111 in A-tumida-occurrences-World+Italy+GBIF.maxent is missing some environmental data (e.g. soil-max)
Warning: Skipping sample at 15.7454666666667, 38.1026861111111
Warning: Sample at 15.7454666666667, 38.1026861111111 in A-tumida-occurrences-World+Italy+GBIF.maxent is missing some environmental data (e.g. soil-max)
Warning: Skipping sample at 15.7454666666667, 38.1026861111111
Warning: Sample at 15.7454666666667, 38.1026861111111 in A-tumida-occurrences-World+Italy+GBIF.maxent is missing some environmental data (e.g. soil-max)
Warning: Skipping sample at 15.7454666666667, 38.1026861111111
Warning: Sample at 15.7454666666667, 38.1026861111111 in A-tumida-occurrences-World+Italy+GBIF.maxent is missing some environmental data (e.g. soil-max)
Warning: Skipping sample at 15.7454666666667, 38.1026861111111
Warning: Sample at 15.7454666666667, 38.1026861111111 in A-tumida-occurrences-World+Italy+GBIF.maxent is missing some environmental data (e.g. soil-max)
Warning: Skipping sample at 15.7454666666667, 38.1026861111111
Warning: Sample at 15.7454666666667, 38.1026861111111 in A-tumida-occurrences-World+Italy+GBIF.maxent is missing some environmental data (e.g. soil-max)
Warning: Skipping sample at 15.7454666666667, 38.1026861111111
Warning: Sample at 15.7454666666667, 38.1026861111111 in A-tumida-occurrences-World+Italy+GBIF.maxent is missing some environmental data (e.g. soil-max)
Warning: Skipping sample at 15.7454666666667, 38.1026861111111
Warning: Sample at 15.7454666666667, 38.1026861111111 in A-tumida-occurrences-World+Italy+GBIF.maxent is missing some environmental data (e.g. soil-max)
Warning: Skipping sample at 15.7454666666667, 38.1026861111111
Warning: Sample at 15.7454666666667, 38.1026861111111 in A-tumida-occurrences-World+Italy+GBIF.maxent is missing some environmental data (e.g. soil-max)
Warning: Skipping sample at 15.7454666666667, 38.1026861111111
Warning: Sample at 15.7454666666667, 38.1026861111111 in A-tumida-occurrences-World+Italy+GBIF.maxent is missing some environmental data (e.g. soil-max)
Warning: Skipping sample at 15.7454666666667, 38.1026861111111
Warning: Sample at 15.7454666666667, 38.1026861111111 in A-tumida-occurrences-World+Italy+GBIF.maxent is missing some environmental data (e.g. soil-max)
Warning: Skipping sample at 15.7454666666667, 38.1026861111111
Warning: Sample at 15.7454666666667, 38.1026861111111 in A-tumida-occurrences-World+Italy+GBIF.maxent is missing some environmental data (e.g. soil-max)
Warning: Skipping sample at 15.7454666666667, 38.1026861111111
Warning: Sample at 15.7454666666667, 38.1026861111111 in A-tumida-occurrences-World+Italy+GBIF.maxent is missing some environmental data (e.g. soil-max)
Warning: Skipping sample at 15.7454666666667, 38.1026861111111
Warning: Sample at 15.7454666666667, 38.1026861111111 in A-tumida-occurrences-World+Italy+GBIF.maxent is missing some environmental data (e.g. soil-max)
Warning: Skipping sample at 15.7454666666667, 38.1026861111111
Warning: Sample at 15.7454666666667, 38.1026861111111 in A-tumida-occurrences-World+Italy+GBIF.maxent is missing some environmental data (e.g. soil-max)
Warning: Skipping sample at 15.7454666666667, 38.1026861111111
Warning: Sample at 15.7454666666667, 38.1026861111111 in A-tumida-occurrences-World+Italy+GBIF.maxent is missing some environmental data (e.g. soil-max)
Warning: Skipping sample at 15.7454666666667, 38.1026861111111
Warning: Sample at 15.7454666666667, 38.1026861111111 in A-tumida-occurrences-World+Italy+GBIF.maxent is missing some environmental data (e.g. soil-max)
Warning: Skipping sample at 15.7454666666667, 38.1026861111111
Warning: Sample at 15.7454666666667, 38.1026861111111 in A-tumida-occurrences-World+Italy+GBIF.maxent is missing some environmental data (e.g. soil-max)
Warning: Skipping sample at 15.7454666666667, 38.1026861111111
Warning: Sample at 15.7454666666667, 38.1026861111111 in A-tumida-occurrences-World+Italy+GBIF.maxent is missing some environmental data (e.g. soil-max)
Warning: Skipping sample at 15.7454666666667, 38.1026861111111
Warning: Sample at 15.7454666666667, 38.1026861111111 in A-tumida-occurrences-World+Italy+GBIF.maxent is missing some environmental data (e.g. soil-max)
Warning: Skipping sample at 15.7454666666667, 38.1026861111111
Warning: Sample at 15.7454666666667, 38.1026861111111 in A-tumida-occurrences-World+Italy+GBIF.maxent is missing some environmental data (e.g. soil-max)
Warning: Skipping sample at 15.7454666666667, 38.1026861111111
Warning: Sample at 15.7454666666667, 38.1026861111111 in A-tumida-occurrences-World+Italy+GBIF.maxent is missing some environmental data (e.g. soil-max)
Warning: Skipping sample at 15.7454666666667, 38.1026861111111
Warning: Sample at 15.7454666666667, 38.1026861111111 in A-tumida-occurrences-World+Italy+GBIF.maxent is missing some environmental data (e.g. soil-max)
Warning: Skipping sample at 15.7454666666667, 38.1026861111111
Warning: Sample at 15.7454666666667, 38.1026861111111 in A-tumida-occurrences-World+Italy+GBIF.maxent is missing some environmental data (e.g. soil-max)
Warning: Skipping sample at 15.7454666666667, 38.1026861111111
Warning: Sample at 15.7454666666667, 38.1026861111111 in A-tumida-occurrences-World+Italy+GBIF.maxent is missing some environmental data (e.g. soil-max)
Warning: Skipping sample at 15.7454666666667, 38.1026861111111
Warning: Sample at 15.7454666666667, 38.1026861111111 in A-tumida-occurrences-World+Italy+GBIF.maxent is missing some environmental data (e.g. soil-max)
Warning: Skipping sample at 15.7454666666667, 38.1026861111111
Warning: Sample at 15.7454666666667, 38.1026861111111 in A-tumida-occurrences-World+Italy+GBIF.maxent is missing some environmental data (e.g. soil-max)
Warning: Skipping sample at 15.7454666666667, 38.1026861111111
Warning: Sample at 15.7454666666667, 38.1026861111111 in A-tumida-occurrences-World+Italy+GBIF.maxent is missing some environmental data (e.g. soil-max)
Warning: Skipping sample at 15.7454666666667, 38.1026861111111
Warning: Sample at 15.7454666666667, 38.1026861111111 in A-tumida-occurrences-World+Italy+GBIF.maxent is missing some environmental data (e.g. soil-max)
Warning: Skipping sample at 15.7454666666667, 38.1026861111111
Warning: Sample at 15.7454666666667, 38.1026861111111 in A-tumida-occurrences-World+Italy+GBIF.maxent is missing some environmental data (e.g. soil-max)
Warning: Skipping sample at 15.7454666666667, 38.1026861111111
Warning: Sample at 15.7454666666667, 38.1026861111111 in A-tumida-occurrences-World+Italy+GBIF.maxent is missing some environmental data (e.g. soil-max)
Warning: Skipping sample at 15.7454666666667, 38.1026861111111
Warning: Sample at 15.7454666666667, 38.1026861111111 in A-tumida-occurrences-World+Italy+GBIF.maxent is missing some environmental data (e.g. soil-max)
Warning: Skipping sample at 15.7454666666667, 38.1026861111111
Warning: Sample at 15.7454666666667, 38.1026861111111 in A-tumida-occurrences-World+Italy+GBIF.maxent is missing some environmental data (e.g. soil-max)
Warning: Skipping sample at 15.7454666666667, 38.1026861111111
Warning: Sample at 15.7454666666667, 38.1026861111111 in A-tumida-occurrences-World+Italy+GBIF.maxent is missing some environmental data (e.g. soil-max)
Warning: Skipping sample at 15.7454666666667, 38.1026861111111
Warning: Sample at 15.7454666666667, 38.1026861111111 in A-tumida-occurrences-World+Italy+GBIF.maxent is missing some environmental data (e.g. soil-max)
Warning: Skipping sample at 15.7454666666667, 38.1026861111111
Warning: Sample at 15.7454666666667, 38.1026861111111 in A-tumida-occurrences-World+Italy+GBIF.maxent is missing some environmental data (e.g. soil-max)
Warning: Skipping sample at 15.7454666666667, 38.1026861111111
Warning: Sample at 15.7454666666667, 38.1026861111111 in A-tumida-occurrences-World+Italy+GBIF.maxent is missing some environmental data (e.g. soil-max)
Warning: Skipping sample at 15.7454666666667, 38.1026861111111
Warning: Sample at 15.7454666666667, 38.1026861111111 in A-tumida-occurrences-World+Italy+GBIF.maxent is missing some environmental data (e.g. soil-max)
Warning: Skipping sample at 15.7454666666667, 38.1026861111111
Warning: Sample at 15.7454666666667, 38.1026861111111 in A-tumida-occurrences-World+Italy+GBIF.maxent is missing some environmental data (e.g. soil-max)
Warning: Skipping sample at 15.7454666666667, 38.1026861111111
Warning: Sample at 15.7454666666667, 38.1026861111111 in A-tumida-occurrences-World+Italy+GBIF.maxent is missing some environmental data (e.g. soil-max)
Warning: Skipping sample at 15.7454666666667, 38.1026861111111
Warning: Sample at 15.7454666666667, 38.1026861111111 in A-tumida-occurrences-World+Italy+GBIF.maxent is missing some environmental data (e.g. soil-max)
Warning: Skipping sample at 15.7454666666667, 38.1026861111111
Warning: Sample at 15.7454666666667, 38.1026861111111 in A-tumida-occurrences-World+Italy+GBIF.maxent is missing some environmental data (e.g. soil-max)
Warning: Skipping sample at 15.7454666666667, 38.1026861111111
Warning: Sample at 15.7454666666667, 38.1026861111111 in A-tumida-occurrences-World+Italy+GBIF.maxent is missing some environmental data (e.g. soil-max)
Warning: Skipping sample at 15.7454666666667, 38.1026861111111
Warning: Sample at 15.7454666666667, 38.1026861111111 in A-tumida-occurrences-World+Italy+GBIF.maxent is missing some environmental data (e.g. soil-max)
Warning: Skipping sample at 15.7454666666667, 38.1026861111111
Warning: Sample at 15.7454666666667, 38.1026861111111 in A-tumida-occurrences-World+Italy+GBIF.maxent is missing some environmental data (e.g. soil-max)
Warning: Skipping sample at 15.7454666666667, 38.1026861111111
Warning: Sample at 15.7454666666667, 38.1026861111111 in A-tumida-occurrences-World+Italy+GBIF.maxent is missing some environmental data (e.g. soil-max)
Warning: Skipping sample at 15.7454666666667, 38.1026861111111
Warning: Sample at 15.7454666666667, 38.1026861111111 in A-tumida-occurrences-World+Italy+GBIF.maxent is missing some environmental data (e.g. soil-max)
Warning: Skipping sample at 15.7454666666667, 38.1026861111111
Warning: Sample at 15.7454666666667, 38.1026861111111 in A-tumida-occurrences-World+Italy+GBIF.maxent is missing some environmental data (e.g. soil-max)
Warning: Skipping sample at 15.7454666666667, 38.1026861111111
Warning: Sample at 15.7454666666667, 38.1026861111111 in A-tumida-occurrences-World+Italy+GBIF.maxent is missing some environmental data (e.g. soil-max)
Warning: Skipping sample at 15.7454666666667, 38.1026861111111
Warning: Sample at 15.7454666666667, 38.1026861111111 in A-tumida-occurrences-World+Italy+GBIF.maxent is missing some environmental data (e.g. soil-max)
Warning: Skipping sample at 15.7454666666667, 38.1026861111111
Warning: Sample at 15.7454666666667, 38.1026861111111 in A-tumida-occurrences-World+Italy+GBIF.maxent is missing some environmental data (e.g. soil-max)
Warning: Skipping sample at 15.7454666666667, 38.1026861111111
Warning: Sample at 15.7454666666667, 38.1026861111111 in A-tumida-occurrences-World+Italy+GBIF.maxent is missing some environmental data (e.g. soil-max)
Warning: Skipping sample at 15.7454666666667, 38.1026861111111
Warning: Sample at 15.7454666666667, 38.1026861111111 in A-tumida-occurrences-World+Italy+GBIF.maxent is missing some environmental data (e.g. soil-max)
Warning: Skipping sample at 15.7454666666667, 38.1026861111111
Warning: Sample at 15.7454666666667, 38.1026861111111 in A-tumida-occurrences-World+Italy+GBIF.maxent is missing some environmental data (e.g. soil-max)
Warning: Skipping sample at 15.7454666666667, 38.1026861111111
Warning: Sample at 15.7454666666667, 38.1026861111111 in A-tumida-occurrences-World+Italy+GBIF.maxent is missing some environmental data (e.g. soil-max)
Warning: Skipping sample at 15.7454666666667, 38.1026861111111
Warning: Sample at 15.7454666666667, 38.1026861111111 in A-tumida-occurrences-World+Italy+GBIF.maxent is missing some environmental data (e.g. soil-max)
Warning: Skipping sample at 15.7454666666667, 38.1026861111111
Warning: Sample at 15.7454666666667, 38.1026861111111 in A-tumida-occurrences-World+Italy+GBIF.maxent is missing some environmental data (e.g. soil-max)
Warning: Skipping sample at 15.7454666666667, 38.1026861111111
Warning: Sample at 15.7454666666667, 38.1026861111111 in A-tumida-occurrences-World+Italy+GBIF.maxent is missing some environmental data (e.g. soil-max)
Warning: Skipping sample at 15.7454666666667, 38.1026861111111
Warning: Sample at 15.7454666666667, 38.1026861111111 in A-tumida-occurrences-World+Italy+GBIF.maxent is missing some environmental data (e.g. soil-max)
Warning: Skipping sample at 15.7454666666667, 38.1026861111111
Warning: Sample at 15.7454666666667, 38.1026861111111 in A-tumida-occurrences-World+Italy+GBIF.maxent is missing some environmental data (e.g. soil-max)
Warning: Skipping sample at 15.7454666666667, 38.1026861111111
Warning: Sample at 15.7454666666667, 38.1026861111111 in A-tumida-occurrences-World+Italy+GBIF.maxent is missing some environmental data (e.g. soil-max)
Warning: Skipping sample at 15.7454666666667, 38.1026861111111
Warning: Sample at 15.7454666666667, 38.1026861111111 in A-tumida-occurrences-World+Italy+GBIF.maxent is missing some environmental data (e.g. soil-max)
Warning: Skipping sample at 15.7454666666667, 38.1026861111111
Warning: Sample at 15.7454666666667, 38.1026861111111 in A-tumida-occurrences-World+Italy+GBIF.maxent is missing some environmental data (e.g. soil-max)
Warning: Skipping sample at 15.7454666666667, 38.1026861111111
Warning: Sample at 15.7454666666667, 38.1026861111111 in A-tumida-occurrences-World+Italy+GBIF.maxent is missing some environmental data (e.g. soil-max)
Warning: Skipping sample at 15.7454666666667, 38.1026861111111
Warning: Sample at 15.7454666666667, 38.1026861111111 in A-tumida-occurrences-World+Italy+GBIF.maxent is missing some environmental data (e.g. soil-max)
Warning: Skipping sample at 15.7454666666667, 38.1026861111111
Warning: Sample at 15.7454666666667, 38.1026861111111 in A-tumida-occurrences-World+Italy+GBIF.maxent is missing some environmental data (e.g. soil-max)
Warning: Skipping sample at 15.7454666666667, 38.1026861111111
Warning: Sample at 15.7454666666667, 38.1026861111111 in A-tumida-occurrences-World+Italy+GBIF.maxent is missing some environmental data (e.g. soil-max)
Warning: Skipping sample at 15.7454666666667, 38.1026861111111
Warning: Sample at 15.7454666666667, 38.1026861111111 in A-tumida-occurrences-World+Italy+GBIF.maxent is missing some environmental data (e.g. soil-max)
Warning: Skipping sample at 15.7454666666667, 38.1026861111111
Warning: Sample at 15.7454666666667, 38.1026861111111 in A-tumida-occurrences-World+Italy+GBIF.maxent is missing some environmental data (e.g. soil-max)
Warning: Skipping sample at 15.7454666666667, 38.1026861111111
Warning: Sample at 15.7454666666667, 38.1026861111111 in A-tumida-occurrences-World+Italy+GBIF.maxent is missing some environmental data (e.g. soil-max)
Warning: Skipping sample at 15.7454666666667, 38.1026861111111
Warning: Sample at 15.7454666666667, 38.1026861111111 in A-tumida-occurrences-World+Italy+GBIF.maxent is missing some environmental data (e.g. soil-max)
Warning: Skipping sample at 15.7454666666667, 38.1026861111111
Warning: Sample at 15.7454666666667, 38.1026861111111 in A-tumida-occurrences-World+Italy+GBIF.maxent is missing some environmental data (e.g. soil-max)
Warning: Skipping sample at 15.7454666666667, 38.1026861111111
Warning: Sample at 15.7454666666667, 38.1026861111111 in A-tumida-occurrences-World+Italy+GBIF.maxent is missing some environmental data (e.g. soil-max)
Warning: Skipping sample at 15.7454666666667, 38.1026861111111
Warning: Sample at 15.7454666666667, 38.1026861111111 in A-tumida-occurrences-World+Italy+GBIF.maxent is missing some environmental data (e.g. soil-max)
Warning: Skipping sample at 15.7454666666667, 38.1026861111111
Warning: Sample at 15.7454666666667, 38.1026861111111 in A-tumida-occurrences-World+Italy+GBIF.maxent is missing some environmental data (e.g. soil-max)
Warning: Skipping sample at 15.7454666666667, 38.1026861111111
Warning: Sample at 15.7454666666667, 38.1026861111111 in A-tumida-occurrences-World+Italy+GBIF.maxent is missing some environmental data (e.g. soil-max)
Warning: Skipping sample at 15.7454666666667, 38.1026861111111
Warning: Sample at 15.7454666666667, 38.1026861111111 in A-tumida-occurrences-World+Italy+GBIF.maxent is missing some environmental data (e.g. soil-max)
Warning: Skipping sample at 15.7454666666667, 38.1026861111111
Warning: Sample at 15.7454666666667, 38.1026861111111 in A-tumida-occurrences-World+Italy+GBIF.maxent is missing some environmental data (e.g. soil-max)
Warning: Skipping sample at 15.7454666666667, 38.1026861111111
Warning: Sample at 15.7454666666667, 38.1026861111111 in A-tumida-occurrences-World+Italy+GBIF.maxent is missing some environmental data (e.g. soil-max)
Warning: Skipping sample at 15.7454666666667, 38.1026861111111
Warning: Sample at 15.7454666666667, 38.1026861111111 in A-tumida-occurrences-World+Italy+GBIF.maxent is missing some environmental data (e.g. soil-max)
Warning: Skipping sample at 15.7454666666667, 38.1026861111111
Warning: Sample at 15.7454666666667, 38.1026861111111 in A-tumida-occurrences-World+Italy+GBIF.maxent is missing some environmental data (e.g. soil-max)
Warning: Skipping sample at 15.7454666666667, 38.1026861111111
Warning: Sample at 15.7454666666667, 38.1026861111111 in A-tumida-occurrences-World+Italy+GBIF.maxent is missing some environmental data (e.g. soil-max)
Warning: Skipping sample at 15.7454666666667, 38.1026861111111
Warning: Sample at 15.7454666666667, 38.1026861111111 in A-tumida-occurrences-World+Italy+GBIF.maxent is missing some environmental data (e.g. soil-max)
Warning: Skipping sample at 15.7454666666667, 38.1026861111111
Warning: Sample at 15.7454666666667, 38.1026861111111 in A-tumida-occurrences-World+Italy+GBIF.maxent is missing some environmental data (e.g. soil-max)
Warning: Skipping sample at 15.7454666666667, 38.1026861111111
Warning: Sample at 15.7454666666667, 38.1026861111111 in A-tumida-occurrences-World+Italy+GBIF.maxent is missing some environmental data (e.g. soil-max)
Warning: Skipping sample at 15.7454666666667, 38.1026861111111
Warning: Sample at 15.7454666666667, 38.1026861111111 in A-tumida-occurrences-World+Italy+GBIF.maxent is missing some environmental data (e.g. soil-max)
Warning: Skipping sample at 15.7454666666667, 38.1026861111111
Warning: Sample at 15.7454666666667, 38.1026861111111 in A-tumida-occurrences-World+Italy+GBIF.maxent is missing some environmental data (e.g. soil-max)
Warning: Skipping sample at 15.7454666666667, 38.1026861111111
Warning: Sample at 15.7454666666667, 38.1026861111111 in A-tumida-occurrences-World+Italy+GBIF.maxent is missing some environmental data (e.g. soil-max)
Warning: Skipping sample at 15.7454666666667, 38.1026861111111
Warning: Sample at 15.7454666666667, 38.1026861111111 in A-tumida-occurrences-World+Italy+GBIF.maxent is missing some environmental data (e.g. soil-max)
Warning: Skipping sample at 15.7454666666667, 38.1026861111111
Warning: Sample at 15.9744666666667, 38.2434361111111 in A-tumida-occurrences-World+Italy+GBIF.maxent is missing some environmental data (e.g. soil-max)
Warning: Skipping sample at 15.9744666666667, 38.2434361111111
Warning: Sample at 15.9744666666667, 38.2434361111111 in A-tumida-occurrences-World+Italy+GBIF.maxent is missing some environmental data (e.g. soil-max)
Warning: Skipping sample at 15.9744666666667, 38.2434361111111
Warning: Sample at 15.9744666666667, 38.2434361111111 in A-tumida-occurrences-World+Italy+GBIF.maxent is missing some environmental data (e.g. soil-max)
Warning: Skipping sample at 15.9744666666667, 38.2434361111111
Warning: Sample at 15.9744666666667, 38.2434361111111 in A-tumida-occurrences-World+Italy+GBIF.maxent is missing some environmental data (e.g. soil-max)
Warning: Skipping sample at 15.9744666666667, 38.2434361111111
Warning: Sample at 15.9748083333333, 38.2430666666667 in A-tumida-occurrences-World+Italy+GBIF.maxent is missing some environmental data (e.g. soil-max)
Warning: Skipping sample at 15.9748083333333, 38.2430666666667
Warning: Sample at 15.9748083333333, 38.2430666666667 in A-tumida-occurrences-World+Italy+GBIF.maxent is missing some environmental data (e.g. soil-max)
Warning: Skipping sample at 15.9748083333333, 38.2430666666667
Warning: Sample at 15.9748083333333, 38.2430666666667 in A-tumida-occurrences-World+Italy+GBIF.maxent is missing some environmental data (e.g. soil-max)
Warning: Skipping sample at 15.9748083333333, 38.2430666666667
Warning: Sample at 15.9748083333333, 38.2430666666667 in A-tumida-occurrences-World+Italy+GBIF.maxent is missing some environmental data (e.g. soil-max)
Warning: Skipping sample at 15.9748083333333, 38.2430666666667
Warning: Sample at 15.9748083333333, 38.2430666666667 in A-tumida-occurrences-World+Italy+GBIF.maxent is missing some environmental data (e.g. soil-max)
Warning: Skipping sample at 15.9748083333333, 38.2430666666667
Warning: Sample at 15.9748083333333, 38.2430666666667 in A-tumida-occurrences-World+Italy+GBIF.maxent is missing some environmental data (e.g. soil-max)
Warning: Skipping sample at 15.9748083333333, 38.2430666666667
Warning: Sample at 15.9748083333333, 38.2430666666667 in A-tumida-occurrences-World+Italy+GBIF.maxent is missing some environmental data (e.g. soil-max)
Warning: Skipping sample at 15.9748083333333, 38.2430666666667
Warning: Sample at 15.9748083333333, 38.2430666666667 in A-tumida-occurrences-World+Italy+GBIF.maxent is missing some environmental data (e.g. soil-max)
Warning: Skipping sample at 15.9748083333333, 38.2430666666667
Warning: Sample at -82.366596, 23.113592 in A-tumida-occurrences-World+Italy+GBIF.maxent is missing some environmental data (e.g. soil-max)
Warning: Skipping sample at -82.366596, 23.113592
Warning: Sample at -81.532215, 23.03034 in A-tumida-occurrences-World+Italy+GBIF.maxent is missing some environmental data (e.g. soil-max)
Warning: Skipping sample at -81.532215, 23.03034
Warning: Sample at -82.911803, 22.816568 in A-tumida-occurrences-World+Italy+GBIF.maxent is missing some environmental data (e.g. soil-max)
Warning: Skipping sample at -82.911803, 22.816568
Warning: Sample at -155.665857, 19.542915 in A-tumida-occurrences-World+Italy+GBIF.maxent is missing some environmental data (e.g. soil-max)
Warning: Skipping sample at -155.665857, 19.542915
Warning: Sample at -155.073765, 19.653754 in A-tumida-occurrences-World+Italy+GBIF.maxent is missing some environmental data (e.g. soil-max)
Warning: Skipping sample at -155.073765, 19.653754
Warning: Sample at -88.396754, 18.40308 in A-tumida-occurrences-World+Italy+GBIF.maxent is missing some environmental data (e.g. soil-max)
Warning: Skipping sample at -88.396754, 18.40308
Warning: Sample at -88.396754, 18.40308 in A-tumida-occurrences-World+Italy+GBIF.maxent is missing some environmental data (e.g. soil-max)
Warning: Skipping sample at -88.396754, 18.40308
Warning: Sample at -88.142559, 18.354812 in A-tumida-occurrences-World+Italy+GBIF.maxent is missing some environmental data (e.g. soil-max)
Warning: Skipping sample at -88.142559, 18.354812
Warning: Sample at -86.872215, 12.114993 in A-tumida-occurrences-World+Italy+GBIF.maxent is missing some environmental data (e.g. soil-max)
Warning: Skipping sample at -86.872215, 12.114993
Warning: Sample at -86.05296, 11.955006 in A-tumida-occurrences-World+Italy+GBIF.maxent is missing some environmental data (e.g. soil-max)
Warning: Skipping sample at -86.05296, 11.955006
Warning: Sample at -85.63064, 11.070827 in A-tumida-occurrences-World+Italy+GBIF.maxent is missing some environmental data (e.g. soil-max)
Warning: Skipping sample at -85.63064, 11.070827
Warning: Sample at -85.413051, 11.066564 in A-tumida-occurrences-World+Italy+GBIF.maxent is missing some environmental data (e.g. soil-max)
Warning: Skipping sample at -85.413051, 11.066564
Warning: Sample at 20.939444, 6.611111 in A-tumida-occurrences-World+Italy+GBIF.maxent is missing some environmental data (e.g. soil-max)
Warning: Skipping sample at 20.939444, 6.611111
Warning: Sample at 15.827659, -0.228021 in A-tumida-occurrences-World+Italy+GBIF.maxent is missing some environmental data (e.g. soil-max)
Warning: Skipping sample at 15.827659, -0.228021
Warning: Sample at 21.758664, -4.038333 in A-tumida-occurrences-World+Italy+GBIF.maxent is missing some environmental data (e.g. soil-max)
Warning: Skipping sample at 21.758664, -4.038333
Warning: Sample at -43.172896, -22.906847 in A-tumida-occurrences-World+Italy+GBIF.maxent is missing some environmental data (e.g. soil-max)
Warning: Skipping sample at -43.172896, -22.906847
Warning: Sample at -46.396136, -23.960745 in A-tumida-occurrences-World+Italy+GBIF.maxent is missing some environmental data (e.g. soil-max)
Warning: Skipping sample at -46.396136, -23.960745
Warning: Sample at -46.326409, -23.95613 in A-tumida-occurrences-World+Italy+GBIF.maxent is missing some environmental data (e.g. soil-max)
Warning: Skipping sample at -46.326409, -23.95613
209280 points with values for all grids
Adding samples to background in feature space
Command line used: 
Command line to repeat: java density.MaxEnt nowarnings noprefixes jackknife outputdirectory=/home/viktor/Temp/me2 samplesfile=/home/viktor/Dropbox/Work/20p/a-tumida-sdd/maxent-input/A-tumida-occurrences-World+Italy+GBIF.maxent environmentallayers=/home/viktor/Dropbox/Work/20p/a-tumida-sdd/env-var -N bioclim_10 -N bioclim_11 -N bioclim_12 -N bioclim_13 -N bioclim_14 -N bioclim_15 -N bioclim_16 -N bioclim_17 -N bioclim_18 -N bioclim_19 -N bioclim_2 -N bioclim_3 -N bioclim_4 -N bioclim_7 -N bioclim_8 -N bioclim_9
Species: aetina_tumida
Layers: bioclim_1 bioclim_5 bioclim_6 soil-max soil-mean soil-min
Layertypes: Continuous Continuous Continuous Continuous Continuous Continuous
jackknife: true
outputdirectory: /home/viktor/Temp/me2
samplesfile: /home/viktor/Dropbox/Work/20p/a-tumida-sdd/maxent-input/A-tumida-occurrences-World+Italy+GBIF.maxent
environmentallayers: /home/viktor/Dropbox/Work/20p/a-tumida-sdd/env-var

getSamples: max memory 477626368, total allocated 108527616, free 36211032, used 72316584, increment 6646592
Making features
makeFeatures: max memory 477626368, total allocated 108527616, free 33552376, used 74975240, increment 2658656
aetina_tumida: 
Regularization values: linear/quadratic/product: 0.050, categorical: 0.250, threshold: 1.000, hinge: 0.500
120 samples
Density: max memory 477626368, total allocated 108527616, free 25192536, used 83335080, increment 8359840
linearPredictor: max memory 477626368, total allocated 108527616, free 25111592, used 83416024, increment 80944
FeaturedSpace: max memory 477626368, total allocated 108527616, free 25111592, used 83416024, increment 0
Sequential: max memory 477626368, total allocated 108527616, free 25111592, used 83416024, increment 0
Initial loss: 9.221873607789856
Time since start: 13.644
500: time = 13.286000 loss = 8.264732
Resulting gain: 0.9571415983810763
Projecting...
Writing file /home/viktor/Temp/me2/aetina_tumida.asc
Time since start: 14.96
Writing /home/viktor/Temp/me2/plots/aetina_tumida.png
Time since start: 15.982
Jackknife: leave bioclim_1 out
Making features
makeFeatures: max memory 477626368, total allocated 138936320, free 41320472, used 97615848, increment 14199824
aetina_tumida bioclim_1: 
Regularization values: linear/quadratic/product: 0.050, categorical: 0.250, threshold: 1.000, hinge: 0.500
120 samples
Density: max memory 477626368, total allocated 155189248, free 127058088, used 28131160, increment -69484688
linearPredictor: max memory 477626368, total allocated 155189248, free 127058088, used 28131160, increment 0
FeaturedSpace: max memory 477626368, total allocated 155189248, free 127058088, used 28131160, increment 0
Sequential: max memory 477626368, total allocated 155189248, free 127058088, used 28131160, increment 0
Initial loss: 9.221873607789856
Time since start: 27.962
500: time = 11.846000 loss = 8.263869
Jackknife: leave bioclim_5 out
Making features
makeFeatures: max memory 477626368, total allocated 100139008, free 61731840, used 38407168, increment 10276008
aetina_tumida bioclim_5: 
Regularization values: linear/quadratic/product: 0.050, categorical: 0.250, threshold: 1.000, hinge: 0.500
120 samples
Density: max memory 477626368, total allocated 100139008, free 54101624, used 46037384, increment 7630216
linearPredictor: max memory 477626368, total allocated 100139008, free 54101624, used 46037384, increment 0
FeaturedSpace: max memory 477626368, total allocated 100139008, free 54101624, used 46037384, increment 0
Sequential: max memory 477626368, total allocated 100139008, free 54101624, used 46037384, increment 0
Initial loss: 9.221873607789856
Time since start: 39.258
500: time = 11.221000 loss = 8.371492
Jackknife: leave bioclim_6 out
Making features
makeFeatures: max memory 477626368, total allocated 101187584, free 59899720, used 41287864, increment -4749520
aetina_tumida bioclim_6: 
Regularization values: linear/quadratic/product: 0.050, categorical: 0.250, threshold: 1.000, hinge: 0.500
120 samples
Density: max memory 477626368, total allocated 101187584, free 52502088, used 48685496, increment 7397632
linearPredictor: max memory 477626368, total allocated 101187584, free 52502088, used 48685496, increment 0
FeaturedSpace: max memory 477626368, total allocated 101187584, free 52502088, used 48685496, increment 0
Sequential: max memory 477626368, total allocated 101187584, free 52502088, used 48685496, increment 0
Initial loss: 9.221873607789856
Time since start: 50.215
500: time = 10.880000 loss = 8.297032
Jackknife: leave soil-max out
Making features
makeFeatures: max memory 477626368, total allocated 105906176, free 29348552, used 76557624, increment 27872128
aetina_tumida soil-max: 
Regularization values: linear/quadratic/product: 0.050, categorical: 0.250, threshold: 1.000, hinge: 0.500
120 samples
Density: max memory 477626368, total allocated 105906176, free 22497648, used 83408528, increment 6850904
linearPredictor: max memory 477626368, total allocated 105906176, free 22416704, used 83489472, increment 80944
FeaturedSpace: max memory 477626368, total allocated 105906176, free 22416704, used 83489472, increment 0
Sequential: max memory 477626368, total allocated 105906176, free 22416704, used 83489472, increment 0
Initial loss: 9.221873607789856
Time since start: 60.201
500: time = 9.911000 loss = 8.271869
Jackknife: leave soil-mean out
Making features
makeFeatures: max memory 477626368, total allocated 108527616, free 27989008, used 80538608, increment -2950864
aetina_tumida soil-mean: 
Regularization values: linear/quadratic/product: 0.050, categorical: 0.250, threshold: 1.000, hinge: 0.500
120 samples
Density: max memory 477626368, total allocated 108527616, free 20935320, used 87592296, increment 7053688
linearPredictor: max memory 477626368, total allocated 108527616, free 20935320, used 87592296, increment 0
FeaturedSpace: max memory 477626368, total allocated 108527616, free 20935320, used 87592296, increment 0
Sequential: max memory 477626368, total allocated 108527616, free 20935320, used 87592296, increment 0
Initial loss: 9.221873607789856
Time since start: 69.804
500: time = 9.521000 loss = 8.330895
Jackknife: leave soil-min out
Making features
makeFeatures: max memory 477626368, total allocated 130547712, free 42291872, used 88255840, increment 663544
aetina_tumida soil-min: 
Regularization values: linear/quadratic/product: 0.050, categorical: 0.250, threshold: 1.000, hinge: 0.500
120 samples
Density: max memory 477626368, total allocated 130547712, free 34631800, used 95915912, increment 7660072
linearPredictor: max memory 477626368, total allocated 130547712, free 34631800, used 95915912, increment 0
FeaturedSpace: max memory 477626368, total allocated 130547712, free 34631800, used 95915912, increment 0
Sequential: max memory 477626368, total allocated 130547712, free 34631800, used 95915912, increment 0
Initial loss: 9.221873607789856
Time since start: 79.413
500: time = 9.536000 loss = 8.279183
Jackknife: only bioclim_1
Making features
makeFeatures: max memory 477626368, total allocated 109051904, free 63290456, used 45761448, increment -50154464
aetina_tumida bioclim_1: 
Regularization values: linear/quadratic/product: 0.050, categorical: 0.250, threshold: 1.000, hinge: 0.500
120 samples
Density: max memory 477626368, total allocated 109051904, free 62153472, used 46898432, increment 1136984
linearPredictor: max memory 477626368, total allocated 109051904, free 62153472, used 46898432, increment 0
FeaturedSpace: max memory 477626368, total allocated 109051904, free 62153472, used 46898432, increment 0
Sequential: max memory 477626368, total allocated 109051904, free 62153472, used 46898432, increment 0
Initial loss: 9.221873607789856
Time since start: 81.362
500: time = 1.933000 loss = 8.724373
Res.gain: 0.4975003692292219
Jackknife: only bioclim_5
Making features
makeFeatures: max memory 477626368, total allocated 98041856, free 45708840, used 52333016, increment 5434584
aetina_tumida bioclim_5: 
Regularization values: linear/quadratic/product: 0.050, categorical: 0.250, threshold: 1.000, hinge: 0.500
120 samples
Density: max memory 477626368, total allocated 98041856, free 44208016, used 53833840, increment 1500824
linearPredictor: max memory 477626368, total allocated 98041856, free 44208016, used 53833840, increment 0
FeaturedSpace: max memory 477626368, total allocated 98041856, free 44208016, used 53833840, increment 0
Sequential: max memory 477626368, total allocated 98041856, free 44208016, used 53833840, increment 0
Initial loss: 9.221873607789856
240: time = 0.982000 loss = 8.626074
Res.gain: 0.5957991310362534
Jackknife: only bioclim_6
Making features
makeFeatures: max memory 477626368, total allocated 94371840, free 40760384, used 53611456, increment -222384
aetina_tumida bioclim_6: 
Regularization values: linear/quadratic/product: 0.050, categorical: 0.250, threshold: 1.000, hinge: 0.500
Time since start: 82.369
120 samples
Density: max memory 477626368, total allocated 94371840, free 39709832, used 54662008, increment 1050552
linearPredictor: max memory 477626368, total allocated 94371840, free 39628888, used 54742952, increment 80944
FeaturedSpace: max memory 477626368, total allocated 94371840, free 39628888, used 54742952, increment 0
Sequential: max memory 477626368, total allocated 94371840, free 39628888, used 54742952, increment 0
Initial loss: 9.221873607789856
Time since start: 83.507
220: time = 1.136000 loss = 8.818549
Res.gain: 0.4033242883970729
Jackknife: only soil-max
Making features
makeFeatures: max memory 477626368, total allocated 95420416, free 45749816, used 49670600, increment -5072352
aetina_tumida soil-max: 
Regularization values: linear/quadratic/product: 0.050, categorical: 0.250, threshold: 1.000, hinge: 0.500
120 samples
Density: max memory 477626368, total allocated 95420416, free 44307560, used 51112856, increment 1442256
linearPredictor: max memory 477626368, total allocated 95420416, free 44226616, used 51193800, increment 80944
FeaturedSpace: max memory 477626368, total allocated 95420416, free 44226616, used 51193800, increment 0
Sequential: max memory 477626368, total allocated 95420416, free 44226616, used 51193800, increment 0
Initial loss: 9.221873607789856
Time since start: 84.664
180: time = 1.141000 loss = 8.938834
Res.gain: 0.2830399379660591
Jackknife: only soil-mean
Making features
makeFeatures: max memory 477626368, total allocated 103284736, free 61491448, used 41793288, increment -9400512
aetina_tumida soil-mean: 
Regularization values: linear/quadratic/product: 0.050, categorical: 0.250, threshold: 1.000, hinge: 0.500
120 samples
Density: max memory 477626368, total allocated 103284736, free 60193160, used 43091576, increment 1298288
linearPredictor: max memory 477626368, total allocated 103284736, free 60112216, used 43172520, increment 80944
FeaturedSpace: max memory 477626368, total allocated 103284736, free 60112216, used 43172520, increment 0
Sequential: max memory 477626368, total allocated 103284736, free 60112216, used 43172520, increment 0
Initial loss: 9.221873607789856
Time since start: 86.393
260: time = 1.714000 loss = 8.957523
Res.gain: 0.264351019918573
Jackknife: only soil-min
Making features
makeFeatures: max memory 477626368, total allocated 110100480, free 64481016, used 45619464, increment 2446944
aetina_tumida soil-min: 
Regularization values: linear/quadratic/product: 0.050, categorical: 0.250, threshold: 1.000, hinge: 0.500
120 samples
Density: max memory 477626368, total allocated 110100480, free 63488432, used 46612048, increment 992584
linearPredictor: max memory 477626368, total allocated 110100480, free 63488432, used 46612048, increment 0
FeaturedSpace: max memory 477626368, total allocated 110100480, free 63488432, used 46612048, increment 0
Sequential: max memory 477626368, total allocated 110100480, free 63488432, used 46612048, increment 0
Initial loss: 9.221873607789856
Time since start: 87.436
160: time = 1.027000 loss = 9.107052
Res.gain: 0.1148214998341448
Ending
