Wed Jul 15 13:30:37 CEST 2020
MaxEnt version 3.4.1
Checking header of /home/viktsend/Dropbox/Work/20p/a-tumida-sdd/environmental-layers/bioclim_10.asc
Checking header of /home/viktsend/Dropbox/Work/20p/a-tumida-sdd/environmental-layers/bioclim_16.asc
Checking header of /home/viktsend/Dropbox/Work/20p/a-tumida-sdd/environmental-layers/bioclim_17.asc
Reading samples from A-tumida-occurrences-World+Italy+GBIF+New.maxent
Read samples: max memory 536870912, total allocated 526385152, free 368160928, used 158224224, increment 15025872
Warning: Sample at 0.0, 0.0 in A-tumida-occurrences-World+Italy+GBIF+New.maxent is outside the bounding box of environmental data, skipping
Time since start: 1.568
Extractor: max memory 536870912, total allocated 526385152, free 359250080, used 167135072, increment 8910848
Extracting random background and sample data
265111 points with values for all grids
Adding samples to background in feature space
Command line used: 
Command line to repeat: java density.MaxEnt nowarnings noprefixes jackknife outputdirectory=/home/viktsend/Dropbox/Work/20p/a-tumida-sdd/output/m4 samplesfile=/home/viktsend/Dropbox/Work/20p/a-tumida-sdd/samples/A-tumida-occurrences-World+Italy+GBIF+New.maxent environmentallayers=/home/viktsend/Dropbox/Work/20p/a-tumida-sdd/environmental-layers replicates=10 -N bioclim_1 -N bioclim_11 -N bioclim_12 -N bioclim_13 -N bioclim_14 -N bioclim_15 -N bioclim_18 -N bioclim_19 -N bioclim_2 -N bioclim_3 -N bioclim_4 -N bioclim_5 -N bioclim_6 -N bioclim_7 -N bioclim_8 -N bioclim_9 -N soil-max -N soil-mean -N soil-min
Species: aetina_tumida_0 aetina_tumida_1 aetina_tumida_2 aetina_tumida_3 aetina_tumida_4 aetina_tumida_5 aetina_tumida_6 aetina_tumida_7 aetina_tumida_8 aetina_tumida_9
Layers: bioclim_10 bioclim_16 bioclim_17
Layertypes: Continuous Continuous Continuous
jackknife: true
outputdirectory: /home/viktsend/Dropbox/Work/20p/a-tumida-sdd/output/m4
samplesfile: /home/viktsend/Dropbox/Work/20p/a-tumida-sdd/samples/A-tumida-occurrences-World+Italy+GBIF+New.maxent
environmentallayers: /home/viktsend/Dropbox/Work/20p/a-tumida-sdd/environmental-layers
replicates: 10

getSamples: max memory 536870912, total allocated 526385152, free 353480864, used 172904288, increment 5769216
Making features
makeFeatures: max memory 536870912, total allocated 526385152, free 352877512, used 173507640, increment 603352
aetina_tumida_0: 
Regularization values: linear/quadratic/product: 0.050, categorical: 0.250, threshold: 1.000, hinge: 0.500
145 samples
Density: max memory 536870912, total allocated 526385152, free 346586056, used 179799096, increment 6291456
linearPredictor: max memory 536870912, total allocated 526385152, free 346504944, used 179880208, increment 81112
FeaturedSpace: max memory 536870912, total allocated 526385152, free 346504944, used 179880208, increment 0
Sequential: max memory 536870912, total allocated 526385152, free 346504944, used 179880208, increment 0
Initial loss: 9.2239473753824
Initial test loss: 9.2239473753824
Time since start: 3.238
500: time = 1.538000 loss = 8.172802 testLoss 8.510926
Resulting gain: 1.0511457346145523
Projecting...
Writing file /home/viktsend/Dropbox/Work/20p/a-tumida-sdd/output/m4/aetina_tumida_0.asc
Time since start: 4.374
Writing /home/viktsend/Dropbox/Work/20p/a-tumida-sdd/output/m4/plots/aetina_tumida_0.png
Jackknife: leave bioclim_10 out
Making features
makeFeatures: max memory 536870912, total allocated 526385152, free 301217504, used 225167648, increment 45287440
aetina_tumida_0 bioclim_10: 
Regularization values: linear/quadratic/product: 0.050, categorical: 0.250, threshold: 1.000, hinge: 0.500
145 samples
Density: max memory 536870912, total allocated 526385152, free 297301024, used 229084128, increment 3916480
linearPredictor: max memory 536870912, total allocated 526385152, free 297301024, used 229084128, increment 0
FeaturedSpace: max memory 536870912, total allocated 526385152, free 297301024, used 229084128, increment 0
Sequential: max memory 536870912, total allocated 526385152, free 297301024, used 229084128, increment 0
Initial loss: 9.2239473753824
Initial test loss: 9.2239473753824
Time since start: 5.554
320: time = 0.805000 loss = 8.561317 testLoss 8.817210
Jackknife: leave bioclim_16 out
Making features
makeFeatures: max memory 536870912, total allocated 526385152, free 234543544, used 291841608, increment 62757480
aetina_tumida_0 bioclim_16: 
Regularization values: linear/quadratic/product: 0.050, categorical: 0.250, threshold: 1.000, hinge: 0.500
145 samples
Density: max memory 536870912, total allocated 526385152, free 232329576, used 294055576, increment 2213968
linearPredictor: max memory 536870912, total allocated 526385152, free 231803240, used 294581912, increment 526336
FeaturedSpace: max memory 536870912, total allocated 526385152, free 231803240, used 294581912, increment 0
Sequential: max memory 536870912, total allocated 526385152, free 231803240, used 294581912, increment 0
Initial loss: 9.2239473753824
Initial test loss: 9.2239473753824
Time since start: 6.587
480: time = 0.982000 loss = 8.370677 testLoss 8.774913
Jackknife: leave bioclim_17 out
Making features
makeFeatures: max memory 536870912, total allocated 526385152, free 307032016, used 219353136, increment -75228776
aetina_tumida_0 bioclim_17: 
Regularization values: linear/quadratic/product: 0.050, categorical: 0.250, threshold: 1.000, hinge: 0.500
145 samples
Density: max memory 536870912, total allocated 526385152, free 304544376, used 221840776, increment 2487640
linearPredictor: max memory 536870912, total allocated 526385152, free 304463264, used 221921888, increment 81112
FeaturedSpace: max memory 536870912, total allocated 526385152, free 304463264, used 221921888, increment 0
Sequential: max memory 536870912, total allocated 526385152, free 304463264, used 221921888, increment 0
Initial loss: 9.2239473753824
Initial test loss: 9.2239473753824
Time since start: 7.706
440: time = 1.072000 loss = 8.344379 testLoss 8.418051
Jackknife: only bioclim_10
Making features
makeFeatures: max memory 536870912, total allocated 526385152, free 453574208, used 72810944, increment -149110944
aetina_tumida_0 bioclim_10: 
Regularization values: linear/quadratic/product: 0.050, categorical: 0.250, threshold: 1.000, hinge: 0.500
145 samples
Density: max memory 536870912, total allocated 526385152, free 452435512, used 73949640, increment 1138696
linearPredictor: max memory 536870912, total allocated 526385152, free 452354400, used 74030752, increment 81112
FeaturedSpace: max memory 536870912, total allocated 526385152, free 452354400, used 74030752, increment 0
Sequential: max memory 536870912, total allocated 526385152, free 452354400, used 74030752, increment 0
Initial loss: 9.2239473753824
Initial test loss: 9.2239473753824
400: time = 0.545000 loss = 8.697751 testLoss 8.693756
Res.gain: 0.5261965902273538
Jackknife: only bioclim_16
Making features
makeFeatures: max memory 536870912, total allocated 526385152, free 346481424, used 179903728, increment 105872976
aetina_tumida_0 bioclim_16: 
Regularization values: linear/quadratic/product: 0.050, categorical: 0.250, threshold: 1.000, hinge: 0.500
145 samples
Density: max memory 536870912, total allocated 526385152, free 344947584, used 181437568, increment 1533840
linearPredictor: max memory 536870912, total allocated 526385152, free 344947584, used 181437568, increment 0
FeaturedSpace: max memory 536870912, total allocated 526385152, free 344947584, used 181437568, increment 0
Sequential: max memory 536870912, total allocated 526385152, free 344947584, used 181437568, increment 0
Initial loss: 9.2239473753824
Initial test loss: 9.2239473753824
220: time = 0.384000 loss = 8.682122 testLoss 8.762590
Res.gain: 0.5418249199575644
Jackknife: only bioclim_17
Making features
makeFeatures: max memory 536870912, total allocated 526385152, free 345859152, used 180526000, increment -911568
aetina_tumida_0 bioclim_17: 
Regularization values: linear/quadratic/product: 0.050, categorical: 0.250, threshold: 1.000, hinge: 0.500
145 samples
Density: max memory 536870912, total allocated 526385152, free 344407368, used 181977784, increment 1451784
linearPredictor: max memory 536870912, total allocated 526385152, free 344407368, used 181977784, increment 0
FeaturedSpace: max memory 536870912, total allocated 526385152, free 344407368, used 181977784, increment 0
Sequential: max memory 536870912, total allocated 526385152, free 344407368, used 181977784, increment 0
Initial loss: 9.2239473753824
Initial test loss: 9.2239473753824
Time since start: 9.303
500: time = 0.612000 loss = 8.864732 testLoss 9.194689
Res.gain: 0.35921543716105475
getSamples: max memory 536870912, total allocated 526385152, free 286800904, used 239584248, increment 57606464
Making features
makeFeatures: max memory 536870912, total allocated 526385152, free 286102672, used 240282480, increment 698232
aetina_tumida_1: 
Regularization values: linear/quadratic/product: 0.050, categorical: 0.250, threshold: 1.000, hinge: 0.500
145 samples
Density: max memory 536870912, total allocated 526385152, free 282526960, used 243858192, increment 3575712
linearPredictor: max memory 536870912, total allocated 526385152, free 282445872, used 243939280, increment 81088
FeaturedSpace: max memory 536870912, total allocated 526385152, free 282445872, used 243939280, increment 0
Sequential: max memory 536870912, total allocated 526385152, free 282445872, used 243939280, increment 0
Initial loss: 9.223651386035854
Initial test loss: 9.223651386035854
Time since start: 10.412
340: time = 1.051000 loss = 8.217329 testLoss 8.106197
Resulting gain: 1.0063226232062306
Projecting...
Writing file /home/viktsend/Dropbox/Work/20p/a-tumida-sdd/output/m4/aetina_tumida_1.asc
Writing /home/viktsend/Dropbox/Work/20p/a-tumida-sdd/output/m4/plots/aetina_tumida_1.png
Time since start: 11.42
Jackknife: leave bioclim_10 out
Making features
makeFeatures: max memory 536870912, total allocated 526385152, free 453257184, used 73127968, increment -170811312
aetina_tumida_1 bioclim_10: 
Regularization values: linear/quadratic/product: 0.050, categorical: 0.250, threshold: 1.000, hinge: 0.500
145 samples
Density: max memory 536870912, total allocated 526385152, free 450496928, used 75888224, increment 2760256
linearPredictor: max memory 536870912, total allocated 526385152, free 450496928, used 75888224, increment 0
FeaturedSpace: max memory 536870912, total allocated 526385152, free 450496928, used 75888224, increment 0
Sequential: max memory 536870912, total allocated 526385152, free 450496928, used 75888224, increment 0
Initial loss: 9.223651386035854
Initial test loss: 9.223651386035854
300: time = 0.686000 loss = 8.604725 testLoss 8.470117
Jackknife: leave bioclim_16 out
Making features
makeFeatures: max memory 536870912, total allocated 526385152, free 439585704, used 86799448, increment 10911224
aetina_tumida_1 bioclim_16: 
Regularization values: linear/quadratic/product: 0.050, categorical: 0.250, threshold: 1.000, hinge: 0.500
145 samples
Density: max memory 536870912, total allocated 526385152, free 437518072, used 88867080, increment 2067632
linearPredictor: max memory 536870912, total allocated 526385152, free 437436984, used 88948168, increment 81088
FeaturedSpace: max memory 536870912, total allocated 526385152, free 437436984, used 88948168, increment 0
Sequential: max memory 536870912, total allocated 526385152, free 437436984, used 88948168, increment 0
Initial loss: 9.223651386035854
Initial test loss: 9.223651386035854
Time since start: 12.834
320: time = 0.687000 loss = 8.421959 testLoss 8.310539
Jackknife: leave bioclim_17 out
Making features
makeFeatures: max memory 536870912, total allocated 526385152, free 494564096, used 31821056, increment -57127112
aetina_tumida_1 bioclim_17: 
Regularization values: linear/quadratic/product: 0.050, categorical: 0.250, threshold: 1.000, hinge: 0.500
145 samples
Density: max memory 536870912, total allocated 526385152, free 491696048, used 34689104, increment 2868048
linearPredictor: max memory 536870912, total allocated 526385152, free 491696048, used 34689104, increment 0
FeaturedSpace: max memory 536870912, total allocated 526385152, free 491696048, used 34689104, increment 0
Sequential: max memory 536870912, total allocated 526385152, free 491696048, used 34689104, increment 0
Initial loss: 9.223651386035854
Initial test loss: 9.223651386035854
420: time = 0.960000 loss = 8.369523 testLoss 8.205129
Jackknife: only bioclim_10
Making features
makeFeatures: max memory 536870912, total allocated 526385152, free 399487008, used 126898144, increment 92209040
aetina_tumida_1 bioclim_10: 
Regularization values: linear/quadratic/product: 0.050, categorical: 0.250, threshold: 1.000, hinge: 0.500
145 samples
Density: max memory 536870912, total allocated 526385152, free 398466744, used 127918408, increment 1020264
linearPredictor: max memory 536870912, total allocated 526385152, free 398385656, used 127999496, increment 81088
FeaturedSpace: max memory 536870912, total allocated 526385152, free 398385656, used 127999496, increment 0
Sequential: max memory 536870912, total allocated 526385152, free 398385656, used 127999496, increment 0
Initial loss: 9.223651386035854
Initial test loss: 9.223651386035854
Time since start: 14.287
300: time = 0.454000 loss = 8.704081 testLoss 8.620401
Res.gain: 0.5195701495442826
Jackknife: only bioclim_16
Making features
makeFeatures: max memory 536870912, total allocated 526385152, free 397518520, used 128866632, increment 867136
aetina_tumida_1 bioclim_16: 
Regularization values: linear/quadratic/product: 0.050, categorical: 0.250, threshold: 1.000, hinge: 0.500
145 samples
Density: max memory 536870912, total allocated 526385152, free 396192656, used 130192496, increment 1325864
linearPredictor: max memory 536870912, total allocated 526385152, free 396111568, used 130273584, increment 81088
FeaturedSpace: max memory 536870912, total allocated 526385152, free 396111568, used 130273584, increment 0
Sequential: max memory 536870912, total allocated 526385152, free 396111568, used 130273584, increment 0
Initial loss: 9.223651386035854
Initial test loss: 9.223651386035854
200: time = 0.356000 loss = 8.709208 testLoss 8.542714
Res.gain: 0.5144431667369975
Jackknife: only bioclim_17
Making features
makeFeatures: max memory 536870912, total allocated 526385152, free 420949344, used 105435808, increment -24837776
aetina_tumida_1 bioclim_17: 
Regularization values: linear/quadratic/product: 0.050, categorical: 0.250, threshold: 1.000, hinge: 0.500
145 samples
Density: max memory 536870912, total allocated 526385152, free 420210632, used 106174520, increment 738712
linearPredictor: max memory 536870912, total allocated 526385152, free 420129544, used 106255608, increment 81088
FeaturedSpace: max memory 536870912, total allocated 526385152, free 420129544, used 106255608, increment 0
Sequential: max memory 536870912, total allocated 526385152, free 420129544, used 106255608, increment 0
Initial loss: 9.223651386035854
Initial test loss: 9.223651386035854
480: time = 0.560000 loss = 8.902155 testLoss 8.881535
Res.gain: 0.32149622102825326
getSamples: max memory 536870912, total allocated 526385152, free 375010584, used 151374568, increment 45118960
Making features
makeFeatures: max memory 536870912, total allocated 526385152, free 374185552, used 152199600, increment 825032
aetina_tumida_2: 
Regularization values: linear/quadratic/product: 0.050, categorical: 0.250, threshold: 1.000, hinge: 0.500
146 samples
Density: max memory 536870912, total allocated 526385152, free 370250848, used 156134304, increment 3934704
linearPredictor: max memory 536870912, total allocated 526385152, free 370250848, used 156134304, increment 0
FeaturedSpace: max memory 536870912, total allocated 526385152, free 370250848, used 156134304, increment 0
Sequential: max memory 536870912, total allocated 526385152, free 370250848, used 156134304, increment 0
Initial loss: 9.2237500588861
Initial test loss: 9.2237500588861
Time since start: 16.557
440: time = 1.273000 loss = 8.267596 testLoss 7.663158
Resulting gain: 0.9561542792998399
Projecting...
Writing file /home/viktsend/Dropbox/Work/20p/a-tumida-sdd/output/m4/aetina_tumida_2.asc
Writing /home/viktsend/Dropbox/Work/20p/a-tumida-sdd/output/m4/plots/aetina_tumida_2.png
Jackknife: leave bioclim_10 out
Making features
makeFeatures: max memory 536870912, total allocated 526385152, free 233697288, used 292687864, increment 136553560
aetina_tumida_2 bioclim_10: 
Regularization values: linear/quadratic/product: 0.050, categorical: 0.250, threshold: 1.000, hinge: 0.500
146 samples
Density: max memory 536870912, total allocated 526385152, free 231609192, used 294775960, increment 2088096
linearPredictor: max memory 536870912, total allocated 526385152, free 231528096, used 294857056, increment 81096
FeaturedSpace: max memory 536870912, total allocated 526385152, free 231528096, used 294857056, increment 0
Sequential: max memory 536870912, total allocated 526385152, free 231528096, used 294857056, increment 0
Initial loss: 9.2237500588861
Initial test loss: 9.2237500588861
Time since start: 18.259
320: time = 0.782000 loss = 8.630508 testLoss 8.237024
Jackknife: leave bioclim_16 out
Making features
makeFeatures: max memory 536870912, total allocated 526385152, free 483521384, used 42863768, increment -251993288
aetina_tumida_2 bioclim_16: 
Regularization values: linear/quadratic/product: 0.050, categorical: 0.250, threshold: 1.000, hinge: 0.500
146 samples
Density: max memory 536870912, total allocated 526385152, free 481036696, used 45348456, increment 2484688
linearPredictor: max memory 536870912, total allocated 526385152, free 481036696, used 45348456, increment 0
FeaturedSpace: max memory 536870912, total allocated 526385152, free 481036696, used 45348456, increment 0
Sequential: max memory 536870912, total allocated 526385152, free 481036696, used 45348456, increment 0
Initial loss: 9.2237500588861
Initial test loss: 9.2237500588861
320: time = 0.746000 loss = 8.462394 testLoss 7.957699
Jackknife: leave bioclim_17 out
Making features
makeFeatures: max memory 536870912, total allocated 526385152, free 231821632, used 294563520, increment 249215064
aetina_tumida_2 bioclim_17: 
Regularization values: linear/quadratic/product: 0.050, categorical: 0.250, threshold: 1.000, hinge: 0.500
146 samples
Density: max memory 536870912, total allocated 526385152, free 229293432, used 297091720, increment 2528200
linearPredictor: max memory 536870912, total allocated 526385152, free 229212336, used 297172816, increment 81096
FeaturedSpace: max memory 536870912, total allocated 526385152, free 229212336, used 297172816, increment 0
Sequential: max memory 536870912, total allocated 526385152, free 229212336, used 297172816, increment 0
Initial loss: 9.2237500588861
Initial test loss: 9.2237500588861
Time since start: 19.937
340: time = 0.881000 loss = 8.399591 testLoss 7.951851
Jackknife: only bioclim_10
Making features
makeFeatures: max memory 536870912, total allocated 526385152, free 327678992, used 198706160, increment -98466656
aetina_tumida_2 bioclim_10: 
Regularization values: linear/quadratic/product: 0.050, categorical: 0.250, threshold: 1.000, hinge: 0.500
146 samples
Density: max memory 536870912, total allocated 526385152, free 326177984, used 200207168, increment 1501008
linearPredictor: max memory 536870912, total allocated 526385152, free 326177984, used 200207168, increment 0
FeaturedSpace: max memory 536870912, total allocated 526385152, free 326177984, used 200207168, increment 0
Sequential: max memory 536870912, total allocated 526385152, free 326177984, used 200207168, increment 0
Initial loss: 9.2237500588861
Initial test loss: 9.2237500588861
140: time = 0.256000 loss = 8.719650 testLoss 8.506059
Res.gain: 0.5041004082455309
Jackknife: only bioclim_16
Making features
makeFeatures: max memory 536870912, total allocated 526385152, free 487664304, used 38720848, increment -161486320
aetina_tumida_2 bioclim_16: 
Regularization values: linear/quadratic/product: 0.050, categorical: 0.250, threshold: 1.000, hinge: 0.500
146 samples
Density: max memory 536870912, total allocated 526385152, free 486341592, used 40043560, increment 1322712
linearPredictor: max memory 536870912, total allocated 526385152, free 486260496, used 40124656, increment 81096
FeaturedSpace: max memory 536870912, total allocated 526385152, free 486260496, used 40124656, increment 0
Sequential: max memory 536870912, total allocated 526385152, free 486260496, used 40124656, increment 0
Initial loss: 9.2237500588861
Initial test loss: 9.2237500588861
260: time = 0.476000 loss = 8.715846 testLoss 8.480693
Res.gain: 0.5079037467407801
Jackknife: only bioclim_17
Making features
makeFeatures: max memory 536870912, total allocated 526385152, free 428504440, used 97880712, increment 57756056
aetina_tumida_2 bioclim_17: 
Regularization values: linear/quadratic/product: 0.050, categorical: 0.250, threshold: 1.000, hinge: 0.500
146 samples
Density: max memory 536870912, total allocated 526385152, free 427066176, used 99318976, increment 1438264
linearPredictor: max memory 536870912, total allocated 526385152, free 427066176, used 99318976, increment 0
FeaturedSpace: max memory 536870912, total allocated 526385152, free 427066176, used 99318976, increment 0
Sequential: max memory 536870912, total allocated 526385152, free 427066176, used 99318976, increment 0
Initial loss: 9.2237500588861
Initial test loss: 9.2237500588861
Time since start: 21.358
500: time = 0.647000 loss = 8.934122 testLoss 8.598812
Res.gain: 0.2896284901205526
getSamples: max memory 536870912, total allocated 526385152, free 368798584, used 157586568, increment 58267592
Making features
makeFeatures: max memory 536870912, total allocated 526385152, free 367935960, used 158449192, increment 862624
aetina_tumida_3: 
Regularization values: linear/quadratic/product: 0.050, categorical: 0.250, threshold: 1.000, hinge: 0.500
146 samples
Density: max memory 536870912, total allocated 526385152, free 364405984, used 161979168, increment 3529976
linearPredictor: max memory 536870912, total allocated 526385152, free 363881696, used 162503456, increment 524288
FeaturedSpace: max memory 536870912, total allocated 526385152, free 363881696, used 162503456, increment 0
Sequential: max memory 536870912, total allocated 526385152, free 363881696, used 162503456, increment 0
Initial loss: 9.223848722000975
Initial test loss: 9.223848722000975
300: time = 0.927000 loss = 8.245616 testLoss 7.837281
Resulting gain: 0.978233072353758
Time since start: 22.408
Projecting...
Writing file /home/viktsend/Dropbox/Work/20p/a-tumida-sdd/output/m4/aetina_tumida_3.asc
Writing /home/viktsend/Dropbox/Work/20p/a-tumida-sdd/output/m4/plots/aetina_tumida_3.png
Jackknife: leave bioclim_10 out
Making features
makeFeatures: max memory 536870912, total allocated 526385152, free 356010112, used 170375040, increment 7871584
aetina_tumida_3 bioclim_10: 
Regularization values: linear/quadratic/product: 0.050, categorical: 0.250, threshold: 1.000, hinge: 0.500
146 samples
Density: max memory 536870912, total allocated 526385152, free 353585168, used 172799984, increment 2424944
linearPredictor: max memory 536870912, total allocated 526385152, free 353060880, used 173324272, increment 524288
FeaturedSpace: max memory 536870912, total allocated 526385152, free 353060880, used 173324272, increment 0
Sequential: max memory 536870912, total allocated 526385152, free 353060880, used 173324272, increment 0
Initial loss: 9.223848722000975
Initial test loss: 9.223848722000975
Time since start: 23.964
380: time = 0.831000 loss = 8.597614 testLoss 8.518820
Jackknife: leave bioclim_16 out
Making features
makeFeatures: max memory 536870912, total allocated 526385152, free 480072000, used 46313152, increment -127011120
aetina_tumida_3 bioclim_16: 
Regularization values: linear/quadratic/product: 0.050, categorical: 0.250, threshold: 1.000, hinge: 0.500
146 samples
Density: max memory 536870912, total allocated 526385152, free 477705168, used 48679984, increment 2366832
linearPredictor: max memory 536870912, total allocated 526385152, free 477705168, used 48679984, increment 0
FeaturedSpace: max memory 536870912, total allocated 526385152, free 477705168, used 48679984, increment 0
Sequential: max memory 536870912, total allocated 526385152, free 477705168, used 48679984, increment 0
Initial loss: 9.223848722000975
Initial test loss: 9.223848722000975
380: time = 0.745000 loss = 8.449840 testLoss 8.042555
Jackknife: leave bioclim_17 out
Making features
makeFeatures: max memory 536870912, total allocated 526385152, free 430577584, used 95807568, increment 47127584
aetina_tumida_3 bioclim_17: 
Regularization values: linear/quadratic/product: 0.050, categorical: 0.250, threshold: 1.000, hinge: 0.500
146 samples
Density: max memory 536870912, total allocated 526385152, free 427988400, used 98396752, increment 2589184
linearPredictor: max memory 536870912, total allocated 526385152, free 427907296, used 98477856, increment 81104
FeaturedSpace: max memory 536870912, total allocated 526385152, free 427907296, used 98477856, increment 0
Sequential: max memory 536870912, total allocated 526385152, free 427907296, used 98477856, increment 0
Initial loss: 9.223848722000975
Initial test loss: 9.223848722000975
Time since start: 25.287
220: time = 0.533000 loss = 8.377797 testLoss 8.139468
Jackknife: only bioclim_10
Making features
makeFeatures: max memory 536870912, total allocated 526385152, free 203207936, used 323177216, increment 224699360
aetina_tumida_3 bioclim_10: 
Regularization values: linear/quadratic/product: 0.050, categorical: 0.250, threshold: 1.000, hinge: 0.500
146 samples
Density: max memory 536870912, total allocated 526385152, free 202162672, used 324222480, increment 1045264
linearPredictor: max memory 536870912, total allocated 526385152, free 202081568, used 324303584, increment 81104
FeaturedSpace: max memory 536870912, total allocated 526385152, free 202081568, used 324303584, increment 0
Sequential: max memory 536870912, total allocated 526385152, free 202081568, used 324303584, increment 0
Initial loss: 9.223848722000975
Initial test loss: 9.223848722000975
220: time = 0.319000 loss = 8.711859 testLoss 8.561338
Res.gain: 0.5119900595021178
Jackknife: only bioclim_16
Making features
makeFeatures: max memory 536870912, total allocated 526385152, free 282749184, used 243635968, increment -80667616
aetina_tumida_3 bioclim_16: 
Regularization values: linear/quadratic/product: 0.050, categorical: 0.250, threshold: 1.000, hinge: 0.500
146 samples
Density: max memory 536870912, total allocated 526385152, free 281496120, used 244889032, increment 1253064
linearPredictor: max memory 536870912, total allocated 526385152, free 281415016, used 244970136, increment 81104
FeaturedSpace: max memory 536870912, total allocated 526385152, free 281415016, used 244970136, increment 0
Sequential: max memory 536870912, total allocated 526385152, free 281415016, used 244970136, increment 0
Initial loss: 9.223848722000975
Initial test loss: 9.223848722000975
180: time = 0.311000 loss = 8.693395 testLoss 8.677306
Res.gain: 0.5304532476381905
Jackknife: only bioclim_17
Making features
makeFeatures: max memory 536870912, total allocated 526385152, free 336452856, used 189932296, increment -55037840
aetina_tumida_3 bioclim_17: 
Regularization values: linear/quadratic/product: 0.050, categorical: 0.250, threshold: 1.000, hinge: 0.500
146 samples
Density: max memory 536870912, total allocated 526385152, free 335215512, used 191169640, increment 1237344
linearPredictor: max memory 536870912, total allocated 526385152, free 335134408, used 191250744, increment 81104
FeaturedSpace: max memory 536870912, total allocated 526385152, free 335134408, used 191250744, increment 0
Sequential: max memory 536870912, total allocated 526385152, free 335134408, used 191250744, increment 0
Initial loss: 9.223848722000975
Initial test loss: 9.223848722000975
Time since start: 26.513
500: time = 0.558000 loss = 8.917902 testLoss 8.729379
Res.gain: 0.30594658299632904
getSamples: max memory 536870912, total allocated 526385152, free 276468816, used 249916336, increment 58665592
Making features
makeFeatures: max memory 536870912, total allocated 526385152, free 275642680, used 250742472, increment 826136
aetina_tumida_4: 
Regularization values: linear/quadratic/product: 0.050, categorical: 0.250, threshold: 1.000, hinge: 0.500
146 samples
Density: max memory 536870912, total allocated 526385152, free 272115176, used 254269976, increment 3527504
linearPredictor: max memory 536870912, total allocated 526385152, free 272034080, used 254351072, increment 81096
FeaturedSpace: max memory 536870912, total allocated 526385152, free 272034080, used 254351072, increment 0
Sequential: max memory 536870912, total allocated 526385152, free 272034080, used 254351072, increment 0
Initial loss: 9.2237500588861
Initial test loss: 9.2237500588861
Time since start: 27.839
400: time = 1.275000 loss = 8.206742 testLoss 8.197485
Resulting gain: 1.0170078609200317
Projecting...
Writing file /home/viktsend/Dropbox/Work/20p/a-tumida-sdd/output/m4/aetina_tumida_4.asc
Writing /home/viktsend/Dropbox/Work/20p/a-tumida-sdd/output/m4/plots/aetina_tumida_4.png
Time since start: 28.858
Jackknife: leave bioclim_10 out
Making features
makeFeatures: max memory 536870912, total allocated 526385152, free 258570824, used 267814328, increment 13463256
aetina_tumida_4 bioclim_10: 
Regularization values: linear/quadratic/product: 0.050, categorical: 0.250, threshold: 1.000, hinge: 0.500
146 samples
Density: max memory 536870912, total allocated 526385152, free 256139992, used 270245160, increment 2430832
linearPredictor: max memory 536870912, total allocated 526385152, free 256058896, used 270326256, increment 81096
FeaturedSpace: max memory 536870912, total allocated 526385152, free 256058896, used 270326256, increment 0
Sequential: max memory 536870912, total allocated 526385152, free 256058896, used 270326256, increment 0
Initial loss: 9.2237500588861
Initial test loss: 9.2237500588861
240: time = 0.737000 loss = 8.592517 testLoss 8.562616
Jackknife: leave bioclim_16 out
Making features
makeFeatures: max memory 536870912, total allocated 526385152, free 370340048, used 156045104, increment -114281152
aetina_tumida_4 bioclim_16: 
Regularization values: linear/quadratic/product: 0.050, categorical: 0.250, threshold: 1.000, hinge: 0.500
146 samples
Density: max memory 536870912, total allocated 526385152, free 368078168, used 158306984, increment 2261880
linearPredictor: max memory 536870912, total allocated 526385152, free 367997072, used 158388080, increment 81096
FeaturedSpace: max memory 536870912, total allocated 526385152, free 367997072, used 158388080, increment 0
Sequential: max memory 536870912, total allocated 526385152, free 367997072, used 158388080, increment 0
Initial loss: 9.2237500588861
Initial test loss: 9.2237500588861
Time since start: 30.725
420: time = 1.079000 loss = 8.404376 testLoss 8.467253
Jackknife: leave bioclim_17 out
Making features
makeFeatures: max memory 536870912, total allocated 526385152, free 253585384, used 272799768, increment 114411688
aetina_tumida_4 bioclim_17: 
Regularization values: linear/quadratic/product: 0.050, categorical: 0.250, threshold: 1.000, hinge: 0.500
146 samples
Density: max memory 536870912, total allocated 526385152, free 251103912, used 275281240, increment 2481472
linearPredictor: max memory 536870912, total allocated 526385152, free 251022816, used 275362336, increment 81096
FeaturedSpace: max memory 536870912, total allocated 526385152, free 251022816, used 275362336, increment 0
Sequential: max memory 536870912, total allocated 526385152, free 251022816, used 275362336, increment 0
Initial loss: 9.2237500588861
Initial test loss: 9.2237500588861
Time since start: 31.79
400: time = 1.039000 loss = 8.349099 testLoss 8.390218
Jackknife: only bioclim_10
Making features
makeFeatures: max memory 536870912, total allocated 526385152, free 205779056, used 320606096, increment 45243760
aetina_tumida_4 bioclim_10: 
Regularization values: linear/quadratic/product: 0.050, categorical: 0.250, threshold: 1.000, hinge: 0.500
146 samples
Density: max memory 536870912, total allocated 526385152, free 204379688, used 322005464, increment 1399368
linearPredictor: max memory 536870912, total allocated 526385152, free 204379688, used 322005464, increment 0
FeaturedSpace: max memory 536870912, total allocated 526385152, free 204379688, used 322005464, increment 0
Sequential: max memory 536870912, total allocated 526385152, free 204379688, used 322005464, increment 0
Initial loss: 9.2237500588861
Initial test loss: 9.2237500588861
300: time = 0.480000 loss = 8.684051 testLoss 8.809428
Res.gain: 0.5396986832606867
Jackknife: only bioclim_16
Making features
makeFeatures: max memory 536870912, total allocated 526385152, free 203758616, used 322626536, increment 621072
aetina_tumida_4 bioclim_16: 
Regularization values: linear/quadratic/product: 0.050, categorical: 0.250, threshold: 1.000, hinge: 0.500
146 samples
Density: max memory 536870912, total allocated 526385152, free 202429824, used 323955328, increment 1328792
linearPredictor: max memory 536870912, total allocated 526385152, free 202348728, used 324036424, increment 81096
FeaturedSpace: max memory 536870912, total allocated 526385152, free 202348728, used 324036424, increment 0
Sequential: max memory 536870912, total allocated 526385152, free 202348728, used 324036424, increment 0
Initial loss: 9.2237500588861
Initial test loss: 9.2237500588861
240: time = 0.470000 loss = 8.688590 testLoss 8.717982
Res.gain: 0.5351600211249714
Jackknife: only bioclim_17
Making features
makeFeatures: max memory 536870912, total allocated 526385152, free 479814560, used 46570592, increment -277465832
aetina_tumida_4 bioclim_17: 
Regularization values: linear/quadratic/product: 0.050, categorical: 0.250, threshold: 1.000, hinge: 0.500
146 samples
Density: max memory 536870912, total allocated 526385152, free 478543264, used 47841888, increment 1271296
linearPredictor: max memory 536870912, total allocated 526385152, free 478543264, used 47841888, increment 0
FeaturedSpace: max memory 536870912, total allocated 526385152, free 478543264, used 47841888, increment 0
Sequential: max memory 536870912, total allocated 526385152, free 478543264, used 47841888, increment 0
Initial loss: 9.2237500588861
Initial test loss: 9.2237500588861
Time since start: 33.44
500: time = 0.657000 loss = 8.904806 testLoss 8.854006
Res.gain: 0.3189439841233881
getSamples: max memory 536870912, total allocated 526385152, free 418811152, used 107574000, increment 59732112
Making features
makeFeatures: max memory 536870912, total allocated 526385152, free 417904800, used 108480352, increment 906352
aetina_tumida_5: 
Regularization values: linear/quadratic/product: 0.050, categorical: 0.250, threshold: 1.000, hinge: 0.500
146 samples
Density: max memory 536870912, total allocated 526385152, free 414079512, used 112305640, increment 3825288
linearPredictor: max memory 536870912, total allocated 526385152, free 414079512, used 112305640, increment 0
FeaturedSpace: max memory 536870912, total allocated 526385152, free 414079512, used 112305640, increment 0
Sequential: max memory 536870912, total allocated 526385152, free 414079512, used 112305640, increment 0
Initial loss: 9.224046019032295
Initial test loss: 9.224046019032295
Time since start: 35.101
480: time = 1.605000 loss = 8.144588 testLoss 8.924568
Resulting gain: 1.0794582877703167
Projecting...
Writing file /home/viktsend/Dropbox/Work/20p/a-tumida-sdd/output/m4/aetina_tumida_5.asc
Writing /home/viktsend/Dropbox/Work/20p/a-tumida-sdd/output/m4/plots/aetina_tumida_5.png
Jackknife: leave bioclim_10 out
Making features
makeFeatures: max memory 536870912, total allocated 526385152, free 463462272, used 62922880, increment -49382760
aetina_tumida_5 bioclim_10: 
Regularization values: linear/quadratic/product: 0.050, categorical: 0.250, threshold: 1.000, hinge: 0.500
146 samples
Density: max memory 536870912, total allocated 526385152, free 460748216, used 65636936, increment 2714056
linearPredictor: max memory 536870912, total allocated 526385152, free 460748216, used 65636936, increment 0
FeaturedSpace: max memory 536870912, total allocated 526385152, free 460748216, used 65636936, increment 0
Sequential: max memory 536870912, total allocated 526385152, free 460748216, used 65636936, increment 0
Initial loss: 9.224046019032295
Initial test loss: 9.224046019032295
Time since start: 37.166
440: time = 1.068000 loss = 8.541444 testLoss 9.134626
Jackknife: leave bioclim_16 out
Making features
makeFeatures: max memory 536870912, total allocated 526385152, free 460720240, used 65664912, increment 27976
aetina_tumida_5 bioclim_16: 
Regularization values: linear/quadratic/product: 0.050, categorical: 0.250, threshold: 1.000, hinge: 0.500
146 samples
Density: max memory 536870912, total allocated 526385152, free 458479952, used 67905200, increment 2240288
linearPredictor: max memory 536870912, total allocated 526385152, free 458398832, used 67986320, increment 81120
FeaturedSpace: max memory 536870912, total allocated 526385152, free 458398832, used 67986320, increment 0
Sequential: max memory 536870912, total allocated 526385152, free 458398832, used 67986320, increment 0
Initial loss: 9.224046019032295
Initial test loss: 9.224046019032295
Time since start: 38.217
500: time = 1.025000 loss = 8.386189 testLoss 8.663157
Jackknife: leave bioclim_17 out
Making features
makeFeatures: max memory 536870912, total allocated 526385152, free 205195376, used 321189776, increment 253203456
aetina_tumida_5 bioclim_17: 
Regularization values: linear/quadratic/product: 0.050, categorical: 0.250, threshold: 1.000, hinge: 0.500
146 samples
Density: max memory 536870912, total allocated 526385152, free 202450008, used 323935144, increment 2745368
linearPredictor: max memory 536870912, total allocated 526385152, free 202450008, used 323935144, increment 0
FeaturedSpace: max memory 536870912, total allocated 526385152, free 202450008, used 323935144, increment 0
Sequential: max memory 536870912, total allocated 526385152, free 202450008, used 323935144, increment 0
Initial loss: 9.224046019032295
Initial test loss: 9.224046019032295
360: time = 0.912000 loss = 8.318690 testLoss 8.750249
Jackknife: only bioclim_10
Making features
makeFeatures: max memory 536870912, total allocated 526385152, free 253466864, used 272918288, increment -51016856
aetina_tumida_5 bioclim_10: 
Regularization values: linear/quadratic/product: 0.050, categorical: 0.250, threshold: 1.000, hinge: 0.500
146 samples
Density: max memory 536870912, total allocated 526385152, free 252329056, used 274056096, increment 1137808
linearPredictor: max memory 536870912, total allocated 526385152, free 252247936, used 274137216, increment 81120
FeaturedSpace: max memory 536870912, total allocated 526385152, free 252247936, used 274137216, increment 0
Sequential: max memory 536870912, total allocated 526385152, free 252247936, used 274137216, increment 0
Initial loss: 9.224046019032295
Initial test loss: 9.224046019032295
Time since start: 39.703
340: time = 0.529000 loss = 8.711220 testLoss 8.566873
Res.gain: 0.5128260806727294
Jackknife: only bioclim_16
Making features
makeFeatures: max memory 536870912, total allocated 526385152, free 210307416, used 316077736, increment 41940520
aetina_tumida_5 bioclim_16: 
Regularization values: linear/quadratic/product: 0.050, categorical: 0.250, threshold: 1.000, hinge: 0.500
146 samples
Density: max memory 536870912, total allocated 526385152, free 208930768, used 317454384, increment 1376648
linearPredictor: max memory 536870912, total allocated 526385152, free 208849648, used 317535504, increment 81120
FeaturedSpace: max memory 536870912, total allocated 526385152, free 208849648, used 317535504, increment 0
Sequential: max memory 536870912, total allocated 526385152, free 208849648, used 317535504, increment 0
Initial loss: 9.224046019032295
Initial test loss: 9.224046019032295
180: time = 0.315000 loss = 8.656205 testLoss 9.070366
Res.gain: 0.5678406017868998
Jackknife: only bioclim_17
Making features
makeFeatures: max memory 536870912, total allocated 526385152, free 263004512, used 263380640, increment -54154864
aetina_tumida_5 bioclim_17: 
Regularization values: linear/quadratic/product: 0.050, categorical: 0.250, threshold: 1.000, hinge: 0.500
146 samples
Density: max memory 536870912, total allocated 526385152, free 261597040, used 264788112, increment 1407472
linearPredictor: max memory 536870912, total allocated 526385152, free 261597040, used 264788112, increment 0
FeaturedSpace: max memory 536870912, total allocated 526385152, free 261597040, used 264788112, increment 0
Sequential: max memory 536870912, total allocated 526385152, free 261597040, used 264788112, increment 0
Initial loss: 9.224046019032295
Initial test loss: 9.224046019032295
500: time = 0.583000 loss = 8.851403 testLoss 9.359589
Res.gain: 0.3726433963493925
getSamples: max memory 536870912, total allocated 526385152, free 205349104, used 321036048, increment 56247936
Making features
makeFeatures: max memory 536870912, total allocated 526385152, free 204534584, used 321850568, increment 814520
aetina_tumida_6: 
Regularization values: linear/quadratic/product: 0.050, categorical: 0.250, threshold: 1.000, hinge: 0.500
146 samples
Density: max memory 536870912, total allocated 526385152, free 200632560, used 325752592, increment 3902024
linearPredictor: max memory 536870912, total allocated 526385152, free 200632560, used 325752592, increment 0
FeaturedSpace: max memory 536870912, total allocated 526385152, free 200632560, used 325752592, increment 0
Sequential: max memory 536870912, total allocated 526385152, free 200632560, used 325752592, increment 0
Initial loss: 9.223848722000975
Initial test loss: 9.223848722000975
Time since start: 42.123
500: time = 1.441000 loss = 8.242377 testLoss 7.883604
Resulting gain: 0.9814714251270455
Projecting...
Writing file /home/viktsend/Dropbox/Work/20p/a-tumida-sdd/output/m4/aetina_tumida_6.asc
Writing /home/viktsend/Dropbox/Work/20p/a-tumida-sdd/output/m4/plots/aetina_tumida_6.png
Jackknife: leave bioclim_10 out
Making features
makeFeatures: max memory 536870912, total allocated 526385152, free 192476816, used 333908336, increment 8155744
aetina_tumida_6 bioclim_10: 
Regularization values: linear/quadratic/product: 0.050, categorical: 0.250, threshold: 1.000, hinge: 0.500
146 samples
Density: max memory 536870912, total allocated 526385152, free 190026024, used 336359128, increment 2450792
linearPredictor: max memory 536870912, total allocated 526385152, free 189944920, used 336440232, increment 81104
FeaturedSpace: max memory 536870912, total allocated 526385152, free 189944920, used 336440232, increment 0
Sequential: max memory 536870912, total allocated 526385152, free 189944920, used 336440232, increment 0
Initial loss: 9.223848722000975
Initial test loss: 9.223848722000975
Time since start: 43.734
300: time = 0.732000 loss = 8.613000 testLoss 8.389402
Jackknife: leave bioclim_16 out
Making features
makeFeatures: max memory 536870912, total allocated 526385152, free 484524104, used 41861048, increment -294579184
aetina_tumida_6 bioclim_16: 
Regularization values: linear/quadratic/product: 0.050, categorical: 0.250, threshold: 1.000, hinge: 0.500
146 samples
Density: max memory 536870912, total allocated 526385152, free 481973064, used 44412088, increment 2551040
linearPredictor: max memory 536870912, total allocated 526385152, free 481973064, used 44412088, increment 0
FeaturedSpace: max memory 536870912, total allocated 526385152, free 481973064, used 44412088, increment 0
Sequential: max memory 536870912, total allocated 526385152, free 481973064, used 44412088, increment 0
Initial loss: 9.223848722000975
Initial test loss: 9.223848722000975
Time since start: 44.745
460: time = 0.986000 loss = 8.434984 testLoss 8.186116
Jackknife: leave bioclim_17 out
Making features
makeFeatures: max memory 536870912, total allocated 526385152, free 298227096, used 228158056, increment 183745968
aetina_tumida_6 bioclim_17: 
Regularization values: linear/quadratic/product: 0.050, categorical: 0.250, threshold: 1.000, hinge: 0.500
146 samples
Density: max memory 536870912, total allocated 526385152, free 295683192, used 230701960, increment 2543904
linearPredictor: max memory 536870912, total allocated 526385152, free 295602088, used 230783064, increment 81104
FeaturedSpace: max memory 536870912, total allocated 526385152, free 295602088, used 230783064, increment 0
Sequential: max memory 536870912, total allocated 526385152, free 295602088, used 230783064, increment 0
Initial loss: 9.223848722000975
Initial test loss: 9.223848722000975
Time since start: 45.825
420: time = 1.054000 loss = 8.376180 testLoss 8.146993
Jackknife: only bioclim_10
Making features
makeFeatures: max memory 536870912, total allocated 526385152, free 203476832, used 322908320, increment 92125256
aetina_tumida_6 bioclim_10: 
Regularization values: linear/quadratic/product: 0.050, categorical: 0.250, threshold: 1.000, hinge: 0.500
146 samples
Density: max memory 536870912, total allocated 526385152, free 202460608, used 323924544, increment 1016224
linearPredictor: max memory 536870912, total allocated 526385152, free 202379504, used 324005648, increment 81104
FeaturedSpace: max memory 536870912, total allocated 526385152, free 202379504, used 324005648, increment 0
Sequential: max memory 536870912, total allocated 526385152, free 202379504, used 324005648, increment 0
Initial loss: 9.223848722000975
Initial test loss: 9.223848722000975
360: time = 0.541000 loss = 8.706422 testLoss 8.605646
Res.gain: 0.5174271768810907
Jackknife: only bioclim_16
Making features
makeFeatures: max memory 536870912, total allocated 526385152, free 446613160, used 79771992, increment -244233656
aetina_tumida_6 bioclim_16: 
Regularization values: linear/quadratic/product: 0.050, categorical: 0.250, threshold: 1.000, hinge: 0.500
146 samples
Density: max memory 536870912, total allocated 526385152, free 445032736, used 81352416, increment 1580424
linearPredictor: max memory 536870912, total allocated 526385152, free 445032736, used 81352416, increment 0
FeaturedSpace: max memory 536870912, total allocated 526385152, free 445032736, used 81352416, increment 0
Sequential: max memory 536870912, total allocated 526385152, free 445032736, used 81352416, increment 0
Initial loss: 9.223848722000975
Initial test loss: 9.223848722000975
200: time = 0.366000 loss = 8.703908 testLoss 8.581597
Res.gain: 0.5199404629108475
Jackknife: only bioclim_17
Making features
makeFeatures: max memory 536870912, total allocated 526385152, free 474320304, used 52064848, increment -29287568
aetina_tumida_6 bioclim_17: 
Regularization values: linear/quadratic/product: 0.050, categorical: 0.250, threshold: 1.000, hinge: 0.500
146 samples
Density: max memory 536870912, total allocated 526385152, free 473181512, used 53203640, increment 1138792
linearPredictor: max memory 536870912, total allocated 526385152, free 473100408, used 53284744, increment 81104
FeaturedSpace: max memory 536870912, total allocated 526385152, free 473100408, used 53284744, increment 0
Sequential: max memory 536870912, total allocated 526385152, free 473100408, used 53284744, increment 0
Initial loss: 9.223848722000975
Initial test loss: 9.223848722000975
Time since start: 47.251
360: time = 0.474000 loss = 8.917242 testLoss 8.749262
Res.gain: 0.3066068618432425
getSamples: max memory 536870912, total allocated 526385152, free 207501344, used 318883808, increment 265599064
Making features
makeFeatures: max memory 536870912, total allocated 526385152, free 207009528, used 319375624, increment 491816
aetina_tumida_7: 
Regularization values: linear/quadratic/product: 0.050, categorical: 0.250, threshold: 1.000, hinge: 0.500
146 samples
Density: max memory 536870912, total allocated 526385152, free 203307040, used 323078112, increment 3702488
linearPredictor: max memory 536870912, total allocated 526385152, free 203307040, used 323078112, increment 0
FeaturedSpace: max memory 536870912, total allocated 526385152, free 203307040, used 323078112, increment 0
Sequential: max memory 536870912, total allocated 526385152, free 203307040, used 323078112, increment 0
Initial loss: 9.2237500588861
Initial test loss: 9.2237500588861
Time since start: 48.877
480: time = 1.570000 loss = 8.156373 testLoss 8.724139
Resulting gain: 1.0673769585322415
Projecting...
Writing file /home/viktsend/Dropbox/Work/20p/a-tumida-sdd/output/m4/aetina_tumida_7.asc
Writing /home/viktsend/Dropbox/Work/20p/a-tumida-sdd/output/m4/plots/aetina_tumida_7.png
Jackknife: leave bioclim_10 out
Making features
makeFeatures: max memory 536870912, total allocated 526385152, free 255331440, used 271053712, increment -52024400
aetina_tumida_7 bioclim_10: 
Regularization values: linear/quadratic/product: 0.050, categorical: 0.250, threshold: 1.000, hinge: 0.500
146 samples
Density: max memory 536870912, total allocated 526385152, free 252639072, used 273746080, increment 2692368
linearPredictor: max memory 536870912, total allocated 526385152, free 252639072, used 273746080, increment 0
FeaturedSpace: max memory 536870912, total allocated 526385152, free 252639072, used 273746080, increment 0
Sequential: max memory 536870912, total allocated 526385152, free 252639072, used 273746080, increment 0
Initial loss: 9.2237500588861
Initial test loss: 9.2237500588861
Time since start: 50.602
400: time = 0.900000 loss = 8.549640 testLoss 8.989577
Jackknife: leave bioclim_16 out
Making features
makeFeatures: max memory 536870912, total allocated 526385152, free 337148712, used 189236440, increment -84509640
aetina_tumida_7 bioclim_16: 
Regularization values: linear/quadratic/product: 0.050, categorical: 0.250, threshold: 1.000, hinge: 0.500
146 samples
Density: max memory 536870912, total allocated 526385152, free 335068384, used 191316768, increment 2080328
linearPredictor: max memory 536870912, total allocated 526385152, free 334987288, used 191397864, increment 81096
FeaturedSpace: max memory 536870912, total allocated 526385152, free 334987288, used 191397864, increment 0
Sequential: max memory 536870912, total allocated 526385152, free 334987288, used 191397864, increment 0
Initial loss: 9.2237500588861
Initial test loss: 9.2237500588861
380: time = 0.797000 loss = 8.396257 testLoss 8.551781
Jackknife: leave bioclim_17 out
Making features
makeFeatures: max memory 536870912, total allocated 526385152, free 288306424, used 238078728, increment 46680864
aetina_tumida_7 bioclim_17: 
Regularization values: linear/quadratic/product: 0.050, categorical: 0.250, threshold: 1.000, hinge: 0.500
146 samples
Density: max memory 536870912, total allocated 526385152, free 285711856, used 240673296, increment 2594568
linearPredictor: max memory 536870912, total allocated 526385152, free 285630760, used 240754392, increment 81096
FeaturedSpace: max memory 536870912, total allocated 526385152, free 285630760, used 240754392, increment 0
Sequential: max memory 536870912, total allocated 526385152, free 285630760, used 240754392, increment 0
Initial loss: 9.2237500588861
Initial test loss: 9.2237500588861
Time since start: 52.225
320: time = 0.777000 loss = 8.320163 testLoss 8.635140
Jackknife: only bioclim_10
Making features
makeFeatures: max memory 536870912, total allocated 526385152, free 431239040, used 95146112, increment -145608280
aetina_tumida_7 bioclim_10: 
Regularization values: linear/quadratic/product: 0.050, categorical: 0.250, threshold: 1.000, hinge: 0.500
146 samples
Density: max memory 536870912, total allocated 526385152, free 430218104, used 96167048, increment 1020936
linearPredictor: max memory 536870912, total allocated 526385152, free 430137008, used 96248144, increment 81096
FeaturedSpace: max memory 536870912, total allocated 526385152, free 430137008, used 96248144, increment 0
Sequential: max memory 536870912, total allocated 526385152, free 430137008, used 96248144, increment 0
Initial loss: 9.2237500588861
Initial test loss: 9.2237500588861
160: time = 0.255000 loss = 8.680577 testLoss 8.849667
Res.gain: 0.5431730006645044
Jackknife: only bioclim_16
Making features
makeFeatures: max memory 536870912, total allocated 526385152, free 265401832, used 260983320, increment 164735176
aetina_tumida_7 bioclim_16: 
Regularization values: linear/quadratic/product: 0.050, categorical: 0.250, threshold: 1.000, hinge: 0.500
146 samples
Density: max memory 536870912, total allocated 526385152, free 264020856, used 262364296, increment 1380976
linearPredictor: max memory 536870912, total allocated 526385152, free 263939760, used 262445392, increment 81096
FeaturedSpace: max memory 536870912, total allocated 526385152, free 263939760, used 262445392, increment 0
Sequential: max memory 536870912, total allocated 526385152, free 263939760, used 262445392, increment 0
Initial loss: 9.2237500588861
Initial test loss: 9.2237500588861
240: time = 0.419000 loss = 8.665758 testLoss 8.896980
Res.gain: 0.5579921814390083
Jackknife: only bioclim_17
Making features
makeFeatures: max memory 536870912, total allocated 526385152, free 234955472, used 291429680, increment 28984288
aetina_tumida_7 bioclim_17: 
Regularization values: linear/quadratic/product: 0.050, categorical: 0.250, threshold: 1.000, hinge: 0.500
146 samples
Density: max memory 536870912, total allocated 526385152, free 233942032, used 292443120, increment 1013440
linearPredictor: max memory 536870912, total allocated 526385152, free 233860936, used 292524216, increment 81096
FeaturedSpace: max memory 536870912, total allocated 526385152, free 233860936, used 292524216, increment 0
Sequential: max memory 536870912, total allocated 526385152, free 233860936, used 292524216, increment 0
Initial loss: 9.2237500588861
Initial test loss: 9.2237500588861
Time since start: 53.443
440: time = 0.504000 loss = 8.903633 testLoss 8.879696
Res.gain: 0.3201165784051643
getSamples: max memory 536870912, total allocated 526385152, free 216988456, used 309396696, increment 16872480
Making features
makeFeatures: max memory 536870912, total allocated 526385152, free 216337016, used 310048136, increment 651440
aetina_tumida_8: 
Regularization values: linear/quadratic/product: 0.050, categorical: 0.250, threshold: 1.000, hinge: 0.500
146 samples
Density: max memory 536870912, total allocated 526385152, free 212794152, used 313591000, increment 3542864
linearPredictor: max memory 536870912, total allocated 526385152, free 212713032, used 313672120, increment 81120
FeaturedSpace: max memory 536870912, total allocated 526385152, free 212713032, used 313672120, increment 0
Sequential: max memory 536870912, total allocated 526385152, free 212713032, used 313672120, increment 0
Initial loss: 9.224046019032295
Initial test loss: 9.224046019032295
Time since start: 55.056
500: time = 1.563000 loss = 8.205996 testLoss 8.233196
Resulting gain: 1.0180504699852548
Projecting...
Writing file /home/viktsend/Dropbox/Work/20p/a-tumida-sdd/output/m4/aetina_tumida_8.asc
Writing /home/viktsend/Dropbox/Work/20p/a-tumida-sdd/output/m4/plots/aetina_tumida_8.png
Jackknife: leave bioclim_10 out
Making features
makeFeatures: max memory 536870912, total allocated 526385152, free 197737896, used 328647256, increment 14975136
aetina_tumida_8 bioclim_10: 
Regularization values: linear/quadratic/product: 0.050, categorical: 0.250, threshold: 1.000, hinge: 0.500
Time since start: 56.071
146 samples
Density: max memory 536870912, total allocated 526385152, free 195320848, used 331064304, increment 2417048
linearPredictor: max memory 536870912, total allocated 526385152, free 195239728, used 331145424, increment 81120
FeaturedSpace: max memory 536870912, total allocated 526385152, free 195239728, used 331145424, increment 0
Sequential: max memory 536870912, total allocated 526385152, free 195239728, used 331145424, increment 0
Initial loss: 9.224046019032295
Initial test loss: 9.224046019032295
280: time = 0.752000 loss = 8.619594 testLoss 8.341698
Jackknife: leave bioclim_16 out
Making features
makeFeatures: max memory 536870912, total allocated 526385152, free 224127200, used 302257952, increment -28887472
aetina_tumida_8 bioclim_16: 
Regularization values: linear/quadratic/product: 0.050, categorical: 0.250, threshold: 1.000, hinge: 0.500
146 samples
Density: max memory 536870912, total allocated 526385152, free 221888776, used 304496376, increment 2238424
linearPredictor: max memory 536870912, total allocated 526385152, free 221807656, used 304577496, increment 81120
FeaturedSpace: max memory 536870912, total allocated 526385152, free 221807656, used 304577496, increment 0
Sequential: max memory 536870912, total allocated 526385152, free 221807656, used 304577496, increment 0
Initial loss: 9.224046019032295
Initial test loss: 9.224046019032295
Time since start: 57.712
380: time = 0.862000 loss = 8.412611 testLoss 8.404289
Jackknife: leave bioclim_17 out
Making features
makeFeatures: max memory 536870912, total allocated 526385152, free 173107656, used 353277496, increment 48700000
aetina_tumida_8 bioclim_17: 
Regularization values: linear/quadratic/product: 0.050, categorical: 0.250, threshold: 1.000, hinge: 0.500
146 samples
Density: max memory 536870912, total allocated 526385152, free 170625872, used 355759280, increment 2481784
linearPredictor: max memory 536870912, total allocated 526385152, free 170544752, used 355840400, increment 81120
FeaturedSpace: max memory 536870912, total allocated 526385152, free 170544752, used 355840400, increment 0
Sequential: max memory 536870912, total allocated 526385152, free 170544752, used 355840400, increment 0
Initial loss: 9.224046019032295
Initial test loss: 9.224046019032295
320: time = 0.748000 loss = 8.346548 testLoss 8.431456
Jackknife: only bioclim_10
Making features
makeFeatures: max memory 536870912, total allocated 526385152, free 315815184, used 210569968, increment -145270432
aetina_tumida_8 bioclim_10: 
Regularization values: linear/quadratic/product: 0.050, categorical: 0.250, threshold: 1.000, hinge: 0.500
146 samples
Density: max memory 536870912, total allocated 526385152, free 314550072, used 211835080, increment 1265112
linearPredictor: max memory 536870912, total allocated 526385152, free 314468952, used 211916200, increment 81120
FeaturedSpace: max memory 536870912, total allocated 526385152, free 314468952, used 211916200, increment 0
Sequential: max memory 536870912, total allocated 526385152, free 314468952, used 211916200, increment 0
Initial loss: 9.224046019032295
Initial test loss: 9.224046019032295
Time since start: 58.986
360: time = 0.486000 loss = 8.686280 testLoss 8.796775
Res.gain: 0.5377663108674966
Jackknife: only bioclim_16
Making features
makeFeatures: max memory 536870912, total allocated 526385152, free 253799344, used 272585808, increment 60669608
aetina_tumida_8 bioclim_16: 
Regularization values: linear/quadratic/product: 0.050, categorical: 0.250, threshold: 1.000, hinge: 0.500
146 samples
Density: max memory 536870912, total allocated 526385152, free 252358608, used 274026544, increment 1440736
linearPredictor: max memory 536870912, total allocated 526385152, free 252358608, used 274026544, increment 0
FeaturedSpace: max memory 536870912, total allocated 526385152, free 252358608, used 274026544, increment 0
Sequential: max memory 536870912, total allocated 526385152, free 252358608, used 274026544, increment 0
Initial loss: 9.224046019032295
Initial test loss: 9.224046019032295
180: time = 0.313000 loss = 8.710411 testLoss 8.533681
Res.gain: 0.5136346552708417
Jackknife: only bioclim_17
Making features
makeFeatures: max memory 536870912, total allocated 526385152, free 306562584, used 219822568, increment -54203976
aetina_tumida_8 bioclim_17: 
Regularization values: linear/quadratic/product: 0.050, categorical: 0.250, threshold: 1.000, hinge: 0.500
146 samples
Density: max memory 536870912, total allocated 526385152, free 305464016, used 220921136, increment 1098568
linearPredictor: max memory 536870912, total allocated 526385152, free 305382896, used 221002256, increment 81120
FeaturedSpace: max memory 536870912, total allocated 526385152, free 305382896, used 221002256, increment 0
Sequential: max memory 536870912, total allocated 526385152, free 305382896, used 221002256, increment 0
Initial loss: 9.224046019032295
Initial test loss: 9.224046019032295
500: time = 0.604000 loss = 8.919282 testLoss 8.729762
Res.gain: 0.3047643788256078
getSamples: max memory 536870912, total allocated 526385152, free 246259200, used 280125952, increment 59123696
Making features
makeFeatures: max memory 536870912, total allocated 526385152, free 245363120, used 281022032, increment 896080
aetina_tumida_9: 
Regularization values: linear/quadratic/product: 0.050, categorical: 0.250, threshold: 1.000, hinge: 0.500
146 samples
Density: max memory 536870912, total allocated 526385152, free 241499464, used 284885688, increment 3863656
linearPredictor: max memory 536870912, total allocated 526385152, free 241499464, used 284885688, increment 0
FeaturedSpace: max memory 536870912, total allocated 526385152, free 241499464, used 284885688, increment 0
Sequential: max memory 536870912, total allocated 526385152, free 241499464, used 284885688, increment 0
Initial loss: 9.2237500588861
Initial test loss: 9.2237500588861
Time since start: 61.403
480: time = 1.425000 loss = 8.225544 testLoss 8.028320
Resulting gain: 0.9982064757771028
Projecting...
Writing file /home/viktsend/Dropbox/Work/20p/a-tumida-sdd/output/m4/aetina_tumida_9.asc
Writing /home/viktsend/Dropbox/Work/20p/a-tumida-sdd/output/m4/plots/aetina_tumida_9.png
Jackknife: leave bioclim_10 out
Making features
makeFeatures: max memory 536870912, total allocated 526385152, free 290491080, used 235894072, increment -48991616
aetina_tumida_9 bioclim_10: 
Regularization values: linear/quadratic/product: 0.050, categorical: 0.250, threshold: 1.000, hinge: 0.500
146 samples
Density: max memory 536870912, total allocated 526385152, free 288093432, used 238291720, increment 2397648
linearPredictor: max memory 536870912, total allocated 526385152, free 288012336, used 238372816, increment 81096
FeaturedSpace: max memory 536870912, total allocated 526385152, free 288012336, used 238372816, increment 0
Sequential: max memory 536870912, total allocated 526385152, free 288012336, used 238372816, increment 0
Initial loss: 9.2237500588861
Initial test loss: 9.2237500588861
Time since start: 63.146
360: time = 0.821000 loss = 8.594075 testLoss 8.552245
Jackknife: leave bioclim_16 out
Making features
makeFeatures: max memory 536870912, total allocated 526385152, free 457478568, used 68906584, increment -169466232
aetina_tumida_9 bioclim_16: 
Regularization values: linear/quadratic/product: 0.050, categorical: 0.250, threshold: 1.000, hinge: 0.500
146 samples
Density: max memory 536870912, total allocated 526385152, free 454876232, used 71508920, increment 2602336
linearPredictor: max memory 536870912, total allocated 526385152, free 454876232, used 71508920, increment 0
FeaturedSpace: max memory 536870912, total allocated 526385152, free 454876232, used 71508920, increment 0
Sequential: max memory 536870912, total allocated 526385152, free 454876232, used 71508920, increment 0
Initial loss: 9.2237500588861
Initial test loss: 9.2237500588861
360: time = 0.738000 loss = 8.421159 testLoss 8.311557
Jackknife: leave bioclim_17 out
Making features
makeFeatures: max memory 536870912, total allocated 526385152, free 444357224, used 82027928, increment 10519008
aetina_tumida_9 bioclim_17: 
Regularization values: linear/quadratic/product: 0.050, categorical: 0.250, threshold: 1.000, hinge: 0.500
146 samples
Density: max memory 536870912, total allocated 526385152, free 441768472, used 84616680, increment 2588752
linearPredictor: max memory 536870912, total allocated 526385152, free 441687376, used 84697776, increment 81096
FeaturedSpace: max memory 536870912, total allocated 526385152, free 441687376, used 84697776, increment 0
Sequential: max memory 536870912, total allocated 526385152, free 441687376, used 84697776, increment 0
Initial loss: 9.2237500588861
Initial test loss: 9.2237500588861
Time since start: 64.68
320: time = 0.748000 loss = 8.362540 testLoss 8.263012
Jackknife: only bioclim_10
Making features
makeFeatures: max memory 536870912, total allocated 526385152, free 281964296, used 244420856, increment 159723080
aetina_tumida_9 bioclim_10: 
Regularization values: linear/quadratic/product: 0.050, categorical: 0.250, threshold: 1.000, hinge: 0.500
146 samples
Density: max memory 536870912, total allocated 526385152, free 280696992, used 245688160, increment 1267304
linearPredictor: max memory 536870912, total allocated 526385152, free 280615896, used 245769256, increment 81096
FeaturedSpace: max memory 536870912, total allocated 526385152, free 280615896, used 245769256, increment 0
Sequential: max memory 536870912, total allocated 526385152, free 280615896, used 245769256, increment 0
Initial loss: 9.2237500588861
Initial test loss: 9.2237500588861
260: time = 0.361000 loss = 8.690860 testLoss 8.739088
Res.gain: 0.5328902912356064
Jackknife: only bioclim_16
Making features
makeFeatures: max memory 536870912, total allocated 526385152, free 319654056, used 206731096, increment -39038160
aetina_tumida_9 bioclim_16: 
Regularization values: linear/quadratic/product: 0.050, categorical: 0.250, threshold: 1.000, hinge: 0.500
146 samples
Density: max memory 536870912, total allocated 526385152, free 318083240, used 208301912, increment 1570816
linearPredictor: max memory 536870912, total allocated 526385152, free 318083240, used 208301912, increment 0
FeaturedSpace: max memory 536870912, total allocated 526385152, free 318083240, used 208301912, increment 0
Sequential: max memory 536870912, total allocated 526385152, free 318083240, used 208301912, increment 0
Initial loss: 9.2237500588861
Initial test loss: 9.2237500588861
260: time = 0.469000 loss = 8.693855 testLoss 8.682284
Res.gain: 0.5298953613221968
Jackknife: only bioclim_17
Making features
makeFeatures: max memory 536870912, total allocated 526385152, free 260487360, used 265897792, increment 57595880
aetina_tumida_9 bioclim_17: 
Regularization values: linear/quadratic/product: 0.050, categorical: 0.250, threshold: 1.000, hinge: 0.500
146 samples
Density: max memory 536870912, total allocated 526385152, free 259438784, used 266946368, increment 1048576
linearPredictor: max memory 536870912, total allocated 526385152, free 259438784, used 266946368, increment 0
FeaturedSpace: max memory 536870912, total allocated 526385152, free 259438784, used 266946368, increment 0
Sequential: max memory 536870912, total allocated 526385152, free 259438784, used 266946368, increment 0
Initial loss: 9.2237500588861
Initial test loss: 9.2237500588861
Time since start: 66.148
500: time = 0.596000 loss = 8.907858 testLoss 8.828910
Res.gain: 0.31589250244631195
Creating average grid, stddev grid etc.
Writing file /home/viktsend/Dropbox/Work/20p/a-tumida-sdd/output/m4/aetina_tumida_avg.asc
Writing file /home/viktsend/Dropbox/Work/20p/a-tumida-sdd/output/m4/aetina_tumida_stddev.asc
Writing file /home/viktsend/Dropbox/Work/20p/a-tumida-sdd/output/m4/aetina_tumida_min.asc
Writing file /home/viktsend/Dropbox/Work/20p/a-tumida-sdd/output/m4/aetina_tumida_max.asc
Writing file /home/viktsend/Dropbox/Work/20p/a-tumida-sdd/output/m4/aetina_tumida_median.asc
Time since start: 70.91
Writing /home/viktsend/Dropbox/Work/20p/a-tumida-sdd/output/m4/plots/aetina_tumida_avg.png
Writing /home/viktsend/Dropbox/Work/20p/a-tumida-sdd/output/m4/plots/aetina_tumida_stddev.png
Writing /home/viktsend/Dropbox/Work/20p/a-tumida-sdd/output/m4/plots/aetina_tumida_min.png
Writing /home/viktsend/Dropbox/Work/20p/a-tumida-sdd/output/m4/plots/aetina_tumida_max.png
Writing /home/viktsend/Dropbox/Work/20p/a-tumida-sdd/output/m4/plots/aetina_tumida_median.png
Ending
