Mon Sep 02 12:06:46 CEST 2019
MaxEnt version 3.4.1
Checking header of /home/viktor/Dropbox/Work/20p/a-tumida-sdd/env-var/bioclim_1.asc
Checking header of /home/viktor/Dropbox/Work/20p/a-tumida-sdd/env-var/bioclim_6.asc
Checking header of /home/viktor/Dropbox/Work/20p/a-tumida-sdd/env-var/soil-mean.asc
Reading samples from A-tumida-occurrences-World+Italy+GBIF.maxent
Read samples: max memory 477626368, total allocated 156762112, free 18695400, used 138066712, increment 37290272
Warning: Sample at 0.0, 0.0 in A-tumida-occurrences-World+Italy+GBIF.maxent is outside the bounding box of environmental data, skipping
Extractor: max memory 477626368, total allocated 156762112, free 11042704, used 145719408, increment 7652696
Extracting random background and sample data
Warning: Sample at -82.040714, 43.052709 in A-tumida-occurrences-World+Italy+GBIF.maxent is missing some environmental data (e.g. soil-mean)
Warning: Skipping sample at -82.040714, 43.052709
Warning: Sample at -82.885759, 42.311797 in A-tumida-occurrences-World+Italy+GBIF.maxent is missing some environmental data (e.g. soil-mean)
Warning: Skipping sample at -82.885759, 42.311797
Warning: Sample at -83.108698, 42.101378 in A-tumida-occurrences-World+Italy+GBIF.maxent is missing some environmental data (e.g. soil-mean)
Warning: Skipping sample at -83.108698, 42.101378
Warning: Sample at -83.102477, 42.235541 in A-tumida-occurrences-World+Italy+GBIF.maxent is missing some environmental data (e.g. soil-mean)
Warning: Skipping sample at -83.102477, 42.235541
Warning: Sample at -82.233038, 42.240958 in A-tumida-occurrences-World+Italy+GBIF.maxent is missing some environmental data (e.g. soil-mean)
Warning: Skipping sample at -82.233038, 42.240958
Warning: Sample at 16.2213055555556, 39.1351194444444 in A-tumida-occurrences-World+Italy+GBIF.maxent is missing some environmental data (e.g. soil-mean)
Warning: Skipping sample at 16.2213055555556, 39.1351194444444
Warning: Sample at 16.2213055555556, 39.1351194444444 in A-tumida-occurrences-World+Italy+GBIF.maxent is missing some environmental data (e.g. soil-mean)
Warning: Skipping sample at 16.2213055555556, 39.1351194444444
Warning: Sample at 16.22195, 39.1356555555556 in A-tumida-occurrences-World+Italy+GBIF.maxent is missing some environmental data (e.g. soil-mean)
Warning: Skipping sample at 16.22195, 39.1356555555556
Warning: Sample at 16.22195, 39.1356555555556 in A-tumida-occurrences-World+Italy+GBIF.maxent is missing some environmental data (e.g. soil-mean)
Warning: Skipping sample at 16.22195, 39.1356555555556
Warning: Sample at 16.2480944444444, 39.1678638888889 in A-tumida-occurrences-World+Italy+GBIF.maxent is missing some environmental data (e.g. soil-mean)
Warning: Skipping sample at 16.2480944444444, 39.1678638888889
Warning: Sample at 15.9357777777778, 38.5540361111111 in A-tumida-occurrences-World+Italy+GBIF.maxent is missing some environmental data (e.g. soil-mean)
Warning: Skipping sample at 15.9357777777778, 38.5540361111111
Warning: Sample at 15.9357777777778, 38.5540361111111 in A-tumida-occurrences-World+Italy+GBIF.maxent is missing some environmental data (e.g. soil-mean)
Warning: Skipping sample at 15.9357777777778, 38.5540361111111
Warning: Sample at 15.9357777777778, 38.5540361111111 in A-tumida-occurrences-World+Italy+GBIF.maxent is missing some environmental data (e.g. soil-mean)
Warning: Skipping sample at 15.9357777777778, 38.5540361111111
Warning: Sample at 15.9357777777778, 38.5540361111111 in A-tumida-occurrences-World+Italy+GBIF.maxent is missing some environmental data (e.g. soil-mean)
Warning: Skipping sample at 15.9357777777778, 38.5540361111111
Warning: Sample at 15.9357777777778, 38.5540361111111 in A-tumida-occurrences-World+Italy+GBIF.maxent is missing some environmental data (e.g. soil-mean)
Warning: Skipping sample at 15.9357777777778, 38.5540361111111
Warning: Sample at 15.9357777777778, 38.5540361111111 in A-tumida-occurrences-World+Italy+GBIF.maxent is missing some environmental data (e.g. soil-mean)
Warning: Skipping sample at 15.9357777777778, 38.5540361111111
Warning: Sample at 15.9357777777778, 38.5540361111111 in A-tumida-occurrences-World+Italy+GBIF.maxent is missing some environmental data (e.g. soil-mean)
Warning: Skipping sample at 15.9357777777778, 38.5540361111111
Warning: Sample at 15.9357777777778, 38.5540361111111 in A-tumida-occurrences-World+Italy+GBIF.maxent is missing some environmental data (e.g. soil-mean)
Warning: Skipping sample at 15.9357777777778, 38.5540361111111
Warning: Sample at 15.9357777777778, 38.5540361111111 in A-tumida-occurrences-World+Italy+GBIF.maxent is missing some environmental data (e.g. soil-mean)
Warning: Skipping sample at 15.9357777777778, 38.5540361111111
Warning: Sample at 15.9357777777778, 38.5540361111111 in A-tumida-occurrences-World+Italy+GBIF.maxent is missing some environmental data (e.g. soil-mean)
Warning: Skipping sample at 15.9357777777778, 38.5540361111111
Warning: Sample at 15.9357777777778, 38.5540361111111 in A-tumida-occurrences-World+Italy+GBIF.maxent is missing some environmental data (e.g. soil-mean)
Warning: Skipping sample at 15.9357777777778, 38.5540361111111
Warning: Sample at 15.9357777777778, 38.5540361111111 in A-tumida-occurrences-World+Italy+GBIF.maxent is missing some environmental data (e.g. soil-mean)
Warning: Skipping sample at 15.9357777777778, 38.5540361111111
Warning: Sample at 15.9357777777778, 38.5540361111111 in A-tumida-occurrences-World+Italy+GBIF.maxent is missing some environmental data (e.g. soil-mean)
Warning: Skipping sample at 15.9357777777778, 38.5540361111111
Warning: Sample at 15.9357777777778, 38.5540361111111 in A-tumida-occurrences-World+Italy+GBIF.maxent is missing some environmental data (e.g. soil-mean)
Warning: Skipping sample at 15.9357777777778, 38.5540361111111
Warning: Sample at 15.9357777777778, 38.5540361111111 in A-tumida-occurrences-World+Italy+GBIF.maxent is missing some environmental data (e.g. soil-mean)
Warning: Skipping sample at 15.9357777777778, 38.5540361111111
Warning: Sample at 15.9357777777778, 38.5540361111111 in A-tumida-occurrences-World+Italy+GBIF.maxent is missing some environmental data (e.g. soil-mean)
Warning: Skipping sample at 15.9357777777778, 38.5540361111111
Warning: Sample at 15.9357777777778, 38.5540361111111 in A-tumida-occurrences-World+Italy+GBIF.maxent is missing some environmental data (e.g. soil-mean)
Warning: Skipping sample at 15.9357777777778, 38.5540361111111
Warning: Sample at 15.9357777777778, 38.5540361111111 in A-tumida-occurrences-World+Italy+GBIF.maxent is missing some environmental data (e.g. soil-mean)
Warning: Skipping sample at 15.9357777777778, 38.5540361111111
Warning: Sample at 15.9357777777778, 38.5540361111111 in A-tumida-occurrences-World+Italy+GBIF.maxent is missing some environmental data (e.g. soil-mean)
Warning: Skipping sample at 15.9357777777778, 38.5540361111111
Warning: Sample at 15.9357777777778, 38.5540361111111 in A-tumida-occurrences-World+Italy+GBIF.maxent is missing some environmental data (e.g. soil-mean)
Warning: Skipping sample at 15.9357777777778, 38.5540361111111
Warning: Sample at 15.9357777777778, 38.5540361111111 in A-tumida-occurrences-World+Italy+GBIF.maxent is missing some environmental data (e.g. soil-mean)
Warning: Skipping sample at 15.9357777777778, 38.5540361111111
Warning: Sample at 15.6449944444444, 38.4880583333333 in A-tumida-occurrences-World+Italy+GBIF.maxent is missing some environmental data (e.g. soil-mean)
Warning: Skipping sample at 15.6449944444444, 38.4880583333333
Warning: Sample at 15.6449944444444, 38.4880583333333 in A-tumida-occurrences-World+Italy+GBIF.maxent is missing some environmental data (e.g. soil-mean)
Warning: Skipping sample at 15.6449944444444, 38.4880583333333
Warning: Sample at 15.6449944444444, 38.4880583333333 in A-tumida-occurrences-World+Italy+GBIF.maxent is missing some environmental data (e.g. soil-mean)
Warning: Skipping sample at 15.6449944444444, 38.4880583333333
Warning: Sample at 15.6449944444444, 38.4880583333333 in A-tumida-occurrences-World+Italy+GBIF.maxent is missing some environmental data (e.g. soil-mean)
Warning: Skipping sample at 15.6449944444444, 38.4880583333333
Warning: Sample at 15.6449944444444, 38.4880583333333 in A-tumida-occurrences-World+Italy+GBIF.maxent is missing some environmental data (e.g. soil-mean)
Warning: Skipping sample at 15.6449944444444, 38.4880583333333
Warning: Sample at 15.6449944444444, 38.4880583333333 in A-tumida-occurrences-World+Italy+GBIF.maxent is missing some environmental data (e.g. soil-mean)
Warning: Skipping sample at 15.6449944444444, 38.4880583333333
Warning: Sample at 15.6449944444444, 38.4880583333333 in A-tumida-occurrences-World+Italy+GBIF.maxent is missing some environmental data (e.g. soil-mean)
Warning: Skipping sample at 15.6449944444444, 38.4880583333333
Warning: Sample at 15.6449944444444, 38.4880583333333 in A-tumida-occurrences-World+Italy+GBIF.maxent is missing some environmental data (e.g. soil-mean)
Warning: Skipping sample at 15.6449944444444, 38.4880583333333
Warning: Sample at 15.7173583333333, 38.2520333333333 in A-tumida-occurrences-World+Italy+GBIF.maxent is missing some environmental data (e.g. soil-mean)
Warning: Skipping sample at 15.7173583333333, 38.2520333333333
Warning: Sample at 15.7454694444444, 38.100525 in A-tumida-occurrences-World+Italy+GBIF.maxent is missing some environmental data (e.g. soil-mean)
Warning: Skipping sample at 15.7454694444444, 38.100525
Warning: Sample at 15.7454694444444, 38.100525 in A-tumida-occurrences-World+Italy+GBIF.maxent is missing some environmental data (e.g. soil-mean)
Warning: Skipping sample at 15.7454694444444, 38.100525
Warning: Sample at 15.7454694444444, 38.100525 in A-tumida-occurrences-World+Italy+GBIF.maxent is missing some environmental data (e.g. soil-mean)
Warning: Skipping sample at 15.7454694444444, 38.100525
Warning: Sample at 15.7454694444444, 38.100525 in A-tumida-occurrences-World+Italy+GBIF.maxent is missing some environmental data (e.g. soil-mean)
Warning: Skipping sample at 15.7454694444444, 38.100525
Warning: Sample at 15.7454694444444, 38.100525 in A-tumida-occurrences-World+Italy+GBIF.maxent is missing some environmental data (e.g. soil-mean)
Warning: Skipping sample at 15.7454694444444, 38.100525
Warning: Sample at 15.7454694444444, 38.100525 in A-tumida-occurrences-World+Italy+GBIF.maxent is missing some environmental data (e.g. soil-mean)
Warning: Skipping sample at 15.7454694444444, 38.100525
Warning: Sample at 15.6789388888889, 38.243675 in A-tumida-occurrences-World+Italy+GBIF.maxent is missing some environmental data (e.g. soil-mean)
Warning: Skipping sample at 15.6789388888889, 38.243675
Warning: Sample at 15.6789388888889, 38.243675 in A-tumida-occurrences-World+Italy+GBIF.maxent is missing some environmental data (e.g. soil-mean)
Warning: Skipping sample at 15.6789388888889, 38.243675
Warning: Sample at 15.6788027777778, 38.1026833333333 in A-tumida-occurrences-World+Italy+GBIF.maxent is missing some environmental data (e.g. soil-mean)
Warning: Skipping sample at 15.6788027777778, 38.1026833333333
Warning: Sample at 15.6788027777778, 38.1026833333333 in A-tumida-occurrences-World+Italy+GBIF.maxent is missing some environmental data (e.g. soil-mean)
Warning: Skipping sample at 15.6788027777778, 38.1026833333333
Warning: Sample at 15.7454666666667, 38.1026861111111 in A-tumida-occurrences-World+Italy+GBIF.maxent is missing some environmental data (e.g. soil-mean)
Warning: Skipping sample at 15.7454666666667, 38.1026861111111
Warning: Sample at 15.7454666666667, 38.1026861111111 in A-tumida-occurrences-World+Italy+GBIF.maxent is missing some environmental data (e.g. soil-mean)
Warning: Skipping sample at 15.7454666666667, 38.1026861111111
Warning: Sample at 15.7454666666667, 38.1026861111111 in A-tumida-occurrences-World+Italy+GBIF.maxent is missing some environmental data (e.g. soil-mean)
Warning: Skipping sample at 15.7454666666667, 38.1026861111111
Warning: Sample at 15.7454666666667, 38.1026861111111 in A-tumida-occurrences-World+Italy+GBIF.maxent is missing some environmental data (e.g. soil-mean)
Warning: Skipping sample at 15.7454666666667, 38.1026861111111
Warning: Sample at 15.7454666666667, 38.1026861111111 in A-tumida-occurrences-World+Italy+GBIF.maxent is missing some environmental data (e.g. soil-mean)
Warning: Skipping sample at 15.7454666666667, 38.1026861111111
Warning: Sample at 15.7454666666667, 38.1026861111111 in A-tumida-occurrences-World+Italy+GBIF.maxent is missing some environmental data (e.g. soil-mean)
Warning: Skipping sample at 15.7454666666667, 38.1026861111111
Warning: Sample at 15.7454666666667, 38.1026861111111 in A-tumida-occurrences-World+Italy+GBIF.maxent is missing some environmental data (e.g. soil-mean)
Warning: Skipping sample at 15.7454666666667, 38.1026861111111
Warning: Sample at 15.7454666666667, 38.1026861111111 in A-tumida-occurrences-World+Italy+GBIF.maxent is missing some environmental data (e.g. soil-mean)
Warning: Skipping sample at 15.7454666666667, 38.1026861111111
Warning: Sample at 15.7454666666667, 38.1026861111111 in A-tumida-occurrences-World+Italy+GBIF.maxent is missing some environmental data (e.g. soil-mean)
Warning: Skipping sample at 15.7454666666667, 38.1026861111111
Warning: Sample at 15.7454666666667, 38.1026861111111 in A-tumida-occurrences-World+Italy+GBIF.maxent is missing some environmental data (e.g. soil-mean)
Warning: Skipping sample at 15.7454666666667, 38.1026861111111
Warning: Sample at 15.7454666666667, 38.1026861111111 in A-tumida-occurrences-World+Italy+GBIF.maxent is missing some environmental data (e.g. soil-mean)
Warning: Skipping sample at 15.7454666666667, 38.1026861111111
Warning: Sample at 15.7454666666667, 38.1026861111111 in A-tumida-occurrences-World+Italy+GBIF.maxent is missing some environmental data (e.g. soil-mean)
Warning: Skipping sample at 15.7454666666667, 38.1026861111111
Warning: Sample at 15.7454666666667, 38.1026861111111 in A-tumida-occurrences-World+Italy+GBIF.maxent is missing some environmental data (e.g. soil-mean)
Warning: Skipping sample at 15.7454666666667, 38.1026861111111
Warning: Sample at 15.7454666666667, 38.1026861111111 in A-tumida-occurrences-World+Italy+GBIF.maxent is missing some environmental data (e.g. soil-mean)
Warning: Skipping sample at 15.7454666666667, 38.1026861111111
Warning: Sample at 15.7454666666667, 38.1026861111111 in A-tumida-occurrences-World+Italy+GBIF.maxent is missing some environmental data (e.g. soil-mean)
Warning: Skipping sample at 15.7454666666667, 38.1026861111111
Warning: Sample at 15.7454666666667, 38.1026861111111 in A-tumida-occurrences-World+Italy+GBIF.maxent is missing some environmental data (e.g. soil-mean)
Warning: Skipping sample at 15.7454666666667, 38.1026861111111
Warning: Sample at 15.7454666666667, 38.1026861111111 in A-tumida-occurrences-World+Italy+GBIF.maxent is missing some environmental data (e.g. soil-mean)
Warning: Skipping sample at 15.7454666666667, 38.1026861111111
Warning: Sample at 15.7454666666667, 38.1026861111111 in A-tumida-occurrences-World+Italy+GBIF.maxent is missing some environmental data (e.g. soil-mean)
Warning: Skipping sample at 15.7454666666667, 38.1026861111111
Warning: Sample at 15.7454666666667, 38.1026861111111 in A-tumida-occurrences-World+Italy+GBIF.maxent is missing some environmental data (e.g. soil-mean)
Warning: Skipping sample at 15.7454666666667, 38.1026861111111
Warning: Sample at 15.7454666666667, 38.1026861111111 in A-tumida-occurrences-World+Italy+GBIF.maxent is missing some environmental data (e.g. soil-mean)
Warning: Skipping sample at 15.7454666666667, 38.1026861111111
Warning: Sample at 15.7454666666667, 38.1026861111111 in A-tumida-occurrences-World+Italy+GBIF.maxent is missing some environmental data (e.g. soil-mean)
Warning: Skipping sample at 15.7454666666667, 38.1026861111111
Warning: Sample at 15.7454666666667, 38.1026861111111 in A-tumida-occurrences-World+Italy+GBIF.maxent is missing some environmental data (e.g. soil-mean)
Warning: Skipping sample at 15.7454666666667, 38.1026861111111
Warning: Sample at 15.7454666666667, 38.1026861111111 in A-tumida-occurrences-World+Italy+GBIF.maxent is missing some environmental data (e.g. soil-mean)
Warning: Skipping sample at 15.7454666666667, 38.1026861111111
Warning: Sample at 15.7454666666667, 38.1026861111111 in A-tumida-occurrences-World+Italy+GBIF.maxent is missing some environmental data (e.g. soil-mean)
Warning: Skipping sample at 15.7454666666667, 38.1026861111111
Warning: Sample at 15.7454666666667, 38.1026861111111 in A-tumida-occurrences-World+Italy+GBIF.maxent is missing some environmental data (e.g. soil-mean)
Warning: Skipping sample at 15.7454666666667, 38.1026861111111
Warning: Sample at 15.7454666666667, 38.1026861111111 in A-tumida-occurrences-World+Italy+GBIF.maxent is missing some environmental data (e.g. soil-mean)
Warning: Skipping sample at 15.7454666666667, 38.1026861111111
Warning: Sample at 15.7454666666667, 38.1026861111111 in A-tumida-occurrences-World+Italy+GBIF.maxent is missing some environmental data (e.g. soil-mean)
Warning: Skipping sample at 15.7454666666667, 38.1026861111111
Warning: Sample at 15.7454666666667, 38.1026861111111 in A-tumida-occurrences-World+Italy+GBIF.maxent is missing some environmental data (e.g. soil-mean)
Warning: Skipping sample at 15.7454666666667, 38.1026861111111
Warning: Sample at 15.7454666666667, 38.1026861111111 in A-tumida-occurrences-World+Italy+GBIF.maxent is missing some environmental data (e.g. soil-mean)
Warning: Skipping sample at 15.7454666666667, 38.1026861111111
Warning: Sample at 15.7454666666667, 38.1026861111111 in A-tumida-occurrences-World+Italy+GBIF.maxent is missing some environmental data (e.g. soil-mean)
Warning: Skipping sample at 15.7454666666667, 38.1026861111111
Warning: Sample at 15.7454666666667, 38.1026861111111 in A-tumida-occurrences-World+Italy+GBIF.maxent is missing some environmental data (e.g. soil-mean)
Warning: Skipping sample at 15.7454666666667, 38.1026861111111
Warning: Sample at 15.7454666666667, 38.1026861111111 in A-tumida-occurrences-World+Italy+GBIF.maxent is missing some environmental data (e.g. soil-mean)
Warning: Skipping sample at 15.7454666666667, 38.1026861111111
Warning: Sample at 15.7454666666667, 38.1026861111111 in A-tumida-occurrences-World+Italy+GBIF.maxent is missing some environmental data (e.g. soil-mean)
Warning: Skipping sample at 15.7454666666667, 38.1026861111111
Warning: Sample at 15.7454666666667, 38.1026861111111 in A-tumida-occurrences-World+Italy+GBIF.maxent is missing some environmental data (e.g. soil-mean)
Warning: Skipping sample at 15.7454666666667, 38.1026861111111
Warning: Sample at 15.7454666666667, 38.1026861111111 in A-tumida-occurrences-World+Italy+GBIF.maxent is missing some environmental data (e.g. soil-mean)
Warning: Skipping sample at 15.7454666666667, 38.1026861111111
Warning: Sample at 15.7454666666667, 38.1026861111111 in A-tumida-occurrences-World+Italy+GBIF.maxent is missing some environmental data (e.g. soil-mean)
Warning: Skipping sample at 15.7454666666667, 38.1026861111111
Warning: Sample at 15.7454666666667, 38.1026861111111 in A-tumida-occurrences-World+Italy+GBIF.maxent is missing some environmental data (e.g. soil-mean)
Warning: Skipping sample at 15.7454666666667, 38.1026861111111
Warning: Sample at 15.7454666666667, 38.1026861111111 in A-tumida-occurrences-World+Italy+GBIF.maxent is missing some environmental data (e.g. soil-mean)
Warning: Skipping sample at 15.7454666666667, 38.1026861111111
Warning: Sample at 15.7454666666667, 38.1026861111111 in A-tumida-occurrences-World+Italy+GBIF.maxent is missing some environmental data (e.g. soil-mean)
Warning: Skipping sample at 15.7454666666667, 38.1026861111111
Warning: Sample at 15.7454666666667, 38.1026861111111 in A-tumida-occurrences-World+Italy+GBIF.maxent is missing some environmental data (e.g. soil-mean)
Warning: Skipping sample at 15.7454666666667, 38.1026861111111
Warning: Sample at 15.7454666666667, 38.1026861111111 in A-tumida-occurrences-World+Italy+GBIF.maxent is missing some environmental data (e.g. soil-mean)
Warning: Skipping sample at 15.7454666666667, 38.1026861111111
Warning: Sample at 15.7454666666667, 38.1026861111111 in A-tumida-occurrences-World+Italy+GBIF.maxent is missing some environmental data (e.g. soil-mean)
Warning: Skipping sample at 15.7454666666667, 38.1026861111111
Warning: Sample at 15.7454666666667, 38.1026861111111 in A-tumida-occurrences-World+Italy+GBIF.maxent is missing some environmental data (e.g. soil-mean)
Warning: Skipping sample at 15.7454666666667, 38.1026861111111
Warning: Sample at 15.7454666666667, 38.1026861111111 in A-tumida-occurrences-World+Italy+GBIF.maxent is missing some environmental data (e.g. soil-mean)
Warning: Skipping sample at 15.7454666666667, 38.1026861111111
Warning: Sample at 15.7454666666667, 38.1026861111111 in A-tumida-occurrences-World+Italy+GBIF.maxent is missing some environmental data (e.g. soil-mean)
Warning: Skipping sample at 15.7454666666667, 38.1026861111111
Warning: Sample at 15.7454666666667, 38.1026861111111 in A-tumida-occurrences-World+Italy+GBIF.maxent is missing some environmental data (e.g. soil-mean)
Warning: Skipping sample at 15.7454666666667, 38.1026861111111
Warning: Sample at 15.7454666666667, 38.1026861111111 in A-tumida-occurrences-World+Italy+GBIF.maxent is missing some environmental data (e.g. soil-mean)
Warning: Skipping sample at 15.7454666666667, 38.1026861111111
Warning: Sample at 15.7454666666667, 38.1026861111111 in A-tumida-occurrences-World+Italy+GBIF.maxent is missing some environmental data (e.g. soil-mean)
Warning: Skipping sample at 15.7454666666667, 38.1026861111111
Warning: Sample at 15.7454666666667, 38.1026861111111 in A-tumida-occurrences-World+Italy+GBIF.maxent is missing some environmental data (e.g. soil-mean)
Warning: Skipping sample at 15.7454666666667, 38.1026861111111
Warning: Sample at 15.7454666666667, 38.1026861111111 in A-tumida-occurrences-World+Italy+GBIF.maxent is missing some environmental data (e.g. soil-mean)
Warning: Skipping sample at 15.7454666666667, 38.1026861111111
Warning: Sample at 15.7454666666667, 38.1026861111111 in A-tumida-occurrences-World+Italy+GBIF.maxent is missing some environmental data (e.g. soil-mean)
Warning: Skipping sample at 15.7454666666667, 38.1026861111111
Warning: Sample at 15.7454666666667, 38.1026861111111 in A-tumida-occurrences-World+Italy+GBIF.maxent is missing some environmental data (e.g. soil-mean)
Warning: Skipping sample at 15.7454666666667, 38.1026861111111
Warning: Sample at 15.7454666666667, 38.1026861111111 in A-tumida-occurrences-World+Italy+GBIF.maxent is missing some environmental data (e.g. soil-mean)
Warning: Skipping sample at 15.7454666666667, 38.1026861111111
Warning: Sample at 15.7454666666667, 38.1026861111111 in A-tumida-occurrences-World+Italy+GBIF.maxent is missing some environmental data (e.g. soil-mean)
Warning: Skipping sample at 15.7454666666667, 38.1026861111111
Warning: Sample at 15.7454666666667, 38.1026861111111 in A-tumida-occurrences-World+Italy+GBIF.maxent is missing some environmental data (e.g. soil-mean)
Warning: Skipping sample at 15.7454666666667, 38.1026861111111
Warning: Sample at 15.7454666666667, 38.1026861111111 in A-tumida-occurrences-World+Italy+GBIF.maxent is missing some environmental data (e.g. soil-mean)
Warning: Skipping sample at 15.7454666666667, 38.1026861111111
Warning: Sample at 15.7454666666667, 38.1026861111111 in A-tumida-occurrences-World+Italy+GBIF.maxent is missing some environmental data (e.g. soil-mean)
Warning: Skipping sample at 15.7454666666667, 38.1026861111111
Warning: Sample at 15.7454666666667, 38.1026861111111 in A-tumida-occurrences-World+Italy+GBIF.maxent is missing some environmental data (e.g. soil-mean)
Warning: Skipping sample at 15.7454666666667, 38.1026861111111
Warning: Sample at 15.7454666666667, 38.1026861111111 in A-tumida-occurrences-World+Italy+GBIF.maxent is missing some environmental data (e.g. soil-mean)
Warning: Skipping sample at 15.7454666666667, 38.1026861111111
Warning: Sample at 15.7454666666667, 38.1026861111111 in A-tumida-occurrences-World+Italy+GBIF.maxent is missing some environmental data (e.g. soil-mean)
Warning: Skipping sample at 15.7454666666667, 38.1026861111111
Warning: Sample at 15.7454666666667, 38.1026861111111 in A-tumida-occurrences-World+Italy+GBIF.maxent is missing some environmental data (e.g. soil-mean)
Warning: Skipping sample at 15.7454666666667, 38.1026861111111
Warning: Sample at 15.7454666666667, 38.1026861111111 in A-tumida-occurrences-World+Italy+GBIF.maxent is missing some environmental data (e.g. soil-mean)
Warning: Skipping sample at 15.7454666666667, 38.1026861111111
Warning: Sample at 15.7454666666667, 38.1026861111111 in A-tumida-occurrences-World+Italy+GBIF.maxent is missing some environmental data (e.g. soil-mean)
Warning: Skipping sample at 15.7454666666667, 38.1026861111111
Warning: Sample at 15.7454666666667, 38.1026861111111 in A-tumida-occurrences-World+Italy+GBIF.maxent is missing some environmental data (e.g. soil-mean)
Warning: Skipping sample at 15.7454666666667, 38.1026861111111
Warning: Sample at 15.7454666666667, 38.1026861111111 in A-tumida-occurrences-World+Italy+GBIF.maxent is missing some environmental data (e.g. soil-mean)
Warning: Skipping sample at 15.7454666666667, 38.1026861111111
Warning: Sample at 15.7454666666667, 38.1026861111111 in A-tumida-occurrences-World+Italy+GBIF.maxent is missing some environmental data (e.g. soil-mean)
Warning: Skipping sample at 15.7454666666667, 38.1026861111111
Warning: Sample at 15.7454666666667, 38.1026861111111 in A-tumida-occurrences-World+Italy+GBIF.maxent is missing some environmental data (e.g. soil-mean)
Warning: Skipping sample at 15.7454666666667, 38.1026861111111
Warning: Sample at 15.7454666666667, 38.1026861111111 in A-tumida-occurrences-World+Italy+GBIF.maxent is missing some environmental data (e.g. soil-mean)
Warning: Skipping sample at 15.7454666666667, 38.1026861111111
Warning: Sample at 15.7454666666667, 38.1026861111111 in A-tumida-occurrences-World+Italy+GBIF.maxent is missing some environmental data (e.g. soil-mean)
Warning: Skipping sample at 15.7454666666667, 38.1026861111111
Warning: Sample at 15.7454666666667, 38.1026861111111 in A-tumida-occurrences-World+Italy+GBIF.maxent is missing some environmental data (e.g. soil-mean)
Warning: Skipping sample at 15.7454666666667, 38.1026861111111
Warning: Sample at 15.7454666666667, 38.1026861111111 in A-tumida-occurrences-World+Italy+GBIF.maxent is missing some environmental data (e.g. soil-mean)
Warning: Skipping sample at 15.7454666666667, 38.1026861111111
Warning: Sample at 15.7454666666667, 38.1026861111111 in A-tumida-occurrences-World+Italy+GBIF.maxent is missing some environmental data (e.g. soil-mean)
Warning: Skipping sample at 15.7454666666667, 38.1026861111111
Warning: Sample at 15.7454666666667, 38.1026861111111 in A-tumida-occurrences-World+Italy+GBIF.maxent is missing some environmental data (e.g. soil-mean)
Warning: Skipping sample at 15.7454666666667, 38.1026861111111
Warning: Sample at 15.7454666666667, 38.1026861111111 in A-tumida-occurrences-World+Italy+GBIF.maxent is missing some environmental data (e.g. soil-mean)
Warning: Skipping sample at 15.7454666666667, 38.1026861111111
Warning: Sample at 15.7454666666667, 38.1026861111111 in A-tumida-occurrences-World+Italy+GBIF.maxent is missing some environmental data (e.g. soil-mean)
Warning: Skipping sample at 15.7454666666667, 38.1026861111111
Warning: Sample at 15.7454666666667, 38.1026861111111 in A-tumida-occurrences-World+Italy+GBIF.maxent is missing some environmental data (e.g. soil-mean)
Warning: Skipping sample at 15.7454666666667, 38.1026861111111
Warning: Sample at 15.7454666666667, 38.1026861111111 in A-tumida-occurrences-World+Italy+GBIF.maxent is missing some environmental data (e.g. soil-mean)
Warning: Skipping sample at 15.7454666666667, 38.1026861111111
Warning: Sample at 15.7454666666667, 38.1026861111111 in A-tumida-occurrences-World+Italy+GBIF.maxent is missing some environmental data (e.g. soil-mean)
Warning: Skipping sample at 15.7454666666667, 38.1026861111111
Warning: Sample at 15.7454666666667, 38.1026861111111 in A-tumida-occurrences-World+Italy+GBIF.maxent is missing some environmental data (e.g. soil-mean)
Warning: Skipping sample at 15.7454666666667, 38.1026861111111
Warning: Sample at 15.7454666666667, 38.1026861111111 in A-tumida-occurrences-World+Italy+GBIF.maxent is missing some environmental data (e.g. soil-mean)
Warning: Skipping sample at 15.7454666666667, 38.1026861111111
Warning: Sample at 15.7454666666667, 38.1026861111111 in A-tumida-occurrences-World+Italy+GBIF.maxent is missing some environmental data (e.g. soil-mean)
Warning: Skipping sample at 15.7454666666667, 38.1026861111111
Warning: Sample at 15.7454666666667, 38.1026861111111 in A-tumida-occurrences-World+Italy+GBIF.maxent is missing some environmental data (e.g. soil-mean)
Warning: Skipping sample at 15.7454666666667, 38.1026861111111
Warning: Sample at 15.7454666666667, 38.1026861111111 in A-tumida-occurrences-World+Italy+GBIF.maxent is missing some environmental data (e.g. soil-mean)
Warning: Skipping sample at 15.7454666666667, 38.1026861111111
Warning: Sample at 15.7454666666667, 38.1026861111111 in A-tumida-occurrences-World+Italy+GBIF.maxent is missing some environmental data (e.g. soil-mean)
Warning: Skipping sample at 15.7454666666667, 38.1026861111111
Warning: Sample at 15.7454666666667, 38.1026861111111 in A-tumida-occurrences-World+Italy+GBIF.maxent is missing some environmental data (e.g. soil-mean)
Warning: Skipping sample at 15.7454666666667, 38.1026861111111
Warning: Sample at 15.7454666666667, 38.1026861111111 in A-tumida-occurrences-World+Italy+GBIF.maxent is missing some environmental data (e.g. soil-mean)
Warning: Skipping sample at 15.7454666666667, 38.1026861111111
Warning: Sample at 15.7454666666667, 38.1026861111111 in A-tumida-occurrences-World+Italy+GBIF.maxent is missing some environmental data (e.g. soil-mean)
Warning: Skipping sample at 15.7454666666667, 38.1026861111111
Warning: Sample at 15.7454666666667, 38.1026861111111 in A-tumida-occurrences-World+Italy+GBIF.maxent is missing some environmental data (e.g. soil-mean)
Warning: Skipping sample at 15.7454666666667, 38.1026861111111
Warning: Sample at 15.7454666666667, 38.1026861111111 in A-tumida-occurrences-World+Italy+GBIF.maxent is missing some environmental data (e.g. soil-mean)
Warning: Skipping sample at 15.7454666666667, 38.1026861111111
Warning: Sample at 15.7454666666667, 38.1026861111111 in A-tumida-occurrences-World+Italy+GBIF.maxent is missing some environmental data (e.g. soil-mean)
Warning: Skipping sample at 15.7454666666667, 38.1026861111111
Warning: Sample at 15.7454666666667, 38.1026861111111 in A-tumida-occurrences-World+Italy+GBIF.maxent is missing some environmental data (e.g. soil-mean)
Warning: Skipping sample at 15.7454666666667, 38.1026861111111
Warning: Sample at 15.7454666666667, 38.1026861111111 in A-tumida-occurrences-World+Italy+GBIF.maxent is missing some environmental data (e.g. soil-mean)
Warning: Skipping sample at 15.7454666666667, 38.1026861111111
Warning: Sample at 15.7454666666667, 38.1026861111111 in A-tumida-occurrences-World+Italy+GBIF.maxent is missing some environmental data (e.g. soil-mean)
Warning: Skipping sample at 15.7454666666667, 38.1026861111111
Warning: Sample at 15.7454666666667, 38.1026861111111 in A-tumida-occurrences-World+Italy+GBIF.maxent is missing some environmental data (e.g. soil-mean)
Warning: Skipping sample at 15.7454666666667, 38.1026861111111
Warning: Sample at 15.7454666666667, 38.1026861111111 in A-tumida-occurrences-World+Italy+GBIF.maxent is missing some environmental data (e.g. soil-mean)
Warning: Skipping sample at 15.7454666666667, 38.1026861111111
Warning: Sample at 15.7454666666667, 38.1026861111111 in A-tumida-occurrences-World+Italy+GBIF.maxent is missing some environmental data (e.g. soil-mean)
Warning: Skipping sample at 15.7454666666667, 38.1026861111111
Warning: Sample at 15.7454666666667, 38.1026861111111 in A-tumida-occurrences-World+Italy+GBIF.maxent is missing some environmental data (e.g. soil-mean)
Warning: Skipping sample at 15.7454666666667, 38.1026861111111
Warning: Sample at 15.7454666666667, 38.1026861111111 in A-tumida-occurrences-World+Italy+GBIF.maxent is missing some environmental data (e.g. soil-mean)
Warning: Skipping sample at 15.7454666666667, 38.1026861111111
Warning: Sample at 15.7454666666667, 38.1026861111111 in A-tumida-occurrences-World+Italy+GBIF.maxent is missing some environmental data (e.g. soil-mean)
Warning: Skipping sample at 15.7454666666667, 38.1026861111111
Warning: Sample at 15.7454666666667, 38.1026861111111 in A-tumida-occurrences-World+Italy+GBIF.maxent is missing some environmental data (e.g. soil-mean)
Warning: Skipping sample at 15.7454666666667, 38.1026861111111
Warning: Sample at 15.7454666666667, 38.1026861111111 in A-tumida-occurrences-World+Italy+GBIF.maxent is missing some environmental data (e.g. soil-mean)
Warning: Skipping sample at 15.7454666666667, 38.1026861111111
Warning: Sample at 15.7454666666667, 38.1026861111111 in A-tumida-occurrences-World+Italy+GBIF.maxent is missing some environmental data (e.g. soil-mean)
Warning: Skipping sample at 15.7454666666667, 38.1026861111111
Warning: Sample at 15.7454666666667, 38.1026861111111 in A-tumida-occurrences-World+Italy+GBIF.maxent is missing some environmental data (e.g. soil-mean)
Warning: Skipping sample at 15.7454666666667, 38.1026861111111
Warning: Sample at 15.7454666666667, 38.1026861111111 in A-tumida-occurrences-World+Italy+GBIF.maxent is missing some environmental data (e.g. soil-mean)
Warning: Skipping sample at 15.7454666666667, 38.1026861111111
Warning: Sample at 15.7454666666667, 38.1026861111111 in A-tumida-occurrences-World+Italy+GBIF.maxent is missing some environmental data (e.g. soil-mean)
Warning: Skipping sample at 15.7454666666667, 38.1026861111111
Warning: Sample at 15.7454666666667, 38.1026861111111 in A-tumida-occurrences-World+Italy+GBIF.maxent is missing some environmental data (e.g. soil-mean)
Warning: Skipping sample at 15.7454666666667, 38.1026861111111
Warning: Sample at 15.7454666666667, 38.1026861111111 in A-tumida-occurrences-World+Italy+GBIF.maxent is missing some environmental data (e.g. soil-mean)
Warning: Skipping sample at 15.7454666666667, 38.1026861111111
Warning: Sample at 15.7454666666667, 38.1026861111111 in A-tumida-occurrences-World+Italy+GBIF.maxent is missing some environmental data (e.g. soil-mean)
Warning: Skipping sample at 15.7454666666667, 38.1026861111111
Warning: Sample at 15.7454666666667, 38.1026861111111 in A-tumida-occurrences-World+Italy+GBIF.maxent is missing some environmental data (e.g. soil-mean)
Warning: Skipping sample at 15.7454666666667, 38.1026861111111
Warning: Sample at 15.7454666666667, 38.1026861111111 in A-tumida-occurrences-World+Italy+GBIF.maxent is missing some environmental data (e.g. soil-mean)
Warning: Skipping sample at 15.7454666666667, 38.1026861111111
Warning: Sample at 15.7454666666667, 38.1026861111111 in A-tumida-occurrences-World+Italy+GBIF.maxent is missing some environmental data (e.g. soil-mean)
Warning: Skipping sample at 15.7454666666667, 38.1026861111111
Warning: Sample at 15.9744666666667, 38.2434361111111 in A-tumida-occurrences-World+Italy+GBIF.maxent is missing some environmental data (e.g. soil-mean)
Warning: Skipping sample at 15.9744666666667, 38.2434361111111
Warning: Sample at 15.9744666666667, 38.2434361111111 in A-tumida-occurrences-World+Italy+GBIF.maxent is missing some environmental data (e.g. soil-mean)
Warning: Skipping sample at 15.9744666666667, 38.2434361111111
Warning: Sample at 15.9744666666667, 38.2434361111111 in A-tumida-occurrences-World+Italy+GBIF.maxent is missing some environmental data (e.g. soil-mean)
Warning: Skipping sample at 15.9744666666667, 38.2434361111111
Warning: Sample at 15.9744666666667, 38.2434361111111 in A-tumida-occurrences-World+Italy+GBIF.maxent is missing some environmental data (e.g. soil-mean)
Warning: Skipping sample at 15.9744666666667, 38.2434361111111
Warning: Sample at 15.9748083333333, 38.2430666666667 in A-tumida-occurrences-World+Italy+GBIF.maxent is missing some environmental data (e.g. soil-mean)
Warning: Skipping sample at 15.9748083333333, 38.2430666666667
Warning: Sample at 15.9748083333333, 38.2430666666667 in A-tumida-occurrences-World+Italy+GBIF.maxent is missing some environmental data (e.g. soil-mean)
Warning: Skipping sample at 15.9748083333333, 38.2430666666667
Warning: Sample at 15.9748083333333, 38.2430666666667 in A-tumida-occurrences-World+Italy+GBIF.maxent is missing some environmental data (e.g. soil-mean)
Warning: Skipping sample at 15.9748083333333, 38.2430666666667
Warning: Sample at 15.9748083333333, 38.2430666666667 in A-tumida-occurrences-World+Italy+GBIF.maxent is missing some environmental data (e.g. soil-mean)
Warning: Skipping sample at 15.9748083333333, 38.2430666666667
Warning: Sample at 15.9748083333333, 38.2430666666667 in A-tumida-occurrences-World+Italy+GBIF.maxent is missing some environmental data (e.g. soil-mean)
Warning: Skipping sample at 15.9748083333333, 38.2430666666667
Warning: Sample at 15.9748083333333, 38.2430666666667 in A-tumida-occurrences-World+Italy+GBIF.maxent is missing some environmental data (e.g. soil-mean)
Warning: Skipping sample at 15.9748083333333, 38.2430666666667
Warning: Sample at 15.9748083333333, 38.2430666666667 in A-tumida-occurrences-World+Italy+GBIF.maxent is missing some environmental data (e.g. soil-mean)
Warning: Skipping sample at 15.9748083333333, 38.2430666666667
Warning: Sample at 15.9748083333333, 38.2430666666667 in A-tumida-occurrences-World+Italy+GBIF.maxent is missing some environmental data (e.g. soil-mean)
Warning: Skipping sample at 15.9748083333333, 38.2430666666667
Warning: Sample at -82.366596, 23.113592 in A-tumida-occurrences-World+Italy+GBIF.maxent is missing some environmental data (e.g. soil-mean)
Warning: Skipping sample at -82.366596, 23.113592
Warning: Sample at -81.532215, 23.03034 in A-tumida-occurrences-World+Italy+GBIF.maxent is missing some environmental data (e.g. soil-mean)
Warning: Skipping sample at -81.532215, 23.03034
Warning: Sample at -82.911803, 22.816568 in A-tumida-occurrences-World+Italy+GBIF.maxent is missing some environmental data (e.g. soil-mean)
Warning: Skipping sample at -82.911803, 22.816568
Warning: Sample at -155.665857, 19.542915 in A-tumida-occurrences-World+Italy+GBIF.maxent is missing some environmental data (e.g. soil-mean)
Warning: Skipping sample at -155.665857, 19.542915
Warning: Sample at -155.073765, 19.653754 in A-tumida-occurrences-World+Italy+GBIF.maxent is missing some environmental data (e.g. soil-mean)
Warning: Skipping sample at -155.073765, 19.653754
Warning: Sample at -88.396754, 18.40308 in A-tumida-occurrences-World+Italy+GBIF.maxent is missing some environmental data (e.g. soil-mean)
Warning: Skipping sample at -88.396754, 18.40308
Warning: Sample at -88.396754, 18.40308 in A-tumida-occurrences-World+Italy+GBIF.maxent is missing some environmental data (e.g. soil-mean)
Warning: Skipping sample at -88.396754, 18.40308
Warning: Sample at -88.142559, 18.354812 in A-tumida-occurrences-World+Italy+GBIF.maxent is missing some environmental data (e.g. soil-mean)
Warning: Skipping sample at -88.142559, 18.354812
Warning: Sample at -86.872215, 12.114993 in A-tumida-occurrences-World+Italy+GBIF.maxent is missing some environmental data (e.g. soil-mean)
Warning: Skipping sample at -86.872215, 12.114993
Warning: Sample at -86.05296, 11.955006 in A-tumida-occurrences-World+Italy+GBIF.maxent is missing some environmental data (e.g. soil-mean)
Warning: Skipping sample at -86.05296, 11.955006
Warning: Sample at -85.63064, 11.070827 in A-tumida-occurrences-World+Italy+GBIF.maxent is missing some environmental data (e.g. soil-mean)
Warning: Skipping sample at -85.63064, 11.070827
Warning: Sample at -85.413051, 11.066564 in A-tumida-occurrences-World+Italy+GBIF.maxent is missing some environmental data (e.g. soil-mean)
Warning: Skipping sample at -85.413051, 11.066564
Warning: Sample at 20.939444, 6.611111 in A-tumida-occurrences-World+Italy+GBIF.maxent is missing some environmental data (e.g. soil-mean)
Warning: Skipping sample at 20.939444, 6.611111
Warning: Sample at 15.827659, -0.228021 in A-tumida-occurrences-World+Italy+GBIF.maxent is missing some environmental data (e.g. soil-mean)
Warning: Skipping sample at 15.827659, -0.228021
Warning: Sample at 21.758664, -4.038333 in A-tumida-occurrences-World+Italy+GBIF.maxent is missing some environmental data (e.g. soil-mean)
Warning: Skipping sample at 21.758664, -4.038333
Warning: Sample at -43.172896, -22.906847 in A-tumida-occurrences-World+Italy+GBIF.maxent is missing some environmental data (e.g. soil-mean)
Warning: Skipping sample at -43.172896, -22.906847
Warning: Sample at -46.396136, -23.960745 in A-tumida-occurrences-World+Italy+GBIF.maxent is missing some environmental data (e.g. soil-mean)
Warning: Skipping sample at -46.396136, -23.960745
Warning: Sample at -46.326409, -23.95613 in A-tumida-occurrences-World+Italy+GBIF.maxent is missing some environmental data (e.g. soil-mean)
Warning: Skipping sample at -46.326409, -23.95613
209280 points with values for all grids
Adding samples to background in feature space
Command line used: 
Command line to repeat: java density.MaxEnt nowarnings noprefixes responsecurves jackknife outputdirectory=/home/viktor/Temp/analiz4 samplesfile=/home/viktor/Dropbox/Work/20p/a-tumida-sdd/maxent-input/A-tumida-occurrences-World+Italy+GBIF.maxent environmentallayers=/home/viktor/Dropbox/Work/20p/a-tumida-sdd/env-var -N bioclim_10 -N bioclim_11 -N bioclim_12 -N bioclim_13 -N bioclim_14 -N bioclim_15 -N bioclim_16 -N bioclim_17 -N bioclim_18 -N bioclim_19 -N bioclim_2 -N bioclim_3 -N bioclim_4 -N bioclim_5 -N bioclim_7 -N bioclim_8 -N bioclim_9 -N soil-max -N soil-min
Species: aetina_tumida
Layers: bioclim_1 bioclim_6 soil-mean
Layertypes: Continuous Continuous Continuous
responsecurves: true
jackknife: true
outputdirectory: /home/viktor/Temp/analiz4
samplesfile: /home/viktor/Dropbox/Work/20p/a-tumida-sdd/maxent-input/A-tumida-occurrences-World+Italy+GBIF.maxent
environmentallayers: /home/viktor/Dropbox/Work/20p/a-tumida-sdd/env-var

getSamples: max memory 477626368, total allocated 154664960, free 96606384, used 58058576, increment -87660832
Making features
makeFeatures: max memory 477626368, total allocated 154664960, free 96177864, used 58487096, increment 428520
aetina_tumida: 
Regularization values: linear/quadratic/product: 0.050, categorical: 0.250, threshold: 1.000, hinge: 0.500
120 samples
Density: max memory 477626368, total allocated 154664960, free 92017264, used 62647696, increment 4160600
linearPredictor: max memory 477626368, total allocated 154664960, free 91936320, used 62728640, increment 80944
FeaturedSpace: max memory 477626368, total allocated 154664960, free 91936320, used 62728640, increment 0
Sequential: max memory 477626368, total allocated 154664960, free 91936320, used 62728640, increment 0
Initial loss: 9.221873607789856
Time since start: 8.174
500: time = 7.738000 loss = 8.394908
Resulting gain: 0.8269659249516437
Projecting...
Writing file /home/viktor/Temp/analiz4/aetina_tumida.asc
Time since start: 9.262
Writing /home/viktor/Temp/analiz4/plots/aetina_tumida.png
aetina_tumida response curves
Response curve: only bioclim_1
Making features
makeFeatures: max memory 477626368, total allocated 147849216, free 40250096, used 107599120, increment 44870480
aetina_tumida bioclim_1: 
Regularization values: linear/quadratic/product: 0.050, categorical: 0.250, threshold: 1.000, hinge: 0.500
120 samples
Density: max memory 477626368, total allocated 147849216, free 40221416, used 107627800, increment 28680
linearPredictor: max memory 477626368, total allocated 147849216, free 40221416, used 107627800, increment 0
FeaturedSpace: max memory 477626368, total allocated 147849216, free 40221416, used 107627800, increment 0
Sequential: max memory 477626368, total allocated 147849216, free 40221416, used 107627800, increment 0
Initial loss: 9.221873607789856
Time since start: 12.903
500: time = 2.966000 loss = 8.724373
Resulting gain: 0.4975003692292219
aetina_tumida response curves
Response curve: only bioclim_6
Making features
makeFeatures: max memory 477626368, total allocated 127926272, free 66111888, used 61814384, increment -45813416
aetina_tumida bioclim_6: 
Regularization values: linear/quadratic/product: 0.050, categorical: 0.250, threshold: 1.000, hinge: 0.500
120 samples
Density: max memory 477626368, total allocated 127926272, free 64505632, used 63420640, increment 1606256
linearPredictor: max memory 477626368, total allocated 127926272, free 64505632, used 63420640, increment 0
FeaturedSpace: max memory 477626368, total allocated 127926272, free 64505632, used 63420640, increment 0
Sequential: max memory 477626368, total allocated 127926272, free 64505632, used 63420640, increment 0
Initial loss: 9.221873607789856
Time since start: 14.677
220: time = 1.678000 loss = 8.818549
Resulting gain: 0.4033242883970729
aetina_tumida response curves
Response curve: only soil-mean
Making features
makeFeatures: max memory 477626368, total allocated 119537664, free 46608240, used 72929424, increment 9508784
aetina_tumida soil-mean: 
Regularization values: linear/quadratic/product: 0.050, categorical: 0.250, threshold: 1.000, hinge: 0.500
120 samples
Density: max memory 477626368, total allocated 119537664, free 43707048, used 75830616, increment 2901192
linearPredictor: max memory 477626368, total allocated 119537664, free 43707048, used 75830616, increment 0
FeaturedSpace: max memory 477626368, total allocated 119537664, free 43707048, used 75830616, increment 0
Sequential: max memory 477626368, total allocated 119537664, free 43707048, used 75830616, increment 0
Initial loss: 9.221873607789856
Time since start: 17.094
260: time = 2.330000 loss = 8.957523
Resulting gain: 0.264351019918573
aetina_tumida response curves
Jackknife: leave bioclim_1 out
Making features
makeFeatures: max memory 477626368, total allocated 130547712, free 51412296, used 79135416, increment 3304800
aetina_tumida bioclim_1: 
Regularization values: linear/quadratic/product: 0.050, categorical: 0.250, threshold: 1.000, hinge: 0.500
120 samples
Density: max memory 477626368, total allocated 130547712, free 47740440, used 82807272, increment 3671856
linearPredictor: max memory 477626368, total allocated 130547712, free 47740440, used 82807272, increment 0
FeaturedSpace: max memory 477626368, total allocated 130547712, free 47740440, used 82807272, increment 0
Sequential: max memory 477626368, total allocated 130547712, free 47740440, used 82807272, increment 0
Initial loss: 9.221873607789856
Time since start: 21.523
320: time = 4.151000 loss = 8.524974
Jackknife: leave bioclim_6 out
Making features
makeFeatures: max memory 477626368, total allocated 126877696, free 61703888, used 65173808, increment -17633464
aetina_tumida bioclim_6: 
Regularization values: linear/quadratic/product: 0.050, categorical: 0.250, threshold: 1.000, hinge: 0.500
120 samples
Density: max memory 477626368, total allocated 126877696, free 58116368, used 68761328, increment 3587520
linearPredictor: max memory 477626368, total allocated 126877696, free 58116368, used 68761328, increment 0
FeaturedSpace: max memory 477626368, total allocated 126877696, free 58116368, used 68761328, increment 0
Sequential: max memory 477626368, total allocated 126877696, free 58116368, used 68761328, increment 0
Initial loss: 9.221873607789856
Time since start: 27.916
500: time = 6.358000 loss = 8.437267
Jackknife: leave soil-mean out
Making features
makeFeatures: max memory 477626368, total allocated 138936320, free 26337464, used 112598856, increment 43837528
aetina_tumida soil-mean: 
Regularization values: linear/quadratic/product: 0.050, categorical: 0.250, threshold: 1.000, hinge: 0.500
120 samples
Density: max memory 477626368, total allocated 138936320, free 24481536, used 114454784, increment 1855928
linearPredictor: max memory 477626368, total allocated 138936320, free 24481536, used 114454784, increment 0
FeaturedSpace: max memory 477626368, total allocated 138936320, free 24481536, used 114454784, increment 0
Sequential: max memory 477626368, total allocated 138936320, free 24481536, used 114454784, increment 0
Initial loss: 9.221873607789856
Time since start: 32.826
500: time = 4.873000 loss = 8.649505
Jackknife: only bioclim_1
Making features
makeFeatures: max memory 477626368, total allocated 146276352, free 95878808, used 50397544, increment -64057240
aetina_tumida bioclim_1: 
Regularization values: linear/quadratic/product: 0.050, categorical: 0.250, threshold: 1.000, hinge: 0.500
120 samples
Density: max memory 477626368, total allocated 146276352, free 95850824, used 50425528, increment 27984
linearPredictor: max memory 477626368, total allocated 146276352, free 95850824, used 50425528, increment 0
FeaturedSpace: max memory 477626368, total allocated 146276352, free 95850824, used 50425528, increment 0
Sequential: max memory 477626368, total allocated 146276352, free 95850824, used 50425528, increment 0
Initial loss: 9.221873607789856
Time since start: 35.561
500: time = 2.712000 loss = 8.724373
Res.gain: 0.4975003692292219
Jackknife: only bioclim_6
Making features
makeFeatures: max memory 477626368, total allocated 128450560, free 37907768, used 90542792, increment 40117264
aetina_tumida bioclim_6: 
Regularization values: linear/quadratic/product: 0.050, categorical: 0.250, threshold: 1.000, hinge: 0.500
120 samples
Density: max memory 477626368, total allocated 128450560, free 36249936, used 92200624, increment 1657832
linearPredictor: max memory 477626368, total allocated 128450560, free 36249936, used 92200624, increment 0
FeaturedSpace: max memory 477626368, total allocated 128450560, free 36249936, used 92200624, increment 0
Sequential: max memory 477626368, total allocated 128450560, free 36249936, used 92200624, increment 0
Initial loss: 9.221873607789856
Time since start: 37.177
220: time = 1.590000 loss = 8.818549
Res.gain: 0.4033242883970729
Jackknife: only soil-mean
Making features
makeFeatures: max memory 477626368, total allocated 119013376, free 23838552, used 95174824, increment 2974200
aetina_tumida soil-mean: 
Regularization values: linear/quadratic/product: 0.050, categorical: 0.250, threshold: 1.000, hinge: 0.500
120 samples
Density: max memory 477626368, total allocated 119013376, free 22329496, used 96683880, increment 1509056
linearPredictor: max memory 477626368, total allocated 119013376, free 22329496, used 96683880, increment 0
FeaturedSpace: max memory 477626368, total allocated 119013376, free 22329496, used 96683880, increment 0
Sequential: max memory 477626368, total allocated 119013376, free 22329496, used 96683880, increment 0
Initial loss: 9.221873607789856
Time since start: 39.53
260: time = 2.338000 loss = 8.957523
Res.gain: 0.264351019918573
Ending
