Mon Dec 02 10:48:42 CET 2019
MaxEnt version 3.4.1
Checking header of /home/viktor/Work/a-tumida-sdd/environmental-layers/bioclim_10.asc
Checking header of /home/viktor/Work/a-tumida-sdd/environmental-layers/bioclim_11.asc
Checking header of /home/viktor/Work/a-tumida-sdd/environmental-layers/bioclim_13.asc
Checking header of /home/viktor/Work/a-tumida-sdd/environmental-layers/bioclim_14.asc
Checking header of /home/viktor/Work/a-tumida-sdd/environmental-layers/bioclim_16.asc
Checking header of /home/viktor/Work/a-tumida-sdd/environmental-layers/bioclim_17.asc
Checking header of /home/viktor/Work/a-tumida-sdd/environmental-layers/bioclim_5.asc
Checking header of /home/viktor/Work/a-tumida-sdd/environmental-layers/bioclim_6.asc
Checking header of /home/viktor/Work/a-tumida-sdd/environmental-layers/soil-max.asc
Checking header of /home/viktor/Work/a-tumida-sdd/environmental-layers/soil-min.asc
Reading samples from A-tumida-occurrences-World+Italy+GBIF.maxent
Read samples: max memory 536870912, total allocated 524288000, free 506908976, used 17379024, increment 17379024
Warning: Sample at 0.0, 0.0 in A-tumida-occurrences-World+Italy+GBIF.maxent is outside the bounding box of environmental data, skipping
Time since start: 3.822
Converting file /home/viktor/Work/a-tumida-sdd/environmental-layers/bioclim_10.asc size 7395093, max memory = 536870912
Reading file bioclim_10.asc
FLOAT, 265111 pixels with data
readGrid: max memory 536870912, total allocated 524288000, free 464806504, used 59481496, increment 42102472
Writing file /home/viktor/Work/a-tumida-sdd/environmental-layers/maxent.cache/bioclim_10.mxe
Converting file /home/viktor/Work/a-tumida-sdd/environmental-layers/bioclim_11.asc size 7513730, max memory = 536870912
Reading file bioclim_11.asc
FLOAT, 265111 pixels with data
readGrid: max memory 536870912, total allocated 524288000, free 443659112, used 80628888, increment 21147392
Writing file /home/viktor/Work/a-tumida-sdd/environmental-layers/maxent.cache/bioclim_11.mxe
Converting file /home/viktor/Work/a-tumida-sdd/environmental-layers/bioclim_13.asc size 7206720, max memory = 536870912
Reading file bioclim_13.asc
FLOAT, 265240 pixels with data
readGrid: max memory 536870912, total allocated 524288000, free 445593232, used 78694768, increment -1934120
Writing file /home/viktor/Work/a-tumida-sdd/environmental-layers/maxent.cache/bioclim_13.mxe
Time since start: 4.931
Converting file /home/viktor/Work/a-tumida-sdd/environmental-layers/bioclim_14.asc size 6691782, max memory = 536870912
Reading file bioclim_14.asc
FLOAT, 265240 pixels with data
readGrid: max memory 536870912, total allocated 524288000, free 450669512, used 73618488, increment -5076280
Writing file /home/viktor/Work/a-tumida-sdd/environmental-layers/maxent.cache/bioclim_14.mxe
Converting file /home/viktor/Work/a-tumida-sdd/environmental-layers/bioclim_16.asc size 7404947, max memory = 536870912
Reading file bioclim_16.asc
FLOAT, 265240 pixels with data
readGrid: max memory 536870912, total allocated 524288000, free 453234632, used 71053368, increment -2565120
Writing file /home/viktor/Work/a-tumida-sdd/environmental-layers/maxent.cache/bioclim_16.mxe
Converting file /home/viktor/Work/a-tumida-sdd/environmental-layers/bioclim_17.asc size 7019431, max memory = 536870912
Reading file bioclim_17.asc
FLOAT, 265240 pixels with data
readGrid: max memory 536870912, total allocated 524288000, free 456749344, used 67538656, increment -3514712
Writing file /home/viktor/Work/a-tumida-sdd/environmental-layers/maxent.cache/bioclim_17.mxe
Converting file /home/viktor/Work/a-tumida-sdd/environmental-layers/bioclim_5.asc size 7422389, max memory = 536870912
Reading file bioclim_5.asc
FLOAT, 265111 pixels with data
readGrid: max memory 536870912, total allocated 524288000, free 460056472, used 64231528, increment -3307128
Writing file /home/viktor/Work/a-tumida-sdd/environmental-layers/maxent.cache/bioclim_5.mxe
Time since start: 5.989
Converting file /home/viktor/Work/a-tumida-sdd/environmental-layers/bioclim_6.asc size 7507166, max memory = 536870912
Reading file bioclim_6.asc
FLOAT, 265111 pixels with data
readGrid: max memory 536870912, total allocated 524288000, free 461631936, used 62656064, increment -1575464
Writing file /home/viktor/Work/a-tumida-sdd/environmental-layers/maxent.cache/bioclim_6.mxe
Converting file /home/viktor/Work/a-tumida-sdd/environmental-layers/soil-max.asc size 9637042, max memory = 536870912
Reading file soil-max.asc
FLOAT, 209280 pixels with data
readGrid: max memory 536870912, total allocated 524288000, free 390330024, used 133957976, increment 71301912
Writing file /home/viktor/Work/a-tumida-sdd/environmental-layers/maxent.cache/soil-max.mxe
Converting file /home/viktor/Work/a-tumida-sdd/environmental-layers/soil-min.asc size 9701125, max memory = 536870912
Reading file soil-min.asc
FLOAT, 209280 pixels with data
readGrid: max memory 536870912, total allocated 524288000, free 318496576, used 205791424, increment 71833448
Writing file /home/viktor/Work/a-tumida-sdd/environmental-layers/maxent.cache/soil-min.mxe
Extractor: max memory 536870912, total allocated 524288000, free 317742352, used 206545648, increment 754224
Extracting random background and sample data
Warning: Sample at -82.040714, 43.052709 in A-tumida-occurrences-World+Italy+GBIF.maxent is missing some environmental data (e.g. soil-max)
Warning: Skipping sample at -82.040714, 43.052709
Warning: Sample at -82.885759, 42.311797 in A-tumida-occurrences-World+Italy+GBIF.maxent is missing some environmental data (e.g. soil-max)
Warning: Skipping sample at -82.885759, 42.311797
Warning: Sample at -83.108698, 42.101378 in A-tumida-occurrences-World+Italy+GBIF.maxent is missing some environmental data (e.g. soil-max)
Warning: Skipping sample at -83.108698, 42.101378
Warning: Sample at -83.102477, 42.235541 in A-tumida-occurrences-World+Italy+GBIF.maxent is missing some environmental data (e.g. soil-max)
Warning: Skipping sample at -83.102477, 42.235541
Warning: Sample at -82.233038, 42.240958 in A-tumida-occurrences-World+Italy+GBIF.maxent is missing some environmental data (e.g. soil-max)
Warning: Skipping sample at -82.233038, 42.240958
Warning: Sample at 16.2213055555556, 39.1351194444444 in A-tumida-occurrences-World+Italy+GBIF.maxent is missing some environmental data (e.g. soil-max)
Warning: Skipping sample at 16.2213055555556, 39.1351194444444
Warning: Sample at 16.2213055555556, 39.1351194444444 in A-tumida-occurrences-World+Italy+GBIF.maxent is missing some environmental data (e.g. soil-max)
Warning: Skipping sample at 16.2213055555556, 39.1351194444444
Warning: Sample at 16.22195, 39.1356555555556 in A-tumida-occurrences-World+Italy+GBIF.maxent is missing some environmental data (e.g. soil-max)
Warning: Skipping sample at 16.22195, 39.1356555555556
Warning: Sample at 16.22195, 39.1356555555556 in A-tumida-occurrences-World+Italy+GBIF.maxent is missing some environmental data (e.g. soil-max)
Warning: Skipping sample at 16.22195, 39.1356555555556
Warning: Sample at 16.2480944444444, 39.1678638888889 in A-tumida-occurrences-World+Italy+GBIF.maxent is missing some environmental data (e.g. soil-max)
Warning: Skipping sample at 16.2480944444444, 39.1678638888889
Warning: Sample at 15.9357777777778, 38.5540361111111 in A-tumida-occurrences-World+Italy+GBIF.maxent is missing some environmental data (e.g. soil-max)
Warning: Skipping sample at 15.9357777777778, 38.5540361111111
Warning: Sample at 15.9357777777778, 38.5540361111111 in A-tumida-occurrences-World+Italy+GBIF.maxent is missing some environmental data (e.g. soil-max)
Warning: Skipping sample at 15.9357777777778, 38.5540361111111
Warning: Sample at 15.9357777777778, 38.5540361111111 in A-tumida-occurrences-World+Italy+GBIF.maxent is missing some environmental data (e.g. soil-max)
Warning: Skipping sample at 15.9357777777778, 38.5540361111111
Warning: Sample at 15.9357777777778, 38.5540361111111 in A-tumida-occurrences-World+Italy+GBIF.maxent is missing some environmental data (e.g. soil-max)
Warning: Skipping sample at 15.9357777777778, 38.5540361111111
Warning: Sample at 15.9357777777778, 38.5540361111111 in A-tumida-occurrences-World+Italy+GBIF.maxent is missing some environmental data (e.g. soil-max)
Warning: Skipping sample at 15.9357777777778, 38.5540361111111
Warning: Sample at 15.9357777777778, 38.5540361111111 in A-tumida-occurrences-World+Italy+GBIF.maxent is missing some environmental data (e.g. soil-max)
Warning: Skipping sample at 15.9357777777778, 38.5540361111111
Warning: Sample at 15.9357777777778, 38.5540361111111 in A-tumida-occurrences-World+Italy+GBIF.maxent is missing some environmental data (e.g. soil-max)
Warning: Skipping sample at 15.9357777777778, 38.5540361111111
Warning: Sample at 15.9357777777778, 38.5540361111111 in A-tumida-occurrences-World+Italy+GBIF.maxent is missing some environmental data (e.g. soil-max)
Warning: Skipping sample at 15.9357777777778, 38.5540361111111
Warning: Sample at 15.9357777777778, 38.5540361111111 in A-tumida-occurrences-World+Italy+GBIF.maxent is missing some environmental data (e.g. soil-max)
Warning: Skipping sample at 15.9357777777778, 38.5540361111111
Warning: Sample at 15.9357777777778, 38.5540361111111 in A-tumida-occurrences-World+Italy+GBIF.maxent is missing some environmental data (e.g. soil-max)
Warning: Skipping sample at 15.9357777777778, 38.5540361111111
Warning: Sample at 15.9357777777778, 38.5540361111111 in A-tumida-occurrences-World+Italy+GBIF.maxent is missing some environmental data (e.g. soil-max)
Warning: Skipping sample at 15.9357777777778, 38.5540361111111
Warning: Sample at 15.9357777777778, 38.5540361111111 in A-tumida-occurrences-World+Italy+GBIF.maxent is missing some environmental data (e.g. soil-max)
Warning: Skipping sample at 15.9357777777778, 38.5540361111111
Warning: Sample at 15.9357777777778, 38.5540361111111 in A-tumida-occurrences-World+Italy+GBIF.maxent is missing some environmental data (e.g. soil-max)
Warning: Skipping sample at 15.9357777777778, 38.5540361111111
Warning: Sample at 15.9357777777778, 38.5540361111111 in A-tumida-occurrences-World+Italy+GBIF.maxent is missing some environmental data (e.g. soil-max)
Warning: Skipping sample at 15.9357777777778, 38.5540361111111
Warning: Sample at 15.9357777777778, 38.5540361111111 in A-tumida-occurrences-World+Italy+GBIF.maxent is missing some environmental data (e.g. soil-max)
Warning: Skipping sample at 15.9357777777778, 38.5540361111111
Warning: Sample at 15.9357777777778, 38.5540361111111 in A-tumida-occurrences-World+Italy+GBIF.maxent is missing some environmental data (e.g. soil-max)
Warning: Skipping sample at 15.9357777777778, 38.5540361111111
Warning: Sample at 15.9357777777778, 38.5540361111111 in A-tumida-occurrences-World+Italy+GBIF.maxent is missing some environmental data (e.g. soil-max)
Warning: Skipping sample at 15.9357777777778, 38.5540361111111
Warning: Sample at 15.9357777777778, 38.5540361111111 in A-tumida-occurrences-World+Italy+GBIF.maxent is missing some environmental data (e.g. soil-max)
Warning: Skipping sample at 15.9357777777778, 38.5540361111111
Warning: Sample at 15.9357777777778, 38.5540361111111 in A-tumida-occurrences-World+Italy+GBIF.maxent is missing some environmental data (e.g. soil-max)
Warning: Skipping sample at 15.9357777777778, 38.5540361111111
Warning: Sample at 15.9357777777778, 38.5540361111111 in A-tumida-occurrences-World+Italy+GBIF.maxent is missing some environmental data (e.g. soil-max)
Warning: Skipping sample at 15.9357777777778, 38.5540361111111
Warning: Sample at 15.9357777777778, 38.5540361111111 in A-tumida-occurrences-World+Italy+GBIF.maxent is missing some environmental data (e.g. soil-max)
Warning: Skipping sample at 15.9357777777778, 38.5540361111111
Warning: Sample at 15.6449944444444, 38.4880583333333 in A-tumida-occurrences-World+Italy+GBIF.maxent is missing some environmental data (e.g. soil-max)
Warning: Skipping sample at 15.6449944444444, 38.4880583333333
Warning: Sample at 15.6449944444444, 38.4880583333333 in A-tumida-occurrences-World+Italy+GBIF.maxent is missing some environmental data (e.g. soil-max)
Warning: Skipping sample at 15.6449944444444, 38.4880583333333
Warning: Sample at 15.6449944444444, 38.4880583333333 in A-tumida-occurrences-World+Italy+GBIF.maxent is missing some environmental data (e.g. soil-max)
Warning: Skipping sample at 15.6449944444444, 38.4880583333333
Warning: Sample at 15.6449944444444, 38.4880583333333 in A-tumida-occurrences-World+Italy+GBIF.maxent is missing some environmental data (e.g. soil-max)
Warning: Skipping sample at 15.6449944444444, 38.4880583333333
Warning: Sample at 15.6449944444444, 38.4880583333333 in A-tumida-occurrences-World+Italy+GBIF.maxent is missing some environmental data (e.g. soil-max)
Warning: Skipping sample at 15.6449944444444, 38.4880583333333
Warning: Sample at 15.6449944444444, 38.4880583333333 in A-tumida-occurrences-World+Italy+GBIF.maxent is missing some environmental data (e.g. soil-max)
Warning: Skipping sample at 15.6449944444444, 38.4880583333333
Warning: Sample at 15.6449944444444, 38.4880583333333 in A-tumida-occurrences-World+Italy+GBIF.maxent is missing some environmental data (e.g. soil-max)
Warning: Skipping sample at 15.6449944444444, 38.4880583333333
Warning: Sample at 15.6449944444444, 38.4880583333333 in A-tumida-occurrences-World+Italy+GBIF.maxent is missing some environmental data (e.g. soil-max)
Warning: Skipping sample at 15.6449944444444, 38.4880583333333
Warning: Sample at 15.7173583333333, 38.2520333333333 in A-tumida-occurrences-World+Italy+GBIF.maxent is missing some environmental data (e.g. soil-max)
Warning: Skipping sample at 15.7173583333333, 38.2520333333333
Warning: Sample at 15.7454694444444, 38.100525 in A-tumida-occurrences-World+Italy+GBIF.maxent is missing some environmental data (e.g. soil-max)
Warning: Skipping sample at 15.7454694444444, 38.100525
Warning: Sample at 15.7454694444444, 38.100525 in A-tumida-occurrences-World+Italy+GBIF.maxent is missing some environmental data (e.g. soil-max)
Warning: Skipping sample at 15.7454694444444, 38.100525
Warning: Sample at 15.7454694444444, 38.100525 in A-tumida-occurrences-World+Italy+GBIF.maxent is missing some environmental data (e.g. soil-max)
Warning: Skipping sample at 15.7454694444444, 38.100525
Warning: Sample at 15.7454694444444, 38.100525 in A-tumida-occurrences-World+Italy+GBIF.maxent is missing some environmental data (e.g. soil-max)
Warning: Skipping sample at 15.7454694444444, 38.100525
Warning: Sample at 15.7454694444444, 38.100525 in A-tumida-occurrences-World+Italy+GBIF.maxent is missing some environmental data (e.g. soil-max)
Warning: Skipping sample at 15.7454694444444, 38.100525
Warning: Sample at 15.7454694444444, 38.100525 in A-tumida-occurrences-World+Italy+GBIF.maxent is missing some environmental data (e.g. soil-max)
Warning: Skipping sample at 15.7454694444444, 38.100525
Warning: Sample at 15.6789388888889, 38.243675 in A-tumida-occurrences-World+Italy+GBIF.maxent is missing some environmental data (e.g. soil-max)
Warning: Skipping sample at 15.6789388888889, 38.243675
Warning: Sample at 15.6789388888889, 38.243675 in A-tumida-occurrences-World+Italy+GBIF.maxent is missing some environmental data (e.g. soil-max)
Warning: Skipping sample at 15.6789388888889, 38.243675
Warning: Sample at 15.6788027777778, 38.1026833333333 in A-tumida-occurrences-World+Italy+GBIF.maxent is missing some environmental data (e.g. soil-max)
Warning: Skipping sample at 15.6788027777778, 38.1026833333333
Warning: Sample at 15.6788027777778, 38.1026833333333 in A-tumida-occurrences-World+Italy+GBIF.maxent is missing some environmental data (e.g. soil-max)
Warning: Skipping sample at 15.6788027777778, 38.1026833333333
Warning: Sample at 15.7454666666667, 38.1026861111111 in A-tumida-occurrences-World+Italy+GBIF.maxent is missing some environmental data (e.g. soil-max)
Warning: Skipping sample at 15.7454666666667, 38.1026861111111
Warning: Sample at 15.7454666666667, 38.1026861111111 in A-tumida-occurrences-World+Italy+GBIF.maxent is missing some environmental data (e.g. soil-max)
Warning: Skipping sample at 15.7454666666667, 38.1026861111111
Warning: Sample at 15.7454666666667, 38.1026861111111 in A-tumida-occurrences-World+Italy+GBIF.maxent is missing some environmental data (e.g. soil-max)
Warning: Skipping sample at 15.7454666666667, 38.1026861111111
Warning: Sample at 15.7454666666667, 38.1026861111111 in A-tumida-occurrences-World+Italy+GBIF.maxent is missing some environmental data (e.g. soil-max)
Warning: Skipping sample at 15.7454666666667, 38.1026861111111
Warning: Sample at 15.7454666666667, 38.1026861111111 in A-tumida-occurrences-World+Italy+GBIF.maxent is missing some environmental data (e.g. soil-max)
Warning: Skipping sample at 15.7454666666667, 38.1026861111111
Warning: Sample at 15.7454666666667, 38.1026861111111 in A-tumida-occurrences-World+Italy+GBIF.maxent is missing some environmental data (e.g. soil-max)
Warning: Skipping sample at 15.7454666666667, 38.1026861111111
Warning: Sample at 15.7454666666667, 38.1026861111111 in A-tumida-occurrences-World+Italy+GBIF.maxent is missing some environmental data (e.g. soil-max)
Warning: Skipping sample at 15.7454666666667, 38.1026861111111
Warning: Sample at 15.7454666666667, 38.1026861111111 in A-tumida-occurrences-World+Italy+GBIF.maxent is missing some environmental data (e.g. soil-max)
Warning: Skipping sample at 15.7454666666667, 38.1026861111111
Warning: Sample at 15.7454666666667, 38.1026861111111 in A-tumida-occurrences-World+Italy+GBIF.maxent is missing some environmental data (e.g. soil-max)
Warning: Skipping sample at 15.7454666666667, 38.1026861111111
Warning: Sample at 15.7454666666667, 38.1026861111111 in A-tumida-occurrences-World+Italy+GBIF.maxent is missing some environmental data (e.g. soil-max)
Warning: Skipping sample at 15.7454666666667, 38.1026861111111
Warning: Sample at 15.7454666666667, 38.1026861111111 in A-tumida-occurrences-World+Italy+GBIF.maxent is missing some environmental data (e.g. soil-max)
Warning: Skipping sample at 15.7454666666667, 38.1026861111111
Warning: Sample at 15.7454666666667, 38.1026861111111 in A-tumida-occurrences-World+Italy+GBIF.maxent is missing some environmental data (e.g. soil-max)
Warning: Skipping sample at 15.7454666666667, 38.1026861111111
Warning: Sample at 15.7454666666667, 38.1026861111111 in A-tumida-occurrences-World+Italy+GBIF.maxent is missing some environmental data (e.g. soil-max)
Warning: Skipping sample at 15.7454666666667, 38.1026861111111
Warning: Sample at 15.7454666666667, 38.1026861111111 in A-tumida-occurrences-World+Italy+GBIF.maxent is missing some environmental data (e.g. soil-max)
Warning: Skipping sample at 15.7454666666667, 38.1026861111111
Warning: Sample at 15.7454666666667, 38.1026861111111 in A-tumida-occurrences-World+Italy+GBIF.maxent is missing some environmental data (e.g. soil-max)
Warning: Skipping sample at 15.7454666666667, 38.1026861111111
Warning: Sample at 15.7454666666667, 38.1026861111111 in A-tumida-occurrences-World+Italy+GBIF.maxent is missing some environmental data (e.g. soil-max)
Warning: Skipping sample at 15.7454666666667, 38.1026861111111
Warning: Sample at 15.7454666666667, 38.1026861111111 in A-tumida-occurrences-World+Italy+GBIF.maxent is missing some environmental data (e.g. soil-max)
Warning: Skipping sample at 15.7454666666667, 38.1026861111111
Warning: Sample at 15.7454666666667, 38.1026861111111 in A-tumida-occurrences-World+Italy+GBIF.maxent is missing some environmental data (e.g. soil-max)
Warning: Skipping sample at 15.7454666666667, 38.1026861111111
Warning: Sample at 15.7454666666667, 38.1026861111111 in A-tumida-occurrences-World+Italy+GBIF.maxent is missing some environmental data (e.g. soil-max)
Warning: Skipping sample at 15.7454666666667, 38.1026861111111
Warning: Sample at 15.7454666666667, 38.1026861111111 in A-tumida-occurrences-World+Italy+GBIF.maxent is missing some environmental data (e.g. soil-max)
Warning: Skipping sample at 15.7454666666667, 38.1026861111111
Warning: Sample at 15.7454666666667, 38.1026861111111 in A-tumida-occurrences-World+Italy+GBIF.maxent is missing some environmental data (e.g. soil-max)
Warning: Skipping sample at 15.7454666666667, 38.1026861111111
Warning: Sample at 15.7454666666667, 38.1026861111111 in A-tumida-occurrences-World+Italy+GBIF.maxent is missing some environmental data (e.g. soil-max)
Warning: Skipping sample at 15.7454666666667, 38.1026861111111
Warning: Sample at 15.7454666666667, 38.1026861111111 in A-tumida-occurrences-World+Italy+GBIF.maxent is missing some environmental data (e.g. soil-max)
Warning: Skipping sample at 15.7454666666667, 38.1026861111111
Warning: Sample at 15.7454666666667, 38.1026861111111 in A-tumida-occurrences-World+Italy+GBIF.maxent is missing some environmental data (e.g. soil-max)
Warning: Skipping sample at 15.7454666666667, 38.1026861111111
Warning: Sample at 15.7454666666667, 38.1026861111111 in A-tumida-occurrences-World+Italy+GBIF.maxent is missing some environmental data (e.g. soil-max)
Warning: Skipping sample at 15.7454666666667, 38.1026861111111
Warning: Sample at 15.7454666666667, 38.1026861111111 in A-tumida-occurrences-World+Italy+GBIF.maxent is missing some environmental data (e.g. soil-max)
Warning: Skipping sample at 15.7454666666667, 38.1026861111111
Warning: Sample at 15.7454666666667, 38.1026861111111 in A-tumida-occurrences-World+Italy+GBIF.maxent is missing some environmental data (e.g. soil-max)
Warning: Skipping sample at 15.7454666666667, 38.1026861111111
Warning: Sample at 15.7454666666667, 38.1026861111111 in A-tumida-occurrences-World+Italy+GBIF.maxent is missing some environmental data (e.g. soil-max)
Warning: Skipping sample at 15.7454666666667, 38.1026861111111
Warning: Sample at 15.7454666666667, 38.1026861111111 in A-tumida-occurrences-World+Italy+GBIF.maxent is missing some environmental data (e.g. soil-max)
Warning: Skipping sample at 15.7454666666667, 38.1026861111111
Warning: Sample at 15.7454666666667, 38.1026861111111 in A-tumida-occurrences-World+Italy+GBIF.maxent is missing some environmental data (e.g. soil-max)
Warning: Skipping sample at 15.7454666666667, 38.1026861111111
Warning: Sample at 15.7454666666667, 38.1026861111111 in A-tumida-occurrences-World+Italy+GBIF.maxent is missing some environmental data (e.g. soil-max)
Warning: Skipping sample at 15.7454666666667, 38.1026861111111
Warning: Sample at 15.7454666666667, 38.1026861111111 in A-tumida-occurrences-World+Italy+GBIF.maxent is missing some environmental data (e.g. soil-max)
Warning: Skipping sample at 15.7454666666667, 38.1026861111111
Warning: Sample at 15.7454666666667, 38.1026861111111 in A-tumida-occurrences-World+Italy+GBIF.maxent is missing some environmental data (e.g. soil-max)
Warning: Skipping sample at 15.7454666666667, 38.1026861111111
Warning: Sample at 15.7454666666667, 38.1026861111111 in A-tumida-occurrences-World+Italy+GBIF.maxent is missing some environmental data (e.g. soil-max)
Warning: Skipping sample at 15.7454666666667, 38.1026861111111
Warning: Sample at 15.7454666666667, 38.1026861111111 in A-tumida-occurrences-World+Italy+GBIF.maxent is missing some environmental data (e.g. soil-max)
Warning: Skipping sample at 15.7454666666667, 38.1026861111111
Warning: Sample at 15.7454666666667, 38.1026861111111 in A-tumida-occurrences-World+Italy+GBIF.maxent is missing some environmental data (e.g. soil-max)
Warning: Skipping sample at 15.7454666666667, 38.1026861111111
Warning: Sample at 15.7454666666667, 38.1026861111111 in A-tumida-occurrences-World+Italy+GBIF.maxent is missing some environmental data (e.g. soil-max)
Warning: Skipping sample at 15.7454666666667, 38.1026861111111
Warning: Sample at 15.7454666666667, 38.1026861111111 in A-tumida-occurrences-World+Italy+GBIF.maxent is missing some environmental data (e.g. soil-max)
Warning: Skipping sample at 15.7454666666667, 38.1026861111111
Warning: Sample at 15.7454666666667, 38.1026861111111 in A-tumida-occurrences-World+Italy+GBIF.maxent is missing some environmental data (e.g. soil-max)
Warning: Skipping sample at 15.7454666666667, 38.1026861111111
Warning: Sample at 15.7454666666667, 38.1026861111111 in A-tumida-occurrences-World+Italy+GBIF.maxent is missing some environmental data (e.g. soil-max)
Warning: Skipping sample at 15.7454666666667, 38.1026861111111
Warning: Sample at 15.7454666666667, 38.1026861111111 in A-tumida-occurrences-World+Italy+GBIF.maxent is missing some environmental data (e.g. soil-max)
Warning: Skipping sample at 15.7454666666667, 38.1026861111111
Warning: Sample at 15.7454666666667, 38.1026861111111 in A-tumida-occurrences-World+Italy+GBIF.maxent is missing some environmental data (e.g. soil-max)
Warning: Skipping sample at 15.7454666666667, 38.1026861111111
Warning: Sample at 15.7454666666667, 38.1026861111111 in A-tumida-occurrences-World+Italy+GBIF.maxent is missing some environmental data (e.g. soil-max)
Warning: Skipping sample at 15.7454666666667, 38.1026861111111
Warning: Sample at 15.7454666666667, 38.1026861111111 in A-tumida-occurrences-World+Italy+GBIF.maxent is missing some environmental data (e.g. soil-max)
Warning: Skipping sample at 15.7454666666667, 38.1026861111111
Warning: Sample at 15.7454666666667, 38.1026861111111 in A-tumida-occurrences-World+Italy+GBIF.maxent is missing some environmental data (e.g. soil-max)
Warning: Skipping sample at 15.7454666666667, 38.1026861111111
Warning: Sample at 15.7454666666667, 38.1026861111111 in A-tumida-occurrences-World+Italy+GBIF.maxent is missing some environmental data (e.g. soil-max)
Warning: Skipping sample at 15.7454666666667, 38.1026861111111
Warning: Sample at 15.7454666666667, 38.1026861111111 in A-tumida-occurrences-World+Italy+GBIF.maxent is missing some environmental data (e.g. soil-max)
Warning: Skipping sample at 15.7454666666667, 38.1026861111111
Warning: Sample at 15.7454666666667, 38.1026861111111 in A-tumida-occurrences-World+Italy+GBIF.maxent is missing some environmental data (e.g. soil-max)
Warning: Skipping sample at 15.7454666666667, 38.1026861111111
Warning: Sample at 15.7454666666667, 38.1026861111111 in A-tumida-occurrences-World+Italy+GBIF.maxent is missing some environmental data (e.g. soil-max)
Warning: Skipping sample at 15.7454666666667, 38.1026861111111
Warning: Sample at 15.7454666666667, 38.1026861111111 in A-tumida-occurrences-World+Italy+GBIF.maxent is missing some environmental data (e.g. soil-max)
Warning: Skipping sample at 15.7454666666667, 38.1026861111111
Warning: Sample at 15.7454666666667, 38.1026861111111 in A-tumida-occurrences-World+Italy+GBIF.maxent is missing some environmental data (e.g. soil-max)
Warning: Skipping sample at 15.7454666666667, 38.1026861111111
Warning: Sample at 15.7454666666667, 38.1026861111111 in A-tumida-occurrences-World+Italy+GBIF.maxent is missing some environmental data (e.g. soil-max)
Warning: Skipping sample at 15.7454666666667, 38.1026861111111
Warning: Sample at 15.7454666666667, 38.1026861111111 in A-tumida-occurrences-World+Italy+GBIF.maxent is missing some environmental data (e.g. soil-max)
Warning: Skipping sample at 15.7454666666667, 38.1026861111111
Warning: Sample at 15.7454666666667, 38.1026861111111 in A-tumida-occurrences-World+Italy+GBIF.maxent is missing some environmental data (e.g. soil-max)
Warning: Skipping sample at 15.7454666666667, 38.1026861111111
Warning: Sample at 15.7454666666667, 38.1026861111111 in A-tumida-occurrences-World+Italy+GBIF.maxent is missing some environmental data (e.g. soil-max)
Warning: Skipping sample at 15.7454666666667, 38.1026861111111
Warning: Sample at 15.7454666666667, 38.1026861111111 in A-tumida-occurrences-World+Italy+GBIF.maxent is missing some environmental data (e.g. soil-max)
Warning: Skipping sample at 15.7454666666667, 38.1026861111111
Warning: Sample at 15.7454666666667, 38.1026861111111 in A-tumida-occurrences-World+Italy+GBIF.maxent is missing some environmental data (e.g. soil-max)
Warning: Skipping sample at 15.7454666666667, 38.1026861111111
Warning: Sample at 15.7454666666667, 38.1026861111111 in A-tumida-occurrences-World+Italy+GBIF.maxent is missing some environmental data (e.g. soil-max)
Warning: Skipping sample at 15.7454666666667, 38.1026861111111
Warning: Sample at 15.7454666666667, 38.1026861111111 in A-tumida-occurrences-World+Italy+GBIF.maxent is missing some environmental data (e.g. soil-max)
Warning: Skipping sample at 15.7454666666667, 38.1026861111111
Warning: Sample at 15.7454666666667, 38.1026861111111 in A-tumida-occurrences-World+Italy+GBIF.maxent is missing some environmental data (e.g. soil-max)
Warning: Skipping sample at 15.7454666666667, 38.1026861111111
Warning: Sample at 15.7454666666667, 38.1026861111111 in A-tumida-occurrences-World+Italy+GBIF.maxent is missing some environmental data (e.g. soil-max)
Warning: Skipping sample at 15.7454666666667, 38.1026861111111
Warning: Sample at 15.7454666666667, 38.1026861111111 in A-tumida-occurrences-World+Italy+GBIF.maxent is missing some environmental data (e.g. soil-max)
Warning: Skipping sample at 15.7454666666667, 38.1026861111111
Warning: Sample at 15.7454666666667, 38.1026861111111 in A-tumida-occurrences-World+Italy+GBIF.maxent is missing some environmental data (e.g. soil-max)
Warning: Skipping sample at 15.7454666666667, 38.1026861111111
Warning: Sample at 15.7454666666667, 38.1026861111111 in A-tumida-occurrences-World+Italy+GBIF.maxent is missing some environmental data (e.g. soil-max)
Warning: Skipping sample at 15.7454666666667, 38.1026861111111
Warning: Sample at 15.7454666666667, 38.1026861111111 in A-tumida-occurrences-World+Italy+GBIF.maxent is missing some environmental data (e.g. soil-max)
Warning: Skipping sample at 15.7454666666667, 38.1026861111111
Warning: Sample at 15.7454666666667, 38.1026861111111 in A-tumida-occurrences-World+Italy+GBIF.maxent is missing some environmental data (e.g. soil-max)
Warning: Skipping sample at 15.7454666666667, 38.1026861111111
Warning: Sample at 15.7454666666667, 38.1026861111111 in A-tumida-occurrences-World+Italy+GBIF.maxent is missing some environmental data (e.g. soil-max)
Warning: Skipping sample at 15.7454666666667, 38.1026861111111
Warning: Sample at 15.7454666666667, 38.1026861111111 in A-tumida-occurrences-World+Italy+GBIF.maxent is missing some environmental data (e.g. soil-max)
Warning: Skipping sample at 15.7454666666667, 38.1026861111111
Warning: Sample at 15.7454666666667, 38.1026861111111 in A-tumida-occurrences-World+Italy+GBIF.maxent is missing some environmental data (e.g. soil-max)
Warning: Skipping sample at 15.7454666666667, 38.1026861111111
Warning: Sample at 15.7454666666667, 38.1026861111111 in A-tumida-occurrences-World+Italy+GBIF.maxent is missing some environmental data (e.g. soil-max)
Warning: Skipping sample at 15.7454666666667, 38.1026861111111
Warning: Sample at 15.7454666666667, 38.1026861111111 in A-tumida-occurrences-World+Italy+GBIF.maxent is missing some environmental data (e.g. soil-max)
Warning: Skipping sample at 15.7454666666667, 38.1026861111111
Warning: Sample at 15.7454666666667, 38.1026861111111 in A-tumida-occurrences-World+Italy+GBIF.maxent is missing some environmental data (e.g. soil-max)
Warning: Skipping sample at 15.7454666666667, 38.1026861111111
Warning: Sample at 15.7454666666667, 38.1026861111111 in A-tumida-occurrences-World+Italy+GBIF.maxent is missing some environmental data (e.g. soil-max)
Warning: Skipping sample at 15.7454666666667, 38.1026861111111
Warning: Sample at 15.7454666666667, 38.1026861111111 in A-tumida-occurrences-World+Italy+GBIF.maxent is missing some environmental data (e.g. soil-max)
Warning: Skipping sample at 15.7454666666667, 38.1026861111111
Warning: Sample at 15.7454666666667, 38.1026861111111 in A-tumida-occurrences-World+Italy+GBIF.maxent is missing some environmental data (e.g. soil-max)
Warning: Skipping sample at 15.7454666666667, 38.1026861111111
Warning: Sample at 15.7454666666667, 38.1026861111111 in A-tumida-occurrences-World+Italy+GBIF.maxent is missing some environmental data (e.g. soil-max)
Warning: Skipping sample at 15.7454666666667, 38.1026861111111
Warning: Sample at 15.7454666666667, 38.1026861111111 in A-tumida-occurrences-World+Italy+GBIF.maxent is missing some environmental data (e.g. soil-max)
Warning: Skipping sample at 15.7454666666667, 38.1026861111111
Warning: Sample at 15.7454666666667, 38.1026861111111 in A-tumida-occurrences-World+Italy+GBIF.maxent is missing some environmental data (e.g. soil-max)
Warning: Skipping sample at 15.7454666666667, 38.1026861111111
Warning: Sample at 15.7454666666667, 38.1026861111111 in A-tumida-occurrences-World+Italy+GBIF.maxent is missing some environmental data (e.g. soil-max)
Warning: Skipping sample at 15.7454666666667, 38.1026861111111
Warning: Sample at 15.7454666666667, 38.1026861111111 in A-tumida-occurrences-World+Italy+GBIF.maxent is missing some environmental data (e.g. soil-max)
Warning: Skipping sample at 15.7454666666667, 38.1026861111111
Warning: Sample at 15.7454666666667, 38.1026861111111 in A-tumida-occurrences-World+Italy+GBIF.maxent is missing some environmental data (e.g. soil-max)
Warning: Skipping sample at 15.7454666666667, 38.1026861111111
Warning: Sample at 15.7454666666667, 38.1026861111111 in A-tumida-occurrences-World+Italy+GBIF.maxent is missing some environmental data (e.g. soil-max)
Warning: Skipping sample at 15.7454666666667, 38.1026861111111
Warning: Sample at 15.7454666666667, 38.1026861111111 in A-tumida-occurrences-World+Italy+GBIF.maxent is missing some environmental data (e.g. soil-max)
Warning: Skipping sample at 15.7454666666667, 38.1026861111111
Warning: Sample at 15.7454666666667, 38.1026861111111 in A-tumida-occurrences-World+Italy+GBIF.maxent is missing some environmental data (e.g. soil-max)
Warning: Skipping sample at 15.7454666666667, 38.1026861111111
Warning: Sample at 15.7454666666667, 38.1026861111111 in A-tumida-occurrences-World+Italy+GBIF.maxent is missing some environmental data (e.g. soil-max)
Warning: Skipping sample at 15.7454666666667, 38.1026861111111
Warning: Sample at 15.7454666666667, 38.1026861111111 in A-tumida-occurrences-World+Italy+GBIF.maxent is missing some environmental data (e.g. soil-max)
Warning: Skipping sample at 15.7454666666667, 38.1026861111111
Warning: Sample at 15.7454666666667, 38.1026861111111 in A-tumida-occurrences-World+Italy+GBIF.maxent is missing some environmental data (e.g. soil-max)
Warning: Skipping sample at 15.7454666666667, 38.1026861111111
Warning: Sample at 15.7454666666667, 38.1026861111111 in A-tumida-occurrences-World+Italy+GBIF.maxent is missing some environmental data (e.g. soil-max)
Warning: Skipping sample at 15.7454666666667, 38.1026861111111
Warning: Sample at 15.7454666666667, 38.1026861111111 in A-tumida-occurrences-World+Italy+GBIF.maxent is missing some environmental data (e.g. soil-max)
Warning: Skipping sample at 15.7454666666667, 38.1026861111111
Warning: Sample at 15.7454666666667, 38.1026861111111 in A-tumida-occurrences-World+Italy+GBIF.maxent is missing some environmental data (e.g. soil-max)
Warning: Skipping sample at 15.7454666666667, 38.1026861111111
Warning: Sample at 15.7454666666667, 38.1026861111111 in A-tumida-occurrences-World+Italy+GBIF.maxent is missing some environmental data (e.g. soil-max)
Warning: Skipping sample at 15.7454666666667, 38.1026861111111
Warning: Sample at 15.7454666666667, 38.1026861111111 in A-tumida-occurrences-World+Italy+GBIF.maxent is missing some environmental data (e.g. soil-max)
Warning: Skipping sample at 15.7454666666667, 38.1026861111111
Warning: Sample at 15.7454666666667, 38.1026861111111 in A-tumida-occurrences-World+Italy+GBIF.maxent is missing some environmental data (e.g. soil-max)
Warning: Skipping sample at 15.7454666666667, 38.1026861111111
Warning: Sample at 15.7454666666667, 38.1026861111111 in A-tumida-occurrences-World+Italy+GBIF.maxent is missing some environmental data (e.g. soil-max)
Warning: Skipping sample at 15.7454666666667, 38.1026861111111
Warning: Sample at 15.7454666666667, 38.1026861111111 in A-tumida-occurrences-World+Italy+GBIF.maxent is missing some environmental data (e.g. soil-max)
Warning: Skipping sample at 15.7454666666667, 38.1026861111111
Warning: Sample at 15.7454666666667, 38.1026861111111 in A-tumida-occurrences-World+Italy+GBIF.maxent is missing some environmental data (e.g. soil-max)
Warning: Skipping sample at 15.7454666666667, 38.1026861111111
Warning: Sample at 15.7454666666667, 38.1026861111111 in A-tumida-occurrences-World+Italy+GBIF.maxent is missing some environmental data (e.g. soil-max)
Warning: Skipping sample at 15.7454666666667, 38.1026861111111
Warning: Sample at 15.7454666666667, 38.1026861111111 in A-tumida-occurrences-World+Italy+GBIF.maxent is missing some environmental data (e.g. soil-max)
Warning: Skipping sample at 15.7454666666667, 38.1026861111111
Warning: Sample at 15.7454666666667, 38.1026861111111 in A-tumida-occurrences-World+Italy+GBIF.maxent is missing some environmental data (e.g. soil-max)
Warning: Skipping sample at 15.7454666666667, 38.1026861111111
Warning: Sample at 15.7454666666667, 38.1026861111111 in A-tumida-occurrences-World+Italy+GBIF.maxent is missing some environmental data (e.g. soil-max)
Warning: Skipping sample at 15.7454666666667, 38.1026861111111
Warning: Sample at 15.7454666666667, 38.1026861111111 in A-tumida-occurrences-World+Italy+GBIF.maxent is missing some environmental data (e.g. soil-max)
Warning: Skipping sample at 15.7454666666667, 38.1026861111111
Warning: Sample at 15.7454666666667, 38.1026861111111 in A-tumida-occurrences-World+Italy+GBIF.maxent is missing some environmental data (e.g. soil-max)
Warning: Skipping sample at 15.7454666666667, 38.1026861111111
Warning: Sample at 15.7454666666667, 38.1026861111111 in A-tumida-occurrences-World+Italy+GBIF.maxent is missing some environmental data (e.g. soil-max)
Warning: Skipping sample at 15.7454666666667, 38.1026861111111
Warning: Sample at 15.7454666666667, 38.1026861111111 in A-tumida-occurrences-World+Italy+GBIF.maxent is missing some environmental data (e.g. soil-max)
Warning: Skipping sample at 15.7454666666667, 38.1026861111111
Warning: Sample at 15.7454666666667, 38.1026861111111 in A-tumida-occurrences-World+Italy+GBIF.maxent is missing some environmental data (e.g. soil-max)
Warning: Skipping sample at 15.7454666666667, 38.1026861111111
Warning: Sample at 15.7454666666667, 38.1026861111111 in A-tumida-occurrences-World+Italy+GBIF.maxent is missing some environmental data (e.g. soil-max)
Warning: Skipping sample at 15.7454666666667, 38.1026861111111
Warning: Sample at 15.7454666666667, 38.1026861111111 in A-tumida-occurrences-World+Italy+GBIF.maxent is missing some environmental data (e.g. soil-max)
Warning: Skipping sample at 15.7454666666667, 38.1026861111111
Warning: Sample at 15.7454666666667, 38.1026861111111 in A-tumida-occurrences-World+Italy+GBIF.maxent is missing some environmental data (e.g. soil-max)
Warning: Skipping sample at 15.7454666666667, 38.1026861111111
Warning: Sample at 15.7454666666667, 38.1026861111111 in A-tumida-occurrences-World+Italy+GBIF.maxent is missing some environmental data (e.g. soil-max)
Warning: Skipping sample at 15.7454666666667, 38.1026861111111
Warning: Sample at 15.7454666666667, 38.1026861111111 in A-tumida-occurrences-World+Italy+GBIF.maxent is missing some environmental data (e.g. soil-max)
Warning: Skipping sample at 15.7454666666667, 38.1026861111111
Warning: Sample at 15.7454666666667, 38.1026861111111 in A-tumida-occurrences-World+Italy+GBIF.maxent is missing some environmental data (e.g. soil-max)
Warning: Skipping sample at 15.7454666666667, 38.1026861111111
Warning: Sample at 15.9744666666667, 38.2434361111111 in A-tumida-occurrences-World+Italy+GBIF.maxent is missing some environmental data (e.g. soil-max)
Warning: Skipping sample at 15.9744666666667, 38.2434361111111
Warning: Sample at 15.9744666666667, 38.2434361111111 in A-tumida-occurrences-World+Italy+GBIF.maxent is missing some environmental data (e.g. soil-max)
Warning: Skipping sample at 15.9744666666667, 38.2434361111111
Warning: Sample at 15.9744666666667, 38.2434361111111 in A-tumida-occurrences-World+Italy+GBIF.maxent is missing some environmental data (e.g. soil-max)
Warning: Skipping sample at 15.9744666666667, 38.2434361111111
Warning: Sample at 15.9744666666667, 38.2434361111111 in A-tumida-occurrences-World+Italy+GBIF.maxent is missing some environmental data (e.g. soil-max)
Warning: Skipping sample at 15.9744666666667, 38.2434361111111
Warning: Sample at 15.9748083333333, 38.2430666666667 in A-tumida-occurrences-World+Italy+GBIF.maxent is missing some environmental data (e.g. soil-max)
Warning: Skipping sample at 15.9748083333333, 38.2430666666667
Warning: Sample at 15.9748083333333, 38.2430666666667 in A-tumida-occurrences-World+Italy+GBIF.maxent is missing some environmental data (e.g. soil-max)
Warning: Skipping sample at 15.9748083333333, 38.2430666666667
Warning: Sample at 15.9748083333333, 38.2430666666667 in A-tumida-occurrences-World+Italy+GBIF.maxent is missing some environmental data (e.g. soil-max)
Warning: Skipping sample at 15.9748083333333, 38.2430666666667
Warning: Sample at 15.9748083333333, 38.2430666666667 in A-tumida-occurrences-World+Italy+GBIF.maxent is missing some environmental data (e.g. soil-max)
Warning: Skipping sample at 15.9748083333333, 38.2430666666667
Warning: Sample at 15.9748083333333, 38.2430666666667 in A-tumida-occurrences-World+Italy+GBIF.maxent is missing some environmental data (e.g. soil-max)
Warning: Skipping sample at 15.9748083333333, 38.2430666666667
Warning: Sample at 15.9748083333333, 38.2430666666667 in A-tumida-occurrences-World+Italy+GBIF.maxent is missing some environmental data (e.g. soil-max)
Warning: Skipping sample at 15.9748083333333, 38.2430666666667
Warning: Sample at 15.9748083333333, 38.2430666666667 in A-tumida-occurrences-World+Italy+GBIF.maxent is missing some environmental data (e.g. soil-max)
Warning: Skipping sample at 15.9748083333333, 38.2430666666667
Warning: Sample at 15.9748083333333, 38.2430666666667 in A-tumida-occurrences-World+Italy+GBIF.maxent is missing some environmental data (e.g. soil-max)
Warning: Skipping sample at 15.9748083333333, 38.2430666666667
Warning: Sample at -82.366596, 23.113592 in A-tumida-occurrences-World+Italy+GBIF.maxent is missing some environmental data (e.g. soil-max)
Warning: Skipping sample at -82.366596, 23.113592
Warning: Sample at -81.532215, 23.03034 in A-tumida-occurrences-World+Italy+GBIF.maxent is missing some environmental data (e.g. soil-max)
Warning: Skipping sample at -81.532215, 23.03034
Warning: Sample at -82.911803, 22.816568 in A-tumida-occurrences-World+Italy+GBIF.maxent is missing some environmental data (e.g. soil-max)
Warning: Skipping sample at -82.911803, 22.816568
Warning: Sample at -155.665857, 19.542915 in A-tumida-occurrences-World+Italy+GBIF.maxent is missing some environmental data (e.g. soil-max)
Warning: Skipping sample at -155.665857, 19.542915
Warning: Sample at -155.073765, 19.653754 in A-tumida-occurrences-World+Italy+GBIF.maxent is missing some environmental data (e.g. soil-max)
Warning: Skipping sample at -155.073765, 19.653754
Warning: Sample at -88.396754, 18.40308 in A-tumida-occurrences-World+Italy+GBIF.maxent is missing some environmental data (e.g. soil-max)
Warning: Skipping sample at -88.396754, 18.40308
Warning: Sample at -88.396754, 18.40308 in A-tumida-occurrences-World+Italy+GBIF.maxent is missing some environmental data (e.g. soil-max)
Warning: Skipping sample at -88.396754, 18.40308
Warning: Sample at -88.142559, 18.354812 in A-tumida-occurrences-World+Italy+GBIF.maxent is missing some environmental data (e.g. soil-max)
Warning: Skipping sample at -88.142559, 18.354812
Warning: Sample at -86.872215, 12.114993 in A-tumida-occurrences-World+Italy+GBIF.maxent is missing some environmental data (e.g. soil-max)
Warning: Skipping sample at -86.872215, 12.114993
Warning: Sample at -86.05296, 11.955006 in A-tumida-occurrences-World+Italy+GBIF.maxent is missing some environmental data (e.g. soil-max)
Warning: Skipping sample at -86.05296, 11.955006
Warning: Sample at -85.63064, 11.070827 in A-tumida-occurrences-World+Italy+GBIF.maxent is missing some environmental data (e.g. soil-max)
Warning: Skipping sample at -85.63064, 11.070827
Warning: Sample at -85.413051, 11.066564 in A-tumida-occurrences-World+Italy+GBIF.maxent is missing some environmental data (e.g. soil-max)
Warning: Skipping sample at -85.413051, 11.066564
Warning: Sample at 20.939444, 6.611111 in A-tumida-occurrences-World+Italy+GBIF.maxent is missing some environmental data (e.g. soil-max)
Warning: Skipping sample at 20.939444, 6.611111
Warning: Sample at 15.827659, -0.228021 in A-tumida-occurrences-World+Italy+GBIF.maxent is missing some environmental data (e.g. soil-max)
Warning: Skipping sample at 15.827659, -0.228021
Warning: Sample at 21.758664, -4.038333 in A-tumida-occurrences-World+Italy+GBIF.maxent is missing some environmental data (e.g. soil-max)
Warning: Skipping sample at 21.758664, -4.038333
Warning: Sample at -43.172896, -22.906847 in A-tumida-occurrences-World+Italy+GBIF.maxent is missing some environmental data (e.g. soil-max)
Warning: Skipping sample at -43.172896, -22.906847
Warning: Sample at -46.396136, -23.960745 in A-tumida-occurrences-World+Italy+GBIF.maxent is missing some environmental data (e.g. soil-max)
Warning: Skipping sample at -46.396136, -23.960745
Warning: Sample at -46.326409, -23.95613 in A-tumida-occurrences-World+Italy+GBIF.maxent is missing some environmental data (e.g. soil-max)
Warning: Skipping sample at -46.326409, -23.95613
Time since start: 23.167
209280 points with values for all grids
Adding samples to background in feature space
Command line used: 
Command line to repeat: java density.MaxEnt nowarnings noprefixes responsecurves jackknife outputdirectory=/home/viktor/Work/a-tumida-sdd/output/m1 samplesfile=/home/viktor/Work/a-tumida-sdd/samples/A-tumida-occurrences-World+Italy+GBIF.maxent environmentallayers=/home/viktor/Work/a-tumida-sdd/environmental-layers -N bioclim_1 -N bioclim_12 -N bioclim_15 -N bioclim_18 -N bioclim_19 -N bioclim_2 -N bioclim_3 -N bioclim_4 -N bioclim_7 -N bioclim_8 -N bioclim_9 -N soil-mean
Species: aetina_tumida
Layers: bioclim_10 bioclim_11 bioclim_13 bioclim_14 bioclim_16 bioclim_17 bioclim_5 bioclim_6 soil-max soil-min
Layertypes: Continuous Continuous Continuous Continuous Continuous Continuous Continuous Continuous Continuous Continuous
responsecurves: true
jackknife: true
outputdirectory: /home/viktor/Work/a-tumida-sdd/output/m1
samplesfile: /home/viktor/Work/a-tumida-sdd/samples/A-tumida-occurrences-World+Italy+GBIF.maxent
environmentallayers: /home/viktor/Work/a-tumida-sdd/environmental-layers

getSamples: max memory 536870912, total allocated 524288000, free 300670784, used 223617216, increment 17071568
Making features
makeFeatures: max memory 536870912, total allocated 524288000, free 294712088, used 229575912, increment 5958696
aetina_tumida: 
Regularization values: linear/quadratic/product: 0.050, categorical: 0.250, threshold: 1.000, hinge: 0.500
120 samples
Density: max memory 536870912, total allocated 524288000, free 271832896, used 252455104, increment 22879192
linearPredictor: max memory 536870912, total allocated 524288000, free 271751952, used 252536048, increment 80944
FeaturedSpace: max memory 536870912, total allocated 524288000, free 271683720, used 252604280, increment 68232
Sequential: max memory 536870912, total allocated 524288000, free 271310656, used 252977344, increment 373064
Initial loss: 9.221873607789856
Time since start: 28.034
500: time = 4.515000 loss = 7.848719
Resulting gain: 1.373154198916545
Projecting...
Writing file /home/viktor/Work/a-tumida-sdd/output/m1/aetina_tumida.asc
Time since start: 29.274
Writing /home/viktor/Work/a-tumida-sdd/output/m1/plots/aetina_tumida.png
aetina_tumida response curves
Response curve: only bioclim_10
Making features
makeFeatures: max memory 536870912, total allocated 524288000, free 339051984, used 185236016, increment -67741328
aetina_tumida bioclim_10: 
Regularization values: linear/quadratic/product: 0.050, categorical: 0.250, threshold: 1.000, hinge: 0.500
120 samples
Density: max memory 536870912, total allocated 524288000, free 337504816, used 186783184, increment 1547168
linearPredictor: max memory 536870912, total allocated 524288000, free 337423872, used 186864128, increment 80944
FeaturedSpace: max memory 536870912, total allocated 524288000, free 337423872, used 186864128, increment 0
Sequential: max memory 536870912, total allocated 524288000, free 337423872, used 186864128, increment 0
Initial loss: 9.221873607789856
180: time = 0.270000 loss = 8.642326
Resulting gain: 0.5795480038416105
aetina_tumida response curves
Response curve: only bioclim_11
Making features
makeFeatures: max memory 536870912, total allocated 524288000, free 474838432, used 49449568, increment -137414560
aetina_tumida bioclim_11: 
Regularization values: linear/quadratic/product: 0.050, categorical: 0.250, threshold: 1.000, hinge: 0.500
120 samples
Density: max memory 536870912, total allocated 524288000, free 473408816, used 50879184, increment 1429616
linearPredictor: max memory 536870912, total allocated 524288000, free 473327872, used 50960128, increment 80944
FeaturedSpace: max memory 536870912, total allocated 524288000, free 473327872, used 50960128, increment 0
Sequential: max memory 536870912, total allocated 524288000, free 473327872, used 50960128, increment 0
Initial loss: 9.221873607789856
Time since start: 30.426
260: time = 0.439000 loss = 8.818057
Resulting gain: 0.40381679541847326
aetina_tumida response curves
Response curve: only bioclim_13
Making features
makeFeatures: max memory 536870912, total allocated 524288000, free 431198552, used 93089448, increment 42129320
aetina_tumida bioclim_13: 
Regularization values: linear/quadratic/product: 0.050, categorical: 0.250, threshold: 1.000, hinge: 0.500
120 samples
Density: max memory 536870912, total allocated 524288000, free 430186184, used 94101816, increment 1012368
linearPredictor: max memory 536870912, total allocated 524288000, free 430105240, used 94182760, increment 80944
FeaturedSpace: max memory 536870912, total allocated 524288000, free 430105240, used 94182760, increment 0
Sequential: max memory 536870912, total allocated 524288000, free 430105240, used 94182760, increment 0
Initial loss: 9.221873607789856
160: time = 0.231000 loss = 8.648886
Resulting gain: 0.5729873105709267
aetina_tumida response curves
Response curve: only bioclim_14
Making features
makeFeatures: max memory 536870912, total allocated 524288000, free 293871304, used 230416696, increment 136233936
aetina_tumida bioclim_14: 
Regularization values: linear/quadratic/product: 0.050, categorical: 0.250, threshold: 1.000, hinge: 0.500
120 samples
Density: max memory 536870912, total allocated 524288000, free 293147944, used 231140056, increment 723360
linearPredictor: max memory 536870912, total allocated 524288000, free 293067000, used 231221000, increment 80944
FeaturedSpace: max memory 536870912, total allocated 524288000, free 293067000, used 231221000, increment 0
Sequential: max memory 536870912, total allocated 524288000, free 293067000, used 231221000, increment 0
Initial loss: 9.221873607789856
460: time = 0.428000 loss = 8.746214
Resulting gain: 0.47566001494299215
aetina_tumida response curves
Response curve: only bioclim_16
Making features
makeFeatures: max memory 536870912, total allocated 524288000, free 468356296, used 55931704, increment -175289296
aetina_tumida bioclim_16: 
Regularization values: linear/quadratic/product: 0.050, categorical: 0.250, threshold: 1.000, hinge: 0.500
120 samples
Density: max memory 536870912, total allocated 524288000, free 467226776, used 57061224, increment 1129520
linearPredictor: max memory 536870912, total allocated 524288000, free 467145832, used 57142168, increment 80944
FeaturedSpace: max memory 536870912, total allocated 524288000, free 467145832, used 57142168, increment 0
Sequential: max memory 536870912, total allocated 524288000, free 467145832, used 57142168, increment 0
Initial loss: 9.221873607789856
Time since start: 31.542
220: time = 0.377000 loss = 8.622711
Resulting gain: 0.5991630040475062
aetina_tumida response curves
Response curve: only bioclim_17
Making features
makeFeatures: max memory 536870912, total allocated 524288000, free 481044984, used 43243016, increment -13899152
aetina_tumida bioclim_17: 
Regularization values: linear/quadratic/product: 0.050, categorical: 0.250, threshold: 1.000, hinge: 0.500
120 samples
Density: max memory 536870912, total allocated 524288000, free 479957496, used 44330504, increment 1087488
linearPredictor: max memory 536870912, total allocated 524288000, free 479876552, used 44411448, increment 80944
FeaturedSpace: max memory 536870912, total allocated 524288000, free 479876552, used 44411448, increment 0
Sequential: max memory 536870912, total allocated 524288000, free 479876552, used 44411448, increment 0
Initial loss: 9.221873607789856
480: time = 0.529000 loss = 8.688047
Resulting gain: 0.5338267355246593
aetina_tumida response curves
Response curve: only bioclim_5
Making features
makeFeatures: max memory 536870912, total allocated 524288000, free 490612560, used 33675440, increment -10736008
aetina_tumida bioclim_5: 
Regularization values: linear/quadratic/product: 0.050, categorical: 0.250, threshold: 1.000, hinge: 0.500
120 samples
Density: max memory 536870912, total allocated 524288000, free 489407408, used 34880592, increment 1205152
linearPredictor: max memory 536870912, total allocated 524288000, free 489326464, used 34961536, increment 80944
FeaturedSpace: max memory 536870912, total allocated 524288000, free 489326464, used 34961536, increment 0
Sequential: max memory 536870912, total allocated 524288000, free 489326464, used 34961536, increment 0
Initial loss: 9.221873607789856
240: time = 0.329000 loss = 8.626074
Resulting gain: 0.5957991310362551
aetina_tumida response curves
Response curve: only bioclim_6
Making features
makeFeatures: max memory 536870912, total allocated 524288000, free 244638272, used 279649728, increment 244688192
aetina_tumida bioclim_6: 
Regularization values: linear/quadratic/product: 0.050, categorical: 0.250, threshold: 1.000, hinge: 0.500
120 samples
Density: max memory 536870912, total allocated 524288000, free 243210896, used 281077104, increment 1427376
linearPredictor: max memory 536870912, total allocated 524288000, free 243210896, used 281077104, increment 0
FeaturedSpace: max memory 536870912, total allocated 524288000, free 243210896, used 281077104, increment 0
Sequential: max memory 536870912, total allocated 524288000, free 243210896, used 281077104, increment 0
Initial loss: 9.221873607789856
Time since start: 32.842
220: time = 0.372000 loss = 8.818549
Resulting gain: 0.4033242883970747
aetina_tumida response curves
Response curve: only soil-max
Making features
makeFeatures: max memory 536870912, total allocated 524288000, free 242248576, used 282039424, increment 962320
aetina_tumida soil-max: 
Regularization values: linear/quadratic/product: 0.050, categorical: 0.250, threshold: 1.000, hinge: 0.500
120 samples
Density: max memory 536870912, total allocated 524288000, free 240518864, used 283769136, increment 1729712
linearPredictor: max memory 536870912, total allocated 524288000, free 240437920, used 283850080, increment 80944
FeaturedSpace: max memory 536870912, total allocated 524288000, free 240437920, used 283850080, increment 0
Sequential: max memory 536870912, total allocated 524288000, free 240437920, used 283850080, increment 0
Initial loss: 9.221873607789856
180: time = 0.377000 loss = 8.938834
Resulting gain: 0.2830399379660591
aetina_tumida response curves
Response curve: only soil-min
Making features
makeFeatures: max memory 536870912, total allocated 524288000, free 478250784, used 46037216, increment -237812864
aetina_tumida soil-min: 
Regularization values: linear/quadratic/product: 0.050, categorical: 0.250, threshold: 1.000, hinge: 0.500
120 samples
Density: max memory 536870912, total allocated 524288000, free 476636960, used 47651040, increment 1613824
linearPredictor: max memory 536870912, total allocated 524288000, free 476556016, used 47731984, increment 80944
FeaturedSpace: max memory 536870912, total allocated 524288000, free 476556016, used 47731984, increment 0
Sequential: max memory 536870912, total allocated 524288000, free 476556016, used 47731984, increment 0
Initial loss: 9.221873607789856
160: time = 0.307000 loss = 9.107052
Resulting gain: 0.1148214998341448
aetina_tumida response curves
Time since start: 34.13
Jackknife: leave bioclim_10 out
Making features
makeFeatures: max memory 536870912, total allocated 524288000, free 401752576, used 122535424, increment 74803440
aetina_tumida bioclim_10: 
Regularization values: linear/quadratic/product: 0.050, categorical: 0.250, threshold: 1.000, hinge: 0.500
120 samples
Density: max memory 536870912, total allocated 524288000, free 390689672, used 133598328, increment 11062904
linearPredictor: max memory 536870912, total allocated 524288000, free 390608728, used 133679272, increment 80944
FeaturedSpace: max memory 536870912, total allocated 524288000, free 390608728, used 133679272, increment 0
Sequential: max memory 536870912, total allocated 524288000, free 390608728, used 133679272, increment 0
Initial loss: 9.221873607789856
Time since start: 38.39
500: time = 4.165000 loss = 7.860797
Jackknife: leave bioclim_11 out
Making features
makeFeatures: max memory 536870912, total allocated 524288000, free 395573416, used 128714584, increment -4964688
aetina_tumida bioclim_11: 
Regularization values: linear/quadratic/product: 0.050, categorical: 0.250, threshold: 1.000, hinge: 0.500
120 samples
Density: max memory 536870912, total allocated 524288000, free 384608800, used 139679200, increment 10964616
linearPredictor: max memory 536870912, total allocated 524288000, free 384527856, used 139760144, increment 80944
FeaturedSpace: max memory 536870912, total allocated 524288000, free 384527856, used 139760144, increment 0
Sequential: max memory 536870912, total allocated 524288000, free 384527856, used 139760144, increment 0
Initial loss: 9.221873607789856
Time since start: 42.583
500: time = 4.094000 loss = 7.846762
Jackknife: leave bioclim_13 out
Making features
makeFeatures: max memory 536870912, total allocated 524288000, free 306541456, used 217746544, increment 77986400
aetina_tumida bioclim_13: 
Regularization values: linear/quadratic/product: 0.050, categorical: 0.250, threshold: 1.000, hinge: 0.500
120 samples
Density: max memory 536870912, total allocated 524288000, free 295403856, used 228884144, increment 11137600
linearPredictor: max memory 536870912, total allocated 524288000, free 295322912, used 228965088, increment 80944
FeaturedSpace: max memory 536870912, total allocated 524288000, free 295322912, used 228965088, increment 0
Sequential: max memory 536870912, total allocated 524288000, free 295322912, used 228965088, increment 0
Initial loss: 9.221873607789856
Time since start: 46.932
500: time = 4.254000 loss = 7.857863
Jackknife: leave bioclim_14 out
Making features
makeFeatures: max memory 536870912, total allocated 524288000, free 246502560, used 277785440, increment 48820352
aetina_tumida bioclim_14: 
Regularization values: linear/quadratic/product: 0.050, categorical: 0.250, threshold: 1.000, hinge: 0.500
120 samples
Density: max memory 536870912, total allocated 524288000, free 235181296, used 289106704, increment 11321264
linearPredictor: max memory 536870912, total allocated 524288000, free 235100352, used 289187648, increment 80944
FeaturedSpace: max memory 536870912, total allocated 524288000, free 235100352, used 289187648, increment 0
Sequential: max memory 536870912, total allocated 524288000, free 235100352, used 289187648, increment 0
Initial loss: 9.221873607789856
Time since start: 51.38
500: time = 4.349000 loss = 7.847438
Jackknife: leave bioclim_16 out
Making features
makeFeatures: max memory 536870912, total allocated 524288000, free 231248648, used 293039352, increment 3851704
aetina_tumida bioclim_16: 
Regularization values: linear/quadratic/product: 0.050, categorical: 0.250, threshold: 1.000, hinge: 0.500
120 samples
Density: max memory 536870912, total allocated 524288000, free 220248608, used 304039392, increment 11000040
linearPredictor: max memory 536870912, total allocated 524288000, free 220167664, used 304120336, increment 80944
FeaturedSpace: max memory 536870912, total allocated 524288000, free 220167664, used 304120336, increment 0
Sequential: max memory 536870912, total allocated 524288000, free 220167664, used 304120336, increment 0
Initial loss: 9.221873607789856
Time since start: 55.628
500: time = 4.149000 loss = 7.852096
Jackknife: leave bioclim_17 out
Making features
makeFeatures: max memory 536870912, total allocated 524288000, free 427563512, used 96724488, increment -207395848
aetina_tumida bioclim_17: 
Regularization values: linear/quadratic/product: 0.050, categorical: 0.250, threshold: 1.000, hinge: 0.500
120 samples
Density: max memory 536870912, total allocated 524288000, free 416286128, used 108001872, increment 11277384
linearPredictor: max memory 536870912, total allocated 524288000, free 416205184, used 108082816, increment 80944
FeaturedSpace: max memory 536870912, total allocated 524288000, free 416205184, used 108082816, increment 0
Sequential: max memory 536870912, total allocated 524288000, free 416205184, used 108082816, increment 0
Initial loss: 9.221873607789856
Time since start: 60.069
500: time = 4.340000 loss = 7.857812
Jackknife: leave bioclim_5 out
Making features
makeFeatures: max memory 536870912, total allocated 524288000, free 266545632, used 257742368, increment 149659552
aetina_tumida bioclim_5: 
Regularization values: linear/quadratic/product: 0.050, categorical: 0.250, threshold: 1.000, hinge: 0.500
120 samples
Density: max memory 536870912, total allocated 524288000, free 255498512, used 268789488, increment 11047120
linearPredictor: max memory 536870912, total allocated 524288000, free 255417568, used 268870432, increment 80944
FeaturedSpace: max memory 536870912, total allocated 524288000, free 255417568, used 268870432, increment 0
Sequential: max memory 536870912, total allocated 524288000, free 255417568, used 268870432, increment 0
Initial loss: 9.221873607789856
Time since start: 64.401
500: time = 4.237000 loss = 7.868688
Jackknife: leave bioclim_6 out
Making features
makeFeatures: max memory 536870912, total allocated 524288000, free 298229744, used 226058256, increment -42812176
aetina_tumida bioclim_6: 
Regularization values: linear/quadratic/product: 0.050, categorical: 0.250, threshold: 1.000, hinge: 0.500
120 samples
Density: max memory 536870912, total allocated 524288000, free 287288224, used 236999776, increment 10941520
linearPredictor: max memory 536870912, total allocated 524288000, free 287207280, used 237080720, increment 80944
FeaturedSpace: max memory 536870912, total allocated 524288000, free 287207280, used 237080720, increment 0
Sequential: max memory 536870912, total allocated 524288000, free 287207280, used 237080720, increment 0
Initial loss: 9.221873607789856
Time since start: 68.67
500: time = 4.170000 loss = 7.861618
Jackknife: leave soil-max out
Making features
makeFeatures: max memory 536870912, total allocated 524288000, free 211571368, used 312716632, increment 75635912
aetina_tumida soil-max: 
Regularization values: linear/quadratic/product: 0.050, categorical: 0.250, threshold: 1.000, hinge: 0.500
120 samples
Density: max memory 536870912, total allocated 524288000, free 200922720, used 323365280, increment 10648648
linearPredictor: max memory 536870912, total allocated 524288000, free 200841776, used 323446224, increment 80944
FeaturedSpace: max memory 536870912, total allocated 524288000, free 200841776, used 323446224, increment 0
Sequential: max memory 536870912, total allocated 524288000, free 200841776, used 323446224, increment 0
Initial loss: 9.221873607789856
Time since start: 72.723
500: time = 3.956000 loss = 7.849988
Jackknife: leave soil-min out
Making features
makeFeatures: max memory 536870912, total allocated 524288000, free 172726928, used 351561072, increment 28114848
aetina_tumida soil-min: 
Regularization values: linear/quadratic/product: 0.050, categorical: 0.250, threshold: 1.000, hinge: 0.500
120 samples
Density: max memory 536870912, total allocated 524288000, free 162012856, used 362275144, increment 10714072
linearPredictor: max memory 536870912, total allocated 524288000, free 161931912, used 362356088, increment 80944
FeaturedSpace: max memory 536870912, total allocated 524288000, free 161931912, used 362356088, increment 0
Sequential: max memory 536870912, total allocated 524288000, free 161931912, used 362356088, increment 0
Initial loss: 9.221873607789856
Time since start: 76.795
500: time = 3.975000 loss = 7.878841
Jackknife: only bioclim_10
Making features
makeFeatures: max memory 536870912, total allocated 524288000, free 104395952, used 419892048, increment 57535960
aetina_tumida bioclim_10: 
Regularization values: linear/quadratic/product: 0.050, categorical: 0.250, threshold: 1.000, hinge: 0.500
120 samples
Density: max memory 536870912, total allocated 524288000, free 103191072, used 421096928, increment 1204880
linearPredictor: max memory 536870912, total allocated 524288000, free 103110128, used 421177872, increment 80944
FeaturedSpace: max memory 536870912, total allocated 524288000, free 103110128, used 421177872, increment 0
Sequential: max memory 536870912, total allocated 524288000, free 103110128, used 421177872, increment 0
Initial loss: 9.221873607789856
180: time = 0.254000 loss = 8.642326
Res.gain: 0.5795480038416105
Jackknife: only bioclim_11
Making features
makeFeatures: max memory 536870912, total allocated 524288000, free 241921008, used 282366992, increment -138810880
aetina_tumida bioclim_11: 
Regularization values: linear/quadratic/product: 0.050, categorical: 0.250, threshold: 1.000, hinge: 0.500
120 samples
Density: max memory 536870912, total allocated 524288000, free 240742064, used 283545936, increment 1178944
linearPredictor: max memory 536870912, total allocated 524288000, free 240661120, used 283626880, increment 80944
FeaturedSpace: max memory 536870912, total allocated 524288000, free 240661120, used 283626880, increment 0
Sequential: max memory 536870912, total allocated 524288000, free 240661120, used 283626880, increment 0
Initial loss: 9.221873607789856
260: time = 0.413000 loss = 8.818057
Res.gain: 0.40381679541847326
Jackknife: only bioclim_13
Making features
makeFeatures: max memory 536870912, total allocated 524288000, free 190912976, used 333375024, increment 49748144
aetina_tumida bioclim_13: 
Regularization values: linear/quadratic/product: 0.050, categorical: 0.250, threshold: 1.000, hinge: 0.500
120 samples
Density: max memory 536870912, total allocated 524288000, free 189858240, used 334429760, increment 1054736
linearPredictor: max memory 536870912, total allocated 524288000, free 189858240, used 334429760, increment 0
FeaturedSpace: max memory 536870912, total allocated 524288000, free 189858240, used 334429760, increment 0
Sequential: max memory 536870912, total allocated 524288000, free 189858240, used 334429760, increment 0
Initial loss: 9.221873607789856
160: time = 0.211000 loss = 8.648886
Res.gain: 0.5729873105709267
Jackknife: only bioclim_14
Making features
makeFeatures: max memory 536870912, total allocated 524288000, free 370447456, used 153840544, increment -180589216
aetina_tumida bioclim_14: 
Regularization values: linear/quadratic/product: 0.050, categorical: 0.250, threshold: 1.000, hinge: 0.500
120 samples
Density: max memory 536870912, total allocated 524288000, free 369398880, used 154889120, increment 1048576
linearPredictor: max memory 536870912, total allocated 524288000, free 369398880, used 154889120, increment 0
FeaturedSpace: max memory 536870912, total allocated 524288000, free 369398880, used 154889120, increment 0
Sequential: max memory 536870912, total allocated 524288000, free 369398880, used 154889120, increment 0
Initial loss: 9.221873607789856
Time since start: 78.115
460: time = 0.404000 loss = 8.746214
Res.gain: 0.47566001494299215
Jackknife: only bioclim_16
Making features
makeFeatures: max memory 536870912, total allocated 524288000, free 237241640, used 287046360, increment 132157240
aetina_tumida bioclim_16: 
Regularization values: linear/quadratic/product: 0.050, categorical: 0.250, threshold: 1.000, hinge: 0.500
120 samples
Density: max memory 536870912, total allocated 524288000, free 236229728, used 288058272, increment 1011912
linearPredictor: max memory 536870912, total allocated 524288000, free 235707488, used 288580512, increment 522240
FeaturedSpace: max memory 536870912, total allocated 524288000, free 235707488, used 288580512, increment 0
Sequential: max memory 536870912, total allocated 524288000, free 235707488, used 288580512, increment 0
Initial loss: 9.221873607789856
220: time = 0.354000 loss = 8.622711
Res.gain: 0.5991630040475062
Jackknife: only bioclim_17
Making features
makeFeatures: max memory 536870912, total allocated 524288000, free 255339984, used 268948016, increment -19632496
aetina_tumida bioclim_17: 
Regularization values: linear/quadratic/product: 0.050, categorical: 0.250, threshold: 1.000, hinge: 0.500
120 samples
Density: max memory 536870912, total allocated 524288000, free 254224496, used 270063504, increment 1115488
linearPredictor: max memory 536870912, total allocated 524288000, free 254143552, used 270144448, increment 80944
FeaturedSpace: max memory 536870912, total allocated 524288000, free 254143552, used 270144448, increment 0
Sequential: max memory 536870912, total allocated 524288000, free 254143552, used 270144448, increment 0
Initial loss: 9.221873607789856
480: time = 0.521000 loss = 8.688047
Res.gain: 0.5338267355246593
Jackknife: only bioclim_5
Making features
makeFeatures: max memory 536870912, total allocated 524288000, free 269836800, used 254451200, increment -15693248
aetina_tumida bioclim_5: 
Regularization values: linear/quadratic/product: 0.050, categorical: 0.250, threshold: 1.000, hinge: 0.500
120 samples
Density: max memory 536870912, total allocated 524288000, free 268591456, used 255696544, increment 1245344
linearPredictor: max memory 536870912, total allocated 524288000, free 268510512, used 255777488, increment 80944
FeaturedSpace: max memory 536870912, total allocated 524288000, free 268510512, used 255777488, increment 0
Sequential: max memory 536870912, total allocated 524288000, free 268510512, used 255777488, increment 0
Initial loss: 9.221873607789856
Time since start: 79.338
240: time = 0.322000 loss = 8.626074
Res.gain: 0.5957991310362551
Jackknife: only bioclim_6
Making features
makeFeatures: max memory 536870912, total allocated 524288000, free 340989504, used 183298496, increment -72478992
aetina_tumida bioclim_6: 
Regularization values: linear/quadratic/product: 0.050, categorical: 0.250, threshold: 1.000, hinge: 0.500
120 samples
Density: max memory 536870912, total allocated 524288000, free 339729720, used 184558280, increment 1259784
linearPredictor: max memory 536870912, total allocated 524288000, free 339648776, used 184639224, increment 80944
FeaturedSpace: max memory 536870912, total allocated 524288000, free 339648776, used 184639224, increment 0
Sequential: max memory 536870912, total allocated 524288000, free 339648776, used 184639224, increment 0
Initial loss: 9.221873607789856
220: time = 0.365000 loss = 8.818549
Res.gain: 0.4033242883970747
Jackknife: only soil-max
Making features
makeFeatures: max memory 536870912, total allocated 524288000, free 344935512, used 179352488, increment -5286736
aetina_tumida soil-max: 
Regularization values: linear/quadratic/product: 0.050, categorical: 0.250, threshold: 1.000, hinge: 0.500
120 samples
Density: max memory 536870912, total allocated 524288000, free 343364696, used 180923304, increment 1570816
linearPredictor: max memory 536870912, total allocated 524288000, free 343283752, used 181004248, increment 80944
FeaturedSpace: max memory 536870912, total allocated 524288000, free 343283752, used 181004248, increment 0
Sequential: max memory 536870912, total allocated 524288000, free 343283752, used 181004248, increment 0
Initial loss: 9.221873607789856
180: time = 0.357000 loss = 8.938834
Res.gain: 0.2830399379660591
Jackknife: only soil-min
Making features
makeFeatures: max memory 536870912, total allocated 524288000, free 273326640, used 250961360, increment 69957112
aetina_tumida soil-min: 
Regularization values: linear/quadratic/product: 0.050, categorical: 0.250, threshold: 1.000, hinge: 0.500
120 samples
Density: max memory 536870912, total allocated 524288000, free 271758760, used 252529240, increment 1567880
linearPredictor: max memory 536870912, total allocated 524288000, free 271677816, used 252610184, increment 80944
FeaturedSpace: max memory 536870912, total allocated 524288000, free 271677816, used 252610184, increment 0
Sequential: max memory 536870912, total allocated 524288000, free 271677816, used 252610184, increment 0
Initial loss: 9.221873607789856
Time since start: 80.394
160: time = 0.307000 loss = 9.107052
Res.gain: 0.1148214998341448
Ending
